2018-12-12 19:13:00,063|INFO|4017|0
2018-12-12 19:13:00,063|INFO|4017|Saving schedule. (0)
2018-12-12 19:13:00,194|INFO|4017|Round 1: score -48050.00 (-31750). Elapsed time: 0.46 sec.
2018-12-12 19:13:00,693|INFO|4017|Round 2: score -39183.17 (-25872). Elapsed time: 0.96 sec.
2018-12-12 19:13:01,233|INFO|4017|Round 3: score -35634.74 (-23626). Elapsed time: 1.50 sec.
2018-12-12 19:13:01,801|INFO|4017|Round 4: score -33700.64 (-22386). Elapsed time: 2.07 sec.
2018-12-12 19:13:02,359|INFO|4017|Round 5: score -33700.64 (-22386). Elapsed time: 2.63 sec.
2018-12-12 19:13:02,924|INFO|4017|Round 6: score -33700.64 (-22386). Elapsed time: 3.19 sec.
2018-12-12 19:13:03,554|INFO|4017|Round 7: score -29281.57 (-19838). Elapsed time: 3.82 sec.
2018-12-12 19:13:04,132|INFO|4017|Round 8: score -28569.35 (-19622). Elapsed time: 4.40 sec.
2018-12-12 19:13:04,781|INFO|4017|Round 9: score -19375.92 (-12282). Elapsed time: 5.05 sec.
2018-12-12 19:13:05,453|INFO|4017|Round 10: score -19375.92 (-12282). Elapsed time: 5.72 sec.
2018-12-12 19:13:09,049|INFO|4017|Round 15: score -15446.40 (-9712). Elapsed time: 9.32 sec.
2018-12-12 19:13:09,795|INFO|4017|Saving schedule. (15)
2018-12-12 19:13:13,238|INFO|4017|Round 20: score -10798.13 (-5670). Elapsed time: 13.51 sec.
2018-12-12 19:13:17,168|INFO|4017|Round 25: score -7785.18 (-3470). Elapsed time: 17.44 sec.
2018-12-12 19:13:20,358|INFO|4017|Saving schedule. (28)
2018-12-12 19:13:21,623|INFO|4017|Round 30: score -4871.48 (-1214). Elapsed time: 21.89 sec.
2018-12-12 19:13:25,699|INFO|4017|Round 35: score -2815.18 (898). Elapsed time: 25.97 sec.
2018-12-12 19:13:29,794|INFO|4017|Saving schedule. (39)
2018-12-12 19:13:30,128|INFO|4017|Round 40: score 1144.70 (4984). Elapsed time: 30.40 sec.
2018-12-12 19:13:34,385|INFO|4017|Round 45: score 1448.70 (5258). Elapsed time: 34.65 sec.
2018-12-12 19:13:38,718|INFO|4017|Round 50: score 1870.58 (5534). Elapsed time: 38.99 sec.
2018-12-12 19:13:40,453|INFO|4017|Saving schedule. (51)
2018-12-12 19:13:43,316|INFO|4017|Round 55: score 2435.25 (6214). Elapsed time: 43.58 sec.
2018-12-12 19:13:47,717|INFO|4017|Round 60: score 2985.25 (6792). Elapsed time: 47.99 sec.
2018-12-12 19:13:50,356|INFO|4017|Saving schedule. (62)
2018-12-12 19:13:52,436|INFO|4017|Round 65: score 3360.33 (7162). Elapsed time: 52.70 sec.
2018-12-12 19:13:56,928|INFO|4017|Round 70: score 3519.48 (7266). Elapsed time: 57.20 sec.
2018-12-12 19:14:00,534|INFO|4017|Saving schedule. (73)
2018-12-12 19:14:01,793|INFO|4017|Round 75: score 3519.48 (7266). Elapsed time: 1 min, 2.06 sec.
2018-12-12 19:14:06,339|INFO|4017|Round 80: score 3519.48 (7266). Elapsed time: 1 min, 6.61 sec.
2018-12-12 19:14:09,835|INFO|4017|Saving schedule. (83)
2018-12-12 19:14:10,973|INFO|4017|Round 85: score 3769.36 (7498). Elapsed time: 1 min, 11.24 sec.
2018-12-12 19:14:15,415|INFO|4017|Round 90: score 4000.13 (7766). Elapsed time: 1 min, 15.68 sec.
2018-12-12 19:14:19,856|INFO|4017|Saving schedule. (94)
2018-12-12 19:14:20,215|INFO|4017|Round 95: score 4128.41 (7852). Elapsed time: 1 min, 20.48 sec.
2018-12-12 19:14:24,700|INFO|4017|Round 100: score 4604.10 (8380). Elapsed time: 1 min, 24.97 sec.
2018-12-12 19:14:29,228|INFO|4017|Round 105: score 4820.62 (8570). Elapsed time: 1 min, 29.50 sec.
2018-12-12 19:14:30,124|INFO|4017|Saving schedule. (105)
2018-12-12 19:14:33,934|INFO|4017|Round 110: score 4868.34 (8608). Elapsed time: 1 min, 34.20 sec.
2018-12-12 19:14:38,443|INFO|4017|Round 115: score 5072.21 (8746). Elapsed time: 1 min, 38.71 sec.
2018-12-12 19:14:40,272|INFO|4017|Saving schedule. (116)
2018-12-12 19:14:43,686|INFO|4017|Round 120: score 5305.20 (9006). Elapsed time: 1 min, 43.95 sec.
2018-12-12 19:14:48,349|INFO|4017|Round 125: score 5421.96 (9200). Elapsed time: 1 min, 48.62 sec.
2018-12-12 19:14:50,171|INFO|4017|Saving schedule. (126)
2018-12-12 19:14:53,267|INFO|4017|Round 130: score 5698.76 (9596). Elapsed time: 1 min, 53.54 sec.
2018-12-12 19:14:57,845|INFO|4017|Round 135: score 5698.76 (9596). Elapsed time: 1 min, 58.11 sec.
2018-12-12 19:15:00,637|INFO|4017|Saving schedule. (137)
2018-12-12 19:15:02,927|INFO|4017|Round 140: score 5746.41 (9608). Elapsed time: 2 min, 3.20 sec.
2018-12-12 19:15:07,606|INFO|4017|Round 145: score 5754.96 (9608). Elapsed time: 2 min, 7.87 sec.
2018-12-12 19:15:10,402|INFO|4017|Saving schedule. (147)
2018-12-12 19:15:12,809|INFO|4017|Round 150: score 5777.38 (9636). Elapsed time: 2 min, 13.08 sec.
2018-12-12 19:15:17,491|INFO|4017|Round 155: score 5848.02 (9712). Elapsed time: 2 min, 17.76 sec.
2018-12-12 19:15:20,365|INFO|4017|Saving schedule. (157)
2018-12-12 19:15:22,627|INFO|4017|Round 160: score 5874.18 (9740). Elapsed time: 2 min, 22.90 sec.
2018-12-12 19:15:27,331|INFO|4017|Round 165: score 5874.18 (9740). Elapsed time: 2 min, 27.60 sec.
2018-12-12 19:15:30,104|INFO|4017|Saving schedule. (167)
2018-12-12 19:15:32,334|INFO|4017|Round 170: score 5874.18 (9740). Elapsed time: 2 min, 32.60 sec.
2018-12-12 19:15:35,932|ERROR|4017|Traceback (most recent call last):
2018-12-12 19:15:35,932|ERROR|4017|File "/afs/csl.tjhsst.edu/students/2019/2019mcox/PycharmProjects/Scheduler/scheduler/back_end/run_schedule.py", line 67, in <module>
2018-12-12 19:15:35,932|ERROR|4017|main()
2018-12-12 19:15:35,932|ERROR|4017|File "/afs/csl.tjhsst.edu/students/2019/2019mcox/PycharmProjects/Scheduler/scheduler/back_end/run_schedule.py", line 63, in main
2018-12-12 19:15:35,932|ERROR|4017|run_scheduler(save=None)
2018-12-12 19:15:35,932|ERROR|4017|File "/afs/csl.tjhsst.edu/students/2019/2019mcox/PycharmProjects/Scheduler/scheduler/back_end/run_schedule.py", line 59, in run_scheduler
2018-12-12 19:15:35,932|ERROR|4017|solver.solve(verbose=0, print_every=5)
2018-12-12 19:15:35,932|ERROR|4017|File "/afs/csl.tjhsst.edu/students/2019/2019mcox/PycharmProjects/Scheduler/scheduler/back_end/genetic_algorithm.py", line 534, in solve
2018-12-12 19:15:35,933|ERROR|4017|new_organism.optimize_student(i,max_it=15)
2018-12-12 19:15:35,933|ERROR|4017|File "/afs/csl.tjhsst.edu/students/2019/2019mcox/PycharmProjects/Scheduler/scheduler/back_end/genetic_algorithm.py", line 408, in optimize_student
2018-12-12 19:15:35,933|ERROR|4017|new_score = self.score_student(student)[0]
2018-12-12 19:15:35,933|ERROR|4017|File "/afs/csl.tjhsst.edu/students/2019/2019mcox/PycharmProjects/Scheduler/scheduler/back_end/genetic_algorithm.py", line 311, in score_student
2018-12-12 19:15:35,933|ERROR|4017|base_score,addl_score=self.score_student_sections(student)
2018-12-12 19:15:35,933|ERROR|4017|File "/afs/csl.tjhsst.edu/students/2019/2019mcox/PycharmProjects/Scheduler/scheduler/back_end/genetic_algorithm.py", line 335, in score_student_sections
2018-12-12 19:15:35,933|ERROR|4017|addl_score += self.rare_class_bonus * len(self.course_sections[next(iter(j.courses))]) ** -2.5
2018-12-12 19:15:35,933|ERROR|4017|KeyboardInterrupt
