2018-12-21 17:47:23,512|INFO|10084|0
2018-12-21 17:47:23,513|INFO|10084|True
2018-12-21 17:47:23,513|INFO|10084|Saving schedule. (0)
2018-12-21 17:47:23,713|INFO|10084|Round 1: score -48050.00 (-31750). Elapsed time: 0.66 sec.
2018-12-21 17:47:24,255|INFO|10084|Round 2: score -48050.00 (-31750). Elapsed time: 1.20 sec.
2018-12-21 17:47:24,834|INFO|10084|Round 3: score -48050.00 (-31750). Elapsed time: 1.78 sec.
2018-12-21 17:47:25,396|INFO|10084|Round 4: score -48050.00 (-31750). Elapsed time: 2.34 sec.
2018-12-21 17:47:25,956|INFO|10084|Round 5: score -48050.00 (-31750). Elapsed time: 2.90 sec.
2018-12-21 17:47:26,518|INFO|10084|Round 6: score -48050.00 (-31750). Elapsed time: 3.46 sec.
2018-12-21 17:47:27,080|INFO|10084|Round 7: score -48050.00 (-31750). Elapsed time: 4.02 sec.
2018-12-21 17:47:27,648|INFO|10084|Round 8: score -48050.00 (-31750). Elapsed time: 4.59 sec.
2018-12-21 17:47:28,211|INFO|10084|Round 9: score -48050.00 (-31750). Elapsed time: 5.15 sec.
2018-12-21 17:47:28,740|INFO|10084|Round 10: score -48050.00 (-31750). Elapsed time: 5.68 sec.
2018-12-21 17:47:31,434|INFO|10084|Round 15: score -48050.00 (-31750). Elapsed time: 8.38 sec.
2018-12-21 17:47:33,594|INFO|10084|Saving schedule. (18)
2018-12-21 17:47:34,719|INFO|10084|Round 20: score -48050.00 (-31750). Elapsed time: 11.66 sec.
2018-12-21 17:47:37,484|INFO|10084|Round 25: score -48050.00 (-31750). Elapsed time: 14.43 sec.
2018-12-21 17:47:40,230|INFO|10084|Round 30: score -48050.00 (-31750). Elapsed time: 17.17 sec.
2018-12-21 17:47:43,000|INFO|10084|Round 35: score -48050.00 (-31750). Elapsed time: 19.94 sec.
2018-12-21 17:47:43,546|INFO|10084|Saving schedule. (35)
2018-12-21 17:47:46,120|INFO|10084|Round 40: score -48050.00 (-31750). Elapsed time: 23.06 sec.
2018-12-21 17:47:48,856|INFO|10084|Round 45: score -48050.00 (-31750). Elapsed time: 25.80 sec.
2018-12-21 17:47:51,604|INFO|10084|Round 50: score -48050.00 (-31750). Elapsed time: 28.55 sec.
2018-12-21 17:47:53,232|INFO|10084|Saving schedule. (52)
2018-12-21 17:47:55,766|INFO|10084|Round 55: score -48050.00 (-31750). Elapsed time: 32.71 sec.
2018-12-21 17:47:58,465|INFO|10084|Round 60: score -48050.00 (-31750). Elapsed time: 35.41 sec.
2018-12-21 17:48:01,143|INFO|10084|Round 65: score -48050.00 (-31750). Elapsed time: 38.09 sec.
2018-12-21 17:48:03,353|INFO|10084|Saving schedule. (68)
2018-12-21 17:48:07,065|INFO|10084|Round 70: score -48050.00 (-31750). Elapsed time: 44.01 sec.
2018-12-21 17:48:09,944|INFO|10084|Round 75: score -48050.00 (-31750). Elapsed time: 46.89 sec.
2018-12-21 17:48:12,650|INFO|10084|Round 80: score -48050.00 (-31750). Elapsed time: 49.59 sec.
2018-12-21 17:48:13,244|INFO|10084|Saving schedule. (80)
2018-12-21 17:48:17,056|INFO|10084|Round 85: score -48050.00 (-31750). Elapsed time: 54.00 sec.
2018-12-21 17:48:19,905|INFO|10084|Round 90: score -48050.00 (-31750). Elapsed time: 56.85 sec.
2018-12-21 17:48:22,616|INFO|10084|Round 95: score -48050.00 (-31750). Elapsed time: 59.56 sec.
2018-12-21 17:48:23,237|INFO|10084|Saving schedule. (95)
2018-12-21 17:48:26,367|INFO|10084|Round 100: score -48050.00 (-31750). Elapsed time: 1 min, 3.31 sec.
2018-12-21 17:48:29,070|INFO|10084|Round 105: score -48050.00 (-31750). Elapsed time: 1 min, 6.01 sec.
2018-12-21 17:48:32,461|INFO|10084|Round 110: score -48050.00 (-31750). Elapsed time: 1 min, 9.41 sec.
2018-12-21 17:48:33,209|INFO|10084|Saving schedule. (110)
2018-12-21 17:48:36,276|INFO|10084|Round 115: score -48050.00 (-31750). Elapsed time: 1 min, 13.22 sec.
2018-12-21 17:48:39,080|INFO|10084|Round 120: score -48050.00 (-31750). Elapsed time: 1 min, 16.02 sec.
2018-12-21 17:48:41,962|INFO|10084|Round 125: score -48050.00 (-31750). Elapsed time: 1 min, 18.91 sec.
2018-12-21 17:48:43,076|INFO|10084|Saving schedule. (126)
2018-12-21 17:48:45,103|INFO|10084|Round 130: score -48050.00 (-31750). Elapsed time: 1 min, 22.05 sec.
2018-12-21 17:48:47,906|INFO|10084|Round 135: score -48050.00 (-31750). Elapsed time: 1 min, 24.85 sec.
2018-12-21 17:48:50,695|INFO|10084|Round 140: score -48050.00 (-31750). Elapsed time: 1 min, 27.64 sec.
2018-12-21 17:48:53,511|INFO|10084|Saving schedule. (144)
2018-12-21 17:48:54,145|INFO|10084|Round 145: score -48050.00 (-31750). Elapsed time: 1 min, 31.09 sec.
2018-12-21 17:48:56,932|INFO|10084|Round 150: score -48050.00 (-31750). Elapsed time: 1 min, 33.88 sec.
2018-12-21 17:48:59,775|INFO|10084|Round 155: score -48050.00 (-31750). Elapsed time: 1 min, 36.72 sec.
2018-12-21 17:49:02,513|INFO|10084|Round 160: score -48050.00 (-31750). Elapsed time: 1 min, 39.46 sec.
2018-12-21 17:49:03,088|INFO|10084|Saving schedule. (160)
2018-12-21 17:49:06,546|INFO|10084|Round 165: score -48050.00 (-31750). Elapsed time: 1 min, 43.49 sec.
2018-12-21 17:49:09,304|INFO|10084|Round 170: score -48050.00 (-31750). Elapsed time: 1 min, 46.25 sec.
2018-12-21 17:49:12,027|INFO|10084|Round 175: score -48050.00 (-31750). Elapsed time: 1 min, 48.97 sec.
2018-12-21 17:49:13,113|INFO|10084|Saving schedule. (176)
2018-12-21 17:49:16,014|INFO|10084|Round 180: score -48050.00 (-31750). Elapsed time: 1 min, 52.96 sec.
2018-12-21 17:49:18,822|INFO|10084|Round 185: score -48050.00 (-31750). Elapsed time: 1 min, 55.77 sec.
2018-12-21 17:49:21,642|INFO|10084|Round 190: score -48050.00 (-31750). Elapsed time: 1 min, 58.59 sec.
2018-12-21 17:49:23,477|INFO|10084|Saving schedule. (192)
2018-12-21 17:49:25,243|INFO|10084|Round 195: score -48050.00 (-31750). Elapsed time: 2 min, 2.19 sec.
2018-12-21 17:49:26,408|ERROR|10084|Traceback (most recent call last):
2018-12-21 17:49:26,408|ERROR|10084|File "/afs/csl.tjhsst.edu/students/2019/2019mcox/PycharmProjects/Scheduler/scheduler/back_end/run_schedule.py", line 73, in <module>
2018-12-21 17:49:26,408|ERROR|10084|main()
2018-12-21 17:49:26,408|ERROR|10084|File "/afs/csl.tjhsst.edu/students/2019/2019mcox/PycharmProjects/Scheduler/scheduler/back_end/run_schedule.py", line 69, in main
2018-12-21 17:49:26,408|ERROR|10084|run_scheduler(save=None)
2018-12-21 17:49:26,408|ERROR|10084|File "/afs/csl.tjhsst.edu/students/2019/2019mcox/PycharmProjects/Scheduler/scheduler/back_end/run_schedule.py", line 65, in run_scheduler
2018-12-21 17:49:26,409|ERROR|10084|solver.solve(verbose=0, print_every=5)
2018-12-21 17:49:26,409|ERROR|10084|File "/afs/csl.tjhsst.edu/students/2019/2019mcox/PycharmProjects/Scheduler/scheduler/back_end/genetic_algorithm.py", line 501, in solve
2018-12-21 17:49:26,428|ERROR|10084|new_organism.optimize_student(i,max_it=15)
2018-12-21 17:49:26,428|ERROR|10084|File "/afs/csl.tjhsst.edu/students/2019/2019mcox/PycharmProjects/Scheduler/scheduler/back_end/genetic_algorithm.py", line 371, in optimize_student
2018-12-21 17:49:26,429|ERROR|10084|score,student_score=self.score_student(student)
2018-12-21 17:49:26,429|ERROR|10084|File "/afs/csl.tjhsst.edu/students/2019/2019mcox/PycharmProjects/Scheduler/scheduler/back_end/genetic_algorithm.py", line 318, in score_student
2018-12-21 17:49:26,429|ERROR|10084|return (base_score+addl_score,base_score)
2018-12-21 17:49:26,429|ERROR|10084|KeyboardInterrupt
