2019-03-15 18:02:29,953|INFO|27458|0
2019-03-15 18:02:30,056|INFO|27458|Saving schedule. (0)
2019-03-15 18:02:31,056|INFO|27458|Working 0
2019-03-15 18:02:31,133|INFO|27458|Working 1
2019-03-15 18:02:31,205|INFO|27458|Working 2
2019-03-15 18:02:31,322|INFO|27458|Working 3
2019-03-15 18:02:31,368|INFO|27458|Working 4
2019-03-15 18:02:31,458|INFO|27458|Working 5
2019-03-15 18:02:31,547|INFO|27458|Working 6
2019-03-15 18:02:31,717|INFO|27458|Working 7
2019-03-15 18:02:31,804|INFO|27458|Working 8
2019-03-15 18:02:31,905|INFO|27458|Working 9
2019-03-15 18:02:32,028|INFO|27458|Working 10
2019-03-15 18:02:32,030|INFO|27458|Working 11
2019-03-15 18:02:44,801|INFO|27458|St base: 44262.00, St addl: 2231.58, S conflict: 0.00, T conflict: 0.00, Per spread: -10320.00, Sec penalty: 0.00
2019-03-15 18:02:44,802|INFO|27458|44262
2019-03-15 18:02:44,802|INFO|27458|36173.577814735254
2019-03-15 18:02:44,954|INFO|27458|Done 3; score:
2019-03-15 18:02:44,954|INFO|27458|36173.577814735254
2019-03-15 18:02:45,140|INFO|27458|Working 12
2019-03-15 18:02:46,131|INFO|27458|St base: 44826.00, St addl: 2235.65, S conflict: 0.00, T conflict: 0.00, Per spread: -10520.00, Sec penalty: 0.00
2019-03-15 18:02:46,131|INFO|27458|44826
2019-03-15 18:02:46,131|INFO|27458|36541.65173605372
2019-03-15 18:02:46,207|INFO|27458|St base: 45050.00, St addl: 2237.48, S conflict: 0.00, T conflict: 0.00, Per spread: -10100.00, Sec penalty: 0.00
2019-03-15 18:02:46,207|INFO|27458|45050
2019-03-15 18:02:46,207|INFO|27458|37187.48427423952
2019-03-15 18:02:46,278|INFO|27458|Done 10; score:
2019-03-15 18:02:46,278|INFO|27458|36541.65173605372
2019-03-15 18:02:46,460|INFO|27458|Working 13
2019-03-15 18:02:46,518|INFO|27458|Done 0; score:
2019-03-15 18:02:46,519|INFO|27458|37187.48427423952
2019-03-15 18:02:46,542|INFO|27458|St base: 45284.00, St addl: 2269.50, S conflict: 0.00, T conflict: 0.00, Per spread: -10750.00, Sec penalty: 0.00
2019-03-15 18:02:46,542|INFO|27458|45284
2019-03-15 18:02:46,542|INFO|27458|36803.49630554952
2019-03-15 18:02:46,596|INFO|27458|St base: 44954.00, St addl: 2178.34, S conflict: 0.00, T conflict: 0.00, Per spread: -10290.00, Sec penalty: 0.00
2019-03-15 18:02:46,596|INFO|27458|44954
2019-03-15 18:02:46,596|INFO|27458|36842.3448474384
2019-03-15 18:02:46,664|INFO|27458|St base: 44726.00, St addl: 2214.33, S conflict: 0.00, T conflict: 0.00, Per spread: -10740.00, Sec penalty: 0.00
2019-03-15 18:02:46,664|INFO|27458|44726
2019-03-15 18:02:46,665|INFO|27458|36200.33491357832
2019-03-15 18:02:46,750|INFO|27458|Done 1; score:
2019-03-15 18:02:46,750|INFO|27458|36842.3448474384
2019-03-15 18:02:46,818|INFO|27458|Done 7; score:
2019-03-15 18:02:46,818|INFO|27458|36200.33491357832
2019-03-15 18:02:46,825|INFO|27458|Working 14
2019-03-15 18:02:46,865|INFO|27458|Done 6; score:
2019-03-15 18:02:46,866|INFO|27458|36803.49630554952
2019-03-15 18:02:46,933|INFO|27458|Working 15
2019-03-15 18:02:47,103|INFO|27458|Working 16
2019-03-15 18:02:47,195|INFO|27458|Working 17
2019-03-15 18:02:47,720|INFO|27458|St base: 45218.00, St addl: 2209.19, S conflict: 0.00, T conflict: 0.00, Per spread: -10660.00, Sec penalty: 0.00
2019-03-15 18:02:47,720|INFO|27458|45218
2019-03-15 18:02:47,720|INFO|27458|36767.19209700218
2019-03-15 18:02:47,770|INFO|27458|St base: 44486.00, St addl: 2235.69, S conflict: 0.00, T conflict: 0.00, Per spread: -10820.00, Sec penalty: 0.00
2019-03-15 18:02:47,771|INFO|27458|44486
2019-03-15 18:02:47,771|INFO|27458|35901.69253978021
2019-03-15 18:02:47,869|INFO|27458|Done 8; score:
2019-03-15 18:02:47,870|INFO|27458|36767.19209700218
2019-03-15 18:02:48,077|INFO|27458|Done 2; score:
2019-03-15 18:02:48,077|INFO|27458|35901.69253978021
2019-03-15 18:02:48,098|INFO|27458|Working 18
2019-03-15 18:02:48,286|INFO|27458|St base: 45218.00, St addl: 2192.41, S conflict: 0.00, T conflict: 0.00, Per spread: -10590.00, Sec penalty: 0.00
2019-03-15 18:02:48,286|INFO|27458|45218
2019-03-15 18:02:48,286|INFO|27458|36820.41436550973
2019-03-15 18:02:48,386|INFO|27458|Working 19
2019-03-15 18:02:48,411|INFO|27458|St base: 44854.00, St addl: 2239.71, S conflict: 0.00, T conflict: 0.00, Per spread: -10450.00, Sec penalty: 0.00
2019-03-15 18:02:48,412|INFO|27458|44854
2019-03-15 18:02:48,412|INFO|27458|36643.712312286705
2019-03-15 18:02:48,439|INFO|27458|Done 4; score:
2019-03-15 18:02:48,439|INFO|27458|36820.41436550973
2019-03-15 18:02:48,562|INFO|27458|Done 5; score:
2019-03-15 18:02:48,562|INFO|27458|36643.712312286705
2019-03-15 18:02:48,654|INFO|27458|Working 20
2019-03-15 18:02:48,779|INFO|27458|Working 21
2019-03-15 18:02:49,067|INFO|27458|St base: 44303.00, St addl: 2214.77, S conflict: 0.00, T conflict: 0.00, Per spread: -10670.00, Sec penalty: 0.00
2019-03-15 18:02:49,068|INFO|27458|44303
2019-03-15 18:02:49,068|INFO|27458|35847.7656629646
2019-03-15 18:02:49,257|INFO|27458|Done 9; score:
2019-03-15 18:02:49,257|INFO|27458|35847.7656629646
2019-03-15 18:02:49,442|INFO|27458|Working 22
2019-03-15 18:02:49,448|INFO|27458|St base: 44788.00, St addl: 2233.64, S conflict: 0.00, T conflict: 0.00, Per spread: -10390.00, Sec penalty: 0.00
2019-03-15 18:02:49,449|INFO|27458|44788
2019-03-15 18:02:49,449|INFO|27458|36631.64030154286
2019-03-15 18:02:49,638|INFO|27458|Done 11; score:
2019-03-15 18:02:49,639|INFO|27458|36631.64030154286
2019-03-15 18:02:49,835|INFO|27458|Working 23
2019-03-15 18:02:59,435|INFO|27458|St base: 44612.00, St addl: 2221.60, S conflict: 0.00, T conflict: 0.00, Per spread: -10940.00, Sec penalty: 0.00
2019-03-15 18:02:59,435|INFO|27458|44612
2019-03-15 18:02:59,435|INFO|27458|35893.60350969449
2019-03-15 18:02:59,575|INFO|27458|Done 12; score:
2019-03-15 18:02:59,575|INFO|27458|35893.60350969449
2019-03-15 18:02:59,752|INFO|27458|Working 24
2019-03-15 18:03:01,414|INFO|27458|St base: 44564.00, St addl: 2196.51, S conflict: 0.00, T conflict: 0.00, Per spread: -11030.00, Sec penalty: 0.00
2019-03-15 18:03:01,414|INFO|27458|44564
2019-03-15 18:03:01,414|INFO|27458|35730.50544466711
2019-03-15 18:03:01,466|INFO|27458|St base: 44890.00, St addl: 2264.24, S conflict: 0.00, T conflict: 0.00, Per spread: -10350.00, Sec penalty: 0.00
2019-03-15 18:03:01,467|INFO|27458|44890
2019-03-15 18:03:01,467|INFO|27458|36804.239456110976
2019-03-15 18:03:01,696|INFO|27458|Done 13; score:
2019-03-15 18:03:01,696|INFO|27458|36804.239456110976
2019-03-15 18:03:01,730|INFO|27458|Done 14; score:
2019-03-15 18:03:01,730|INFO|27458|35730.50544466711
2019-03-15 18:03:01,786|INFO|27458|St base: 45024.00, St addl: 2218.61, S conflict: 0.00, T conflict: 0.00, Per spread: -10360.00, Sec penalty: 0.00
2019-03-15 18:03:01,786|INFO|27458|45024
2019-03-15 18:03:01,786|INFO|27458|36882.60567954598
2019-03-15 18:03:01,927|INFO|27458|Working 25
2019-03-15 18:03:01,949|INFO|27458|Done 17; score:
2019-03-15 18:03:01,949|INFO|27458|36882.60567954598
2019-03-15 18:03:02,066|INFO|27458|Working 26
2019-03-15 18:03:02,176|INFO|27458|Working 27
2019-03-15 18:03:02,643|INFO|27458|St base: 44484.00, St addl: 2274.92, S conflict: 0.00, T conflict: 0.00, Per spread: -10850.00, Sec penalty: 0.00
2019-03-15 18:03:02,643|INFO|27458|44484
2019-03-15 18:03:02,643|INFO|27458|35908.918715371066
2019-03-15 18:03:02,790|INFO|27458|Done 15; score:
2019-03-15 18:03:02,790|INFO|27458|35908.918715371066
2019-03-15 18:03:02,964|INFO|27458|Working 28
2019-03-15 18:03:03,055|INFO|27458|St base: 45062.00, St addl: 2249.39, S conflict: 0.00, T conflict: 0.00, Per spread: -10690.00, Sec penalty: 0.00
2019-03-15 18:03:03,056|INFO|27458|45062
2019-03-15 18:03:03,056|INFO|27458|36621.38807156886
2019-03-15 18:03:03,241|INFO|27458|Done 16; score:
2019-03-15 18:03:03,241|INFO|27458|36621.38807156886
2019-03-15 18:03:03,373|INFO|27458|St base: 44804.00, St addl: 2206.75, S conflict: 0.00, T conflict: 0.00, Per spread: -10420.00, Sec penalty: 0.00
2019-03-15 18:03:03,374|INFO|27458|44804
2019-03-15 18:03:03,374|INFO|27458|36590.74921915131
2019-03-15 18:03:03,458|INFO|27458|Working 29
2019-03-15 18:03:03,687|INFO|27458|Done 20; score:
2019-03-15 18:03:03,687|INFO|27458|36590.74921915131
2019-03-15 18:03:04,016|INFO|27458|Working 30
2019-03-15 18:03:04,200|INFO|27458|St base: 44648.00, St addl: 2236.99, S conflict: 0.00, T conflict: 0.00, Per spread: -10720.00, Sec penalty: 0.00
2019-03-15 18:03:04,200|INFO|27458|44648
2019-03-15 18:03:04,200|INFO|27458|36164.98543017618
2019-03-15 18:03:04,312|INFO|27458|St base: 44702.00, St addl: 2213.76, S conflict: 0.00, T conflict: 0.00, Per spread: -10570.00, Sec penalty: 0.00
2019-03-15 18:03:04,312|INFO|27458|44702
2019-03-15 18:03:04,312|INFO|27458|36345.75628031591
2019-03-15 18:03:04,366|INFO|27458|Done 19; score:
2019-03-15 18:03:04,367|INFO|27458|36164.98543017618
2019-03-15 18:03:04,433|INFO|27458|St base: 44752.00, St addl: 2244.27, S conflict: 0.00, T conflict: 0.00, Per spread: -10900.00, Sec penalty: 0.00
2019-03-15 18:03:04,433|INFO|27458|44752
2019-03-15 18:03:04,433|INFO|27458|36096.2658307951
2019-03-15 18:03:04,465|INFO|27458|Done 23; score:
2019-03-15 18:03:04,465|INFO|27458|36345.75628031591
2019-03-15 18:03:04,557|INFO|27458|Working 31
2019-03-15 18:03:04,589|INFO|27458|Done 21; score:
2019-03-15 18:03:04,589|INFO|27458|36096.2658307951
2019-03-15 18:03:04,679|INFO|27458|Working 32
2019-03-15 18:03:04,700|INFO|27458|St base: 44480.00, St addl: 2236.49, S conflict: 0.00, T conflict: 0.00, Per spread: -10890.00, Sec penalty: 0.00
2019-03-15 18:03:04,700|INFO|27458|44480
2019-03-15 18:03:04,700|INFO|27458|35826.493166491215
2019-03-15 18:03:04,901|INFO|27458|Done 18; score:
2019-03-15 18:03:04,902|INFO|27458|35826.493166491215
2019-03-15 18:03:04,956|INFO|27458|Working 33
2019-03-15 18:03:05,192|INFO|27458|Working 34
2019-03-15 18:03:05,464|INFO|27458|St base: 44668.00, St addl: 2203.09, S conflict: 0.00, T conflict: 0.00, Per spread: -10440.00, Sec penalty: 0.00
2019-03-15 18:03:05,465|INFO|27458|44668
2019-03-15 18:03:05,465|INFO|27458|36431.088823997954
2019-03-15 18:03:05,615|INFO|27458|Done 22; score:
2019-03-15 18:03:05,616|INFO|27458|36431.088823997954
2019-03-15 18:03:05,805|INFO|27458|Working 35
2019-03-15 18:03:16,414|INFO|27458|St base: 45216.00, St addl: 2240.99, S conflict: 0.00, T conflict: 0.00, Per spread: -10540.00, Sec penalty: 0.00
2019-03-15 18:03:16,415|INFO|27458|45216
2019-03-15 18:03:16,415|INFO|27458|36916.98754981512
2019-03-15 18:03:16,563|INFO|27458|Done 24; score:
2019-03-15 18:03:16,563|INFO|27458|36916.98754981512
2019-03-15 18:03:17,644|INFO|27458|St base: 44622.00, St addl: 2204.14, S conflict: 0.00, T conflict: 0.00, Per spread: -10480.00, Sec penalty: 0.00
2019-03-15 18:03:17,644|INFO|27458|44622
2019-03-15 18:03:17,644|INFO|27458|36346.138409129075
2019-03-15 18:03:17,788|INFO|27458|Done 29; score:
2019-03-15 18:03:17,788|INFO|27458|36346.138409129075
2019-03-15 18:03:18,796|INFO|27458|St base: 44858.00, St addl: 2218.81, S conflict: 0.00, T conflict: 0.00, Per spread: -10120.00, Sec penalty: 0.00
2019-03-15 18:03:18,796|INFO|27458|44858
2019-03-15 18:03:18,796|INFO|27458|36956.81157961433
2019-03-15 18:03:18,882|INFO|27458|St base: 45014.00, St addl: 2232.55, S conflict: 0.00, T conflict: 0.00, Per spread: -10750.00, Sec penalty: 0.00
2019-03-15 18:03:18,882|INFO|27458|45014
2019-03-15 18:03:18,882|INFO|27458|36496.549947266336
2019-03-15 18:03:18,920|INFO|27458|St base: 45012.00, St addl: 2241.06, S conflict: 0.00, T conflict: 0.00, Per spread: -10680.00, Sec penalty: 0.00
2019-03-15 18:03:18,920|INFO|27458|45012
2019-03-15 18:03:18,920|INFO|27458|36573.05679959943
2019-03-15 18:03:18,949|INFO|27458|Done 28; score:
2019-03-15 18:03:18,949|INFO|27458|36956.81157961433
2019-03-15 18:03:19,076|INFO|27458|Done 26; score:
2019-03-15 18:03:19,076|INFO|27458|36573.05679959943
2019-03-15 18:03:19,087|INFO|27458|Done 25; score:
2019-03-15 18:03:19,087|INFO|27458|36496.549947266336
2019-03-15 18:03:19,594|INFO|27458|St base: 44802.00, St addl: 2186.98, S conflict: 0.00, T conflict: 0.00, Per spread: -11010.00, Sec penalty: 0.00
2019-03-15 18:03:19,594|INFO|27458|44802
2019-03-15 18:03:19,594|INFO|27458|35978.98324879778
2019-03-15 18:03:19,743|INFO|27458|Done 27; score:
2019-03-15 18:03:19,743|INFO|27458|35978.98324879778
2019-03-15 18:03:19,789|INFO|27458|St base: 44258.00, St addl: 2257.27, S conflict: 0.00, T conflict: 0.00, Per spread: -10980.00, Sec penalty: 0.00
2019-03-15 18:03:19,789|INFO|27458|44258
2019-03-15 18:03:19,789|INFO|27458|35535.26677280666
2019-03-15 18:03:19,933|INFO|27458|Done 30; score:
2019-03-15 18:03:19,933|INFO|27458|35535.26677280666
2019-03-15 18:03:20,122|INFO|27458|St base: 44991.00, St addl: 2252.59, S conflict: 0.00, T conflict: 0.00, Per spread: -10690.00, Sec penalty: 0.00
2019-03-15 18:03:20,122|INFO|27458|44991
2019-03-15 18:03:20,122|INFO|27458|36553.59073634466
2019-03-15 18:03:20,166|INFO|27458|St base: 45376.00, St addl: 2264.12, S conflict: 0.00, T conflict: 0.00, Per spread: -10820.00, Sec penalty: 0.00
2019-03-15 18:03:20,166|INFO|27458|45376
2019-03-15 18:03:20,166|INFO|27458|36820.12481772133
2019-03-15 18:03:20,269|INFO|27458|Done 31; score:
2019-03-15 18:03:20,269|INFO|27458|36553.59073634466
2019-03-15 18:03:20,309|INFO|27458|St base: 44492.00, St addl: 2247.14, S conflict: 0.00, T conflict: 0.00, Per spread: -10610.00, Sec penalty: 0.00
2019-03-15 18:03:20,309|INFO|27458|44492
2019-03-15 18:03:20,309|INFO|27458|36129.135649547075
2019-03-15 18:03:20,316|INFO|27458|Done 34; score:
2019-03-15 18:03:20,317|INFO|27458|36820.12481772133
2019-03-15 18:03:20,453|INFO|27458|Done 32; score:
2019-03-15 18:03:20,453|INFO|27458|36129.135649547075
2019-03-15 18:03:20,752|INFO|27458|St base: 44850.00, St addl: 2199.25, S conflict: 0.00, T conflict: 0.00, Per spread: -10480.00, Sec penalty: 0.00
2019-03-15 18:03:20,752|INFO|27458|44850
2019-03-15 18:03:20,753|INFO|27458|36569.25318535092
2019-03-15 18:03:20,788|INFO|27458|St base: 44838.00, St addl: 2217.40, S conflict: 0.00, T conflict: 0.00, Per spread: -10840.00, Sec penalty: 0.00
2019-03-15 18:03:20,788|INFO|27458|44838
2019-03-15 18:03:20,788|INFO|27458|36215.402820472475
2019-03-15 18:03:20,887|INFO|27458|Done 33; score:
2019-03-15 18:03:20,887|INFO|27458|36569.25318535092
2019-03-15 18:03:20,924|INFO|27458|Done 35; score:
2019-03-15 18:03:20,924|INFO|27458|36215.402820472475
2019-03-15 18:03:31,073|INFO|27458|Round 1: score 37187.48 (45050.00). Elapsed time: 1 min, 1.86 sec.
2019-03-15 18:03:31,505|INFO|27458|Working 0
2019-03-15 18:03:31,986|INFO|27458|Working 1
2019-03-15 18:03:32,059|INFO|27458|Working 2
2019-03-15 18:03:32,130|INFO|27458|Working 3
2019-03-15 18:03:32,252|INFO|27458|Working 4
2019-03-15 18:03:32,304|INFO|27458|Working 5
2019-03-15 18:03:32,368|INFO|27458|Working 6
2019-03-15 18:03:32,461|INFO|27458|Working 7
2019-03-15 18:03:32,660|INFO|27458|Working 8
2019-03-15 18:03:32,713|INFO|27458|Working 10
2019-03-15 18:03:32,824|INFO|27458|Working 9
2019-03-15 18:03:32,954|INFO|27458|Working 11
2019-03-15 18:03:46,707|INFO|27458|St base: 45108.00, St addl: 2225.16, S conflict: 0.00, T conflict: 0.00, Per spread: -10100.00, Sec penalty: 0.00
2019-03-15 18:03:46,708|INFO|27458|45108
2019-03-15 18:03:46,708|INFO|27458|37233.160153880526
2019-03-15 18:03:46,799|INFO|27458|St base: 45116.00, St addl: 2237.57, S conflict: 0.00, T conflict: 0.00, Per spread: -10100.00, Sec penalty: 0.00
2019-03-15 18:03:46,799|INFO|27458|45116
2019-03-15 18:03:46,799|INFO|27458|37253.57333858132
2019-03-15 18:03:46,867|INFO|27458|Done 10; score:
2019-03-15 18:03:46,867|INFO|27458|37233.160153880526
2019-03-15 18:03:46,915|INFO|27458|St base: 45134.00, St addl: 2218.90, S conflict: 0.00, T conflict: 0.00, Per spread: -10100.00, Sec penalty: 0.00
2019-03-15 18:03:46,915|INFO|27458|45134
2019-03-15 18:03:46,915|INFO|27458|37252.89758993009
2019-03-15 18:03:46,955|INFO|27458|Done 1; score:
2019-03-15 18:03:46,955|INFO|27458|37253.57333858132
2019-03-15 18:03:47,055|INFO|27458|Done 9; score:
2019-03-15 18:03:47,055|INFO|27458|37252.89758993009
2019-03-15 18:03:47,182|INFO|27458|St base: 45106.00, St addl: 2216.20, S conflict: 0.00, T conflict: 0.00, Per spread: -10100.00, Sec penalty: 0.00
2019-03-15 18:03:47,183|INFO|27458|45106
2019-03-15 18:03:47,183|INFO|27458|37222.20171341416
2019-03-15 18:03:47,241|INFO|27458|St base: 45092.00, St addl: 2218.12, S conflict: 0.00, T conflict: 0.00, Per spread: -10100.00, Sec penalty: 0.00
2019-03-15 18:03:47,241|INFO|27458|45092
2019-03-15 18:03:47,242|INFO|27458|37210.120673182144
2019-03-15 18:03:47,378|INFO|27458|Done 2; score:
2019-03-15 18:03:47,379|INFO|27458|37222.20171341416
2019-03-15 18:03:47,390|INFO|27458|Done 6; score:
2019-03-15 18:03:47,391|INFO|27458|37210.120673182144
2019-03-15 18:03:48,081|INFO|27458|St base: 45088.00, St addl: 2217.72, S conflict: 0.00, T conflict: 0.00, Per spread: -10100.00, Sec penalty: 0.00
2019-03-15 18:03:48,081|INFO|27458|45088
2019-03-15 18:03:48,081|INFO|27458|37205.72003972468
2019-03-15 18:03:48,249|INFO|27458|Done 0; score:
2019-03-15 18:03:48,249|INFO|27458|37205.72003972468
2019-03-15 18:03:48,264|INFO|27458|St base: 45036.00, St addl: 2228.10, S conflict: 0.00, T conflict: 0.00, Per spread: -10100.00, Sec penalty: 0.00
2019-03-15 18:03:48,264|INFO|27458|45036
2019-03-15 18:03:48,264|INFO|27458|37164.101448831934
2019-03-15 18:03:48,445|INFO|27458|Done 4; score:
2019-03-15 18:03:48,445|INFO|27458|37164.101448831934
2019-03-15 18:03:48,556|INFO|27458|St base: 45124.00, St addl: 2214.37, S conflict: 0.00, T conflict: 0.00, Per spread: -10100.00, Sec penalty: 0.00
2019-03-15 18:03:48,556|INFO|27458|45124
2019-03-15 18:03:48,556|INFO|27458|37238.37001745798
2019-03-15 18:03:48,622|INFO|27458|St base: 45152.00, St addl: 2224.95, S conflict: 0.00, T conflict: 0.00, Per spread: -10100.00, Sec penalty: 0.00
2019-03-15 18:03:48,623|INFO|27458|45152
2019-03-15 18:03:48,623|INFO|27458|37276.9494942938
2019-03-15 18:03:48,710|INFO|27458|Done 8; score:
2019-03-15 18:03:48,710|INFO|27458|37238.37001745798
2019-03-15 18:03:48,761|INFO|27458|St base: 45040.00, St addl: 2238.57, S conflict: 0.00, T conflict: 0.00, Per spread: -10100.00, Sec penalty: 0.00
2019-03-15 18:03:48,762|INFO|27458|45040
2019-03-15 18:03:48,762|INFO|27458|37178.56660493093
2019-03-15 18:03:48,777|INFO|27458|Done 7; score:
2019-03-15 18:03:48,777|INFO|27458|37276.9494942938
2019-03-15 18:03:48,941|INFO|27458|Done 3; score:
2019-03-15 18:03:48,941|INFO|27458|37178.56660493093
2019-03-15 18:03:50,080|INFO|27458|St base: 45080.00, St addl: 2224.56, S conflict: 0.00, T conflict: 0.00, Per spread: -10100.00, Sec penalty: 0.00
2019-03-15 18:03:50,080|INFO|27458|45080
2019-03-15 18:03:50,081|INFO|27458|37204.56209616562
2019-03-15 18:03:50,096|INFO|27458|St base: 45118.00, St addl: 2228.86, S conflict: 0.00, T conflict: 0.00, Per spread: -10100.00, Sec penalty: 0.00
2019-03-15 18:03:50,096|INFO|27458|45118
2019-03-15 18:03:50,096|INFO|27458|37246.86069989301
2019-03-15 18:03:50,222|INFO|27458|Done 11; score:
2019-03-15 18:03:50,222|INFO|27458|37204.56209616562
2019-03-15 18:03:50,236|INFO|27458|Done 5; score:
2019-03-15 18:03:50,236|INFO|27458|37246.86069989301
2019-03-15 18:03:53,500|INFO|27458|New:
2019-03-15 18:03:53,574|INFO|27458|St base: 45152.00, St addl: 2224.95, S conflict: 0.00, T conflict: 0.00, Per spread: -10100.00, Sec penalty: 0.00
2019-03-15 18:03:53,575|INFO|27458|45152
2019-03-15 18:03:53,575|INFO|27458|37276.94949429381
2019-03-15 18:03:53,575|INFO|27458|Old:
2019-03-15 18:03:53,648|INFO|27458|St base: 45050.00, St addl: 2237.48, S conflict: 0.00, T conflict: 0.00, Per spread: -10100.00, Sec penalty: 0.00
2019-03-15 18:03:53,649|INFO|27458|45050
2019-03-15 18:03:53,649|INFO|27458|37187.48427423953
2019-03-15 18:03:53,730|INFO|27458|Saving schedule. (1)
2019-03-15 18:03:54,241|INFO|27458|Round 2: score 45466.10 (45152.00). Elapsed time: 1 min, 25.03 sec.
2019-03-15 18:03:54,334|INFO|27458|Section 447004-04: Kauffman 447004 AP Chemistry P7 YR
2019-03-15 18:03:54,334|INFO|27458|3
2019-03-15 18:03:54,335|INFO|27458|Section 4520T9-02: Dell 4520T9 Relativity, Electrodynamics, and Quantum Mechanics P1 YR
2019-03-15 18:03:54,335|INFO|27458|2
2019-03-15 18:03:54,335|INFO|27458|Section 313754-06: Scott 313754 TJHSST Math 4 P4 S1
2019-03-15 18:03:54,335|INFO|27458|5
2019-03-15 18:03:54,336|INFO|27458|Section 552000-02: Pou 552000 Spanish 2 P4 YR
2019-03-15 18:03:54,336|INFO|27458|7
2019-03-15 18:03:54,336|INFO|27458|Section 3190T1-01: Lightner 3190T1 TJHSST Research & Statistics 1 P6 S1
2019-03-15 18:03:54,336|INFO|27458|1
2019-03-15 18:03:54,716|INFO|27458|Working 0
2019-03-15 18:03:54,992|INFO|27458|Working 1
2019-03-15 18:03:55,063|INFO|27458|Working 2
2019-03-15 18:03:55,105|INFO|27458|Working 3
2019-03-15 18:03:55,253|INFO|27458|Working 4
2019-03-15 18:03:55,326|INFO|27458|Working 5
2019-03-15 18:03:55,491|INFO|27458|Working 6
2019-03-15 18:03:55,503|INFO|27458|Working 7
2019-03-15 18:03:55,660|INFO|27458|Working 8
2019-03-15 18:03:55,706|INFO|27458|Working 9
2019-03-15 18:03:55,820|INFO|27458|Working 10
2019-03-15 18:03:55,914|INFO|27458|Working 11
2019-03-15 18:03:57,803|INFO|27458|St base: 44967.00, St addl: 402.42, S conflict: -153.00, T conflict: 0.00, Per spread: -93.91, Sec penalty: 0.00
2019-03-15 18:03:57,803|INFO|27458|44967
2019-03-15 18:03:57,803|INFO|27458|45275.504529607315
2019-03-15 18:03:57,951|INFO|27458|Done 0; score:
2019-03-15 18:03:57,951|INFO|27458|45275.504529607315
2019-03-15 18:03:57,985|INFO|27458|St base: 44983.00, St addl: 401.46, S conflict: -141.00, T conflict: 0.00, Per spread: -93.91, Sec penalty: 0.00
2019-03-15 18:03:57,985|INFO|27458|44983
2019-03-15 18:03:57,985|INFO|27458|45290.55128564063
2019-03-15 18:03:58,064|INFO|27458|St base: 44904.00, St addl: 400.60, S conflict: -138.00, T conflict: 0.00, Per spread: -93.91, Sec penalty: 0.00
2019-03-15 18:03:58,064|INFO|27458|44904
2019-03-15 18:03:58,064|INFO|27458|45210.69141164949
2019-03-15 18:03:58,147|INFO|27458|St base: 45024.00, St addl: 401.64, S conflict: -168.00, T conflict: 0.00, Per spread: -93.91, Sec penalty: 0.00
2019-03-15 18:03:58,147|INFO|27458|45024
2019-03-15 18:03:58,147|INFO|27458|45331.73124499614
2019-03-15 18:03:58,152|INFO|27458|Done 1; score:
2019-03-15 18:03:58,152|INFO|27458|45290.55128564063
2019-03-15 18:03:58,287|INFO|27458|Done 2; score:
2019-03-15 18:03:58,287|INFO|27458|45210.69141164949
2019-03-15 18:03:58,307|INFO|27458|Done 3; score:
2019-03-15 18:03:58,307|INFO|27458|45331.73124499614
2019-03-15 18:03:58,309|INFO|27458|St base: 44990.00, St addl: 404.21, S conflict: -126.00, T conflict: 0.00, Per spread: -93.91, Sec penalty: 0.00
2019-03-15 18:03:58,309|INFO|27458|44990
2019-03-15 18:03:58,310|INFO|27458|45300.30273954543
2019-03-15 18:03:58,516|INFO|27458|Done 4; score:
2019-03-15 18:03:58,516|INFO|27458|45300.30273954543
2019-03-15 18:03:58,597|INFO|27458|St base: 44917.00, St addl: 402.44, S conflict: -141.00, T conflict: 0.00, Per spread: -93.91, Sec penalty: 0.00
2019-03-15 18:03:58,597|INFO|27458|44917
2019-03-15 18:03:58,597|INFO|27458|45225.53109611422
2019-03-15 18:03:58,635|INFO|27458|St base: 44927.00, St addl: 401.03, S conflict: -135.00, T conflict: 0.00, Per spread: -93.91, Sec penalty: 0.00
2019-03-15 18:03:58,635|INFO|27458|44927
2019-03-15 18:03:58,635|INFO|27458|45234.12060522313
2019-03-15 18:03:58,738|INFO|27458|St base: 44987.00, St addl: 400.00, S conflict: -135.00, T conflict: 0.00, Per spread: -93.91, Sec penalty: 0.00
2019-03-15 18:03:58,738|INFO|27458|44987
2019-03-15 18:03:58,738|INFO|27458|45293.08642476708
2019-03-15 18:03:58,765|INFO|27458|St base: 44958.00, St addl: 404.02, S conflict: -144.00, T conflict: 0.00, Per spread: -93.91, Sec penalty: 0.00
2019-03-15 18:03:58,765|INFO|27458|44958
2019-03-15 18:03:58,765|INFO|27458|45268.103227918575
2019-03-15 18:03:58,781|INFO|27458|Done 7; score:
2019-03-15 18:03:58,781|INFO|27458|45225.53109611422
2019-03-15 18:03:58,785|INFO|27458|Done 8; score:
2019-03-15 18:03:58,785|INFO|27458|45234.12060522313
2019-03-15 18:03:58,845|INFO|27458|St base: 44916.00, St addl: 402.55, S conflict: -126.00, T conflict: 0.00, Per spread: -93.91, Sec penalty: 0.00
2019-03-15 18:03:58,845|INFO|27458|44916
2019-03-15 18:03:58,845|INFO|27458|45224.642884945104
2019-03-15 18:03:58,888|INFO|27458|Done 10; score:
2019-03-15 18:03:58,888|INFO|27458|45293.08642476708
2019-03-15 18:03:58,916|INFO|27458|Done 5; score:
2019-03-15 18:03:58,917|INFO|27458|45268.103227918575
2019-03-15 18:03:58,994|INFO|27458|Done 11; score:
2019-03-15 18:03:58,994|INFO|27458|45224.642884945104
2019-03-15 18:03:59,011|INFO|27458|St base: 44937.00, St addl: 399.51, S conflict: -159.00, T conflict: 0.00, Per spread: -93.91, Sec penalty: 0.00
2019-03-15 18:03:59,011|INFO|27458|44937
2019-03-15 18:03:59,011|INFO|27458|45242.59490336412
2019-03-15 18:03:59,108|INFO|27458|St base: 44973.00, St addl: 401.64, S conflict: -135.00, T conflict: 0.00, Per spread: -93.91, Sec penalty: 0.00
2019-03-15 18:03:59,108|INFO|27458|44973
2019-03-15 18:03:59,108|INFO|27458|45280.73102513591
2019-03-15 18:03:59,160|INFO|27458|Done 9; score:
2019-03-15 18:03:59,160|INFO|27458|45242.59490336412
2019-03-15 18:03:59,274|INFO|27458|Done 6; score:
2019-03-15 18:03:59,275|INFO|27458|45280.73102513591
2019-03-15 18:04:02,277|INFO|27458|New:
2019-03-15 18:04:02,350|INFO|27458|St base: 45033.00, St addl: 401.64, S conflict: -159.00, T conflict: 0.00, Per spread: -93.91, Sec penalty: 0.00
2019-03-15 18:04:02,351|INFO|27458|45033
2019-03-15 18:04:02,351|INFO|27458|45340.73124499614
2019-03-15 18:04:02,351|INFO|27458|Old:
2019-03-15 18:04:02,423|INFO|27458|St base: 45152.00, St addl: 407.64, S conflict: 0.00, T conflict: 0.00, Per spread: -93.54, Sec penalty: 0.00
2019-03-15 18:04:02,423|INFO|27458|45152
2019-03-15 18:04:02,424|INFO|27458|45466.096230151816
2019-03-15 18:04:02,504|INFO|27458|Saving schedule. (2)
2019-03-15 18:04:03,026|INFO|27458|Round 3: score 45466.10 (45152.00). Elapsed time: 1 min, 33.81 sec.
2019-03-15 18:04:03,287|INFO|27458|Section 923415-01: Foreman 923415 Symphonic Wind Ensemble Band (Advanced/Artist Level) P3 YR
2019-03-15 18:04:03,287|INFO|27458|2
2019-03-15 18:04:03,287|INFO|27458|Section 231905-17: Sheptyck 231905 AP US History P3 YR
2019-03-15 18:04:03,288|INFO|27458|1
2019-03-15 18:04:03,288|INFO|27458|Section 231905-09: Field 231905 AP US History P6 YR
2019-03-15 18:04:03,288|INFO|27458|7
2019-03-15 18:04:03,288|INFO|27458|Section 231905-07: Schgallis 231905 AP US History P3 YR
2019-03-15 18:04:03,288|INFO|27458|1
2019-03-15 18:04:03,289|INFO|27458|Section 1150T1-04: Glover 1150T1 English 11 (teamed with AP US History) P7 YR
2019-03-15 18:04:03,289|INFO|27458|5
2019-03-15 18:04:03,289|INFO|27458|Section 119504-03: Kochman 119504 AP English Literature and Composition P6 YR
2019-03-15 18:04:03,289|INFO|27458|2
2019-03-15 18:04:03,289|INFO|27458|Section 3190T1-06: Jurj 3190T1 TJHSST Research & Statistics 1 P4 S1
2019-03-15 18:04:03,290|INFO|27458|1
2019-03-15 18:04:03,290|INFO|27458|Section 317860-03: Osborne 317860 Multivariable Calculus P6 S1
2019-03-15 18:04:03,290|INFO|27458|5
2019-03-15 18:04:03,290|INFO|27458|Section 313754-19: Auerbach 313754 TJHSST Math 4 P4 S2
2019-03-15 18:04:03,290|INFO|27458|2
2019-03-15 18:04:03,661|INFO|27458|Working 0
2019-03-15 18:04:03,729|INFO|27458|Working 1
2019-03-15 18:04:03,837|INFO|27458|Working 2
2019-03-15 18:04:03,933|INFO|27458|Working 3
2019-03-15 18:04:04,003|INFO|27458|Working 4
2019-03-15 18:04:04,109|INFO|27458|Working 5
2019-03-15 18:04:04,158|INFO|27458|Working 6
2019-03-15 18:04:04,275|INFO|27458|Working 7
2019-03-15 18:04:04,385|INFO|27458|Working 8
2019-03-15 18:04:04,485|INFO|27458|Working 9
2019-03-15 18:04:04,534|INFO|27458|Working 10
2019-03-15 18:04:04,822|INFO|27458|Working 11
2019-03-15 18:04:06,775|INFO|27458|St base: 44628.00, St addl: 398.29, S conflict: -420.00, T conflict: 0.00, Per spread: -94.65, Sec penalty: 0.00
2019-03-15 18:04:06,775|INFO|27458|44628
2019-03-15 18:04:06,775|INFO|27458|44931.63885653918
2019-03-15 18:04:06,804|INFO|27458|St base: 44593.00, St addl: 401.26, S conflict: -441.00, T conflict: 0.00, Per spread: -94.65, Sec penalty: 0.00
2019-03-15 18:04:06,804|INFO|27458|44593
2019-03-15 18:04:06,804|INFO|27458|44899.60253153257
2019-03-15 18:04:06,934|INFO|27458|Done 0; score:
2019-03-15 18:04:06,934|INFO|27458|44931.63885653918
2019-03-15 18:04:06,961|INFO|27458|Done 1; score:
2019-03-15 18:04:06,962|INFO|27458|44899.60253153257
2019-03-15 18:04:06,987|INFO|27458|St base: 44691.00, St addl: 400.29, S conflict: -387.00, T conflict: 0.00, Per spread: -94.65, Sec penalty: 0.00
2019-03-15 18:04:06,988|INFO|27458|44691
2019-03-15 18:04:06,988|INFO|27458|44996.63486586758
2019-03-15 18:04:06,999|INFO|27458|St base: 44597.00, St addl: 400.07, S conflict: -429.00, T conflict: 0.00, Per spread: -94.65, Sec penalty: 0.00
2019-03-15 18:04:06,999|INFO|27458|44597
2019-03-15 18:04:06,999|INFO|27458|44902.41637207337
2019-03-15 18:04:07,071|INFO|27458|St base: 44592.00, St addl: 399.24, S conflict: -426.00, T conflict: 0.00, Per spread: -94.65, Sec penalty: 0.00
2019-03-15 18:04:07,071|INFO|27458|44592
2019-03-15 18:04:07,071|INFO|27458|44896.583945759616
2019-03-15 18:04:07,088|INFO|27458|St base: 44658.00, St addl: 397.88, S conflict: -414.00, T conflict: 0.00, Per spread: -94.65, Sec penalty: 0.00
2019-03-15 18:04:07,088|INFO|27458|44658
2019-03-15 18:04:07,089|INFO|27458|44961.22352930205
2019-03-15 18:04:07,144|INFO|27458|Done 4; score:
2019-03-15 18:04:07,144|INFO|27458|44996.63486586758
2019-03-15 18:04:07,167|INFO|27458|Done 3; score:
2019-03-15 18:04:07,167|INFO|27458|44902.41637207337
2019-03-15 18:04:07,213|INFO|27458|St base: 44656.00, St addl: 401.54, S conflict: -390.00, T conflict: 0.00, Per spread: -94.65, Sec penalty: 0.00
2019-03-15 18:04:07,213|INFO|27458|44656
2019-03-15 18:04:07,214|INFO|27458|44962.886026716
2019-03-15 18:04:07,229|INFO|27458|Done 2; score:
2019-03-15 18:04:07,229|INFO|27458|44896.583945759616
2019-03-15 18:04:07,240|INFO|27458|Done 6; score:
2019-03-15 18:04:07,240|INFO|27458|44961.22352930205
2019-03-15 18:04:07,342|INFO|27458|St base: 44573.00, St addl: 401.12, S conflict: -411.00, T conflict: 0.00, Per spread: -94.65, Sec penalty: 0.00
2019-03-15 18:04:07,343|INFO|27458|44573
2019-03-15 18:04:07,343|INFO|27458|44879.47153720816
2019-03-15 18:04:07,373|INFO|27458|Done 5; score:
2019-03-15 18:04:07,373|INFO|27458|44962.886026716
2019-03-15 18:04:07,423|INFO|27458|St base: 44614.00, St addl: 399.62, S conflict: -444.00, T conflict: 0.00, Per spread: -94.65, Sec penalty: 0.00
2019-03-15 18:04:07,423|INFO|27458|44614
2019-03-15 18:04:07,424|INFO|27458|44918.96235382431
2019-03-15 18:04:07,441|INFO|27458|St base: 44579.00, St addl: 398.98, S conflict: -411.00, T conflict: 0.00, Per spread: -94.65, Sec penalty: 0.00
2019-03-15 18:04:07,441|INFO|27458|44579
2019-03-15 18:04:07,441|INFO|27458|44883.33215784462
2019-03-15 18:04:07,487|INFO|27458|St base: 44637.00, St addl: 401.59, S conflict: -381.00, T conflict: 0.00, Per spread: -94.65, Sec penalty: 0.00
2019-03-15 18:04:07,487|INFO|27458|44637
2019-03-15 18:04:07,488|INFO|27458|44943.941585798326
2019-03-15 18:04:07,493|INFO|27458|Done 7; score:
2019-03-15 18:04:07,493|INFO|27458|44879.47153720816
2019-03-15 18:04:07,579|INFO|27458|Done 9; score:
2019-03-15 18:04:07,579|INFO|27458|44918.96235382431
2019-03-15 18:04:07,591|INFO|27458|Done 10; score:
2019-03-15 18:04:07,592|INFO|27458|44883.33215784462
2019-03-15 18:04:07,643|INFO|27458|Done 8; score:
2019-03-15 18:04:07,643|INFO|27458|44943.941585798326
2019-03-15 18:04:07,819|INFO|27458|St base: 44708.00, St addl: 397.96, S conflict: -384.00, T conflict: 0.00, Per spread: -94.65, Sec penalty: 0.00
2019-03-15 18:04:07,820|INFO|27458|44708
2019-03-15 18:04:07,820|INFO|27458|45011.30357445967
2019-03-15 18:04:07,963|INFO|27458|Done 11; score:
2019-03-15 18:04:07,963|INFO|27458|45011.30357445967
2019-03-15 18:04:10,910|INFO|27458|New:
2019-03-15 18:04:10,982|INFO|27458|St base: 44705.00, St addl: 397.96, S conflict: -387.00, T conflict: 0.00, Per spread: -94.65, Sec penalty: 0.00
2019-03-15 18:04:10,982|INFO|27458|44705
2019-03-15 18:04:10,982|INFO|27458|45008.30357445967
2019-03-15 18:04:10,982|INFO|27458|Old:
2019-03-15 18:04:11,055|INFO|27458|St base: 45152.00, St addl: 407.64, S conflict: 0.00, T conflict: 0.00, Per spread: -93.54, Sec penalty: 0.00
2019-03-15 18:04:11,055|INFO|27458|45152
2019-03-15 18:04:11,056|INFO|27458|45466.096230151816
2019-03-15 18:04:11,141|INFO|27458|Saving schedule. (3)
2019-03-15 18:04:11,867|INFO|27458|Round 4: score 45466.10 (45152.00). Elapsed time: 1 min, 42.66 sec.
2019-03-15 18:04:11,962|INFO|27458|Section 1150T1-15: Miller 1150T1 English 11 (teamed with AP US History) P4 YR
2019-03-15 18:04:11,963|INFO|27458|3
2019-03-15 18:04:11,963|INFO|27458|Section 9826T9-02: Dela Cuesta 9826T9 Automation and Robotics Research P4 YR
2019-03-15 18:04:11,963|INFO|27458|7
2019-03-15 18:04:11,963|INFO|27458|Section 318561-03: Billington 318561 AP Computer Science A plus Data Structures P7 YR
2019-03-15 18:04:11,963|INFO|27458|4
2019-03-15 18:04:11,964|INFO|27458|Section 231905-14: Bourjaily 231905 AP US History P1 YR
2019-03-15 18:04:11,964|INFO|27458|4
2019-03-15 18:04:11,964|INFO|27458|Section 585000-01: Xu 585000 Chinese 5 P1 YR
2019-03-15 18:04:11,964|INFO|27458|2
2019-03-15 18:04:12,521|INFO|27458|Working 0
2019-03-15 18:04:12,614|INFO|27458|Working 1
2019-03-15 18:04:12,671|INFO|27458|Working 2
2019-03-15 18:04:12,776|INFO|27458|Working 3
2019-03-15 18:04:12,875|INFO|27458|Working 4
2019-03-15 18:04:12,933|INFO|27458|Working 5
2019-03-15 18:04:13,080|INFO|27458|Working 6
2019-03-15 18:04:13,209|INFO|27458|Working 7
2019-03-15 18:04:13,214|INFO|27458|Working 8
2019-03-15 18:04:13,379|INFO|27458|Working 9
2019-03-15 18:04:13,499|INFO|27458|Working 11
2019-03-15 18:04:13,537|INFO|27458|Working 10
2019-03-15 18:04:15,683|INFO|27458|St base: 45017.00, St addl: 401.80, S conflict: -201.00, T conflict: 0.00, Per spread: -94.56, Sec penalty: 0.00
2019-03-15 18:04:15,684|INFO|27458|45017
2019-03-15 18:04:15,684|INFO|27458|45324.24286269621
2019-03-15 18:04:15,750|INFO|27458|St base: 44983.00, St addl: 396.82, S conflict: -237.00, T conflict: 0.00, Per spread: -94.56, Sec penalty: 0.00
2019-03-15 18:04:15,750|INFO|27458|44983
2019-03-15 18:04:15,750|INFO|27458|45285.255797519174
2019-03-15 18:04:15,863|INFO|27458|Done 2; score:
2019-03-15 18:04:15,863|INFO|27458|45324.24286269621
2019-03-15 18:04:15,907|INFO|27458|Done 3; score:
2019-03-15 18:04:15,908|INFO|27458|45285.255797519174
2019-03-15 18:04:16,308|INFO|27458|St base: 44942.00, St addl: 401.13, S conflict: -228.00, T conflict: 0.00, Per spread: -94.56, Sec penalty: 0.00
2019-03-15 18:04:16,308|INFO|27458|44942
2019-03-15 18:04:16,308|INFO|27458|45248.567441786356
2019-03-15 18:04:16,457|INFO|27458|Done 1; score:
2019-03-15 18:04:16,457|INFO|27458|45248.567441786356
2019-03-15 18:04:16,733|INFO|27458|St base: 44961.00, St addl: 399.11, S conflict: -237.00, T conflict: 0.00, Per spread: -94.56, Sec penalty: 0.00
2019-03-15 18:04:16,734|INFO|27458|44961
2019-03-15 18:04:16,734|INFO|27458|45265.55161567052
2019-03-15 18:04:16,823|INFO|27458|St base: 44944.00, St addl: 402.65, S conflict: -234.00, T conflict: 0.00, Per spread: -94.56, Sec penalty: 0.00
2019-03-15 18:04:16,824|INFO|27458|44944
2019-03-15 18:04:16,824|INFO|27458|45252.08677476193
2019-03-15 18:04:16,884|INFO|27458|Done 6; score:
2019-03-15 18:04:16,885|INFO|27458|45265.55161567052
2019-03-15 18:04:16,951|INFO|27458|St base: 44949.00, St addl: 401.53, S conflict: -261.00, T conflict: 0.00, Per spread: -94.56, Sec penalty: 0.00
2019-03-15 18:04:16,951|INFO|27458|44949
2019-03-15 18:04:16,951|INFO|27458|45255.97202164855
2019-03-15 18:04:16,974|INFO|27458|Done 0; score:
2019-03-15 18:04:16,974|INFO|27458|45252.08677476193
2019-03-15 18:04:17,045|INFO|27458|St base: 44950.00, St addl: 400.17, S conflict: -222.00, T conflict: 0.00, Per spread: -94.56, Sec penalty: 0.00
2019-03-15 18:04:17,046|INFO|27458|44950
2019-03-15 18:04:17,046|INFO|27458|45255.611188868585
2019-03-15 18:04:17,102|INFO|27458|Done 7; score:
2019-03-15 18:04:17,102|INFO|27458|45255.97202164855
2019-03-15 18:04:17,118|INFO|27458|St base: 44985.00, St addl: 400.36, S conflict: -219.00, T conflict: 0.00, Per spread: -94.56, Sec penalty: 0.00
2019-03-15 18:04:17,118|INFO|27458|44985
2019-03-15 18:04:17,118|INFO|27458|45290.79938477692
2019-03-15 18:04:17,120|INFO|27458|St base: 44969.00, St addl: 402.03, S conflict: -237.00, T conflict: 0.00, Per spread: -94.56, Sec penalty: 0.00
2019-03-15 18:04:17,121|INFO|27458|44969
2019-03-15 18:04:17,121|INFO|27458|45276.46890666808
2019-03-15 18:04:17,184|INFO|27458|St base: 44983.00, St addl: 400.55, S conflict: -195.00, T conflict: 0.00, Per spread: -94.56, Sec penalty: 0.00
2019-03-15 18:04:17,184|INFO|27458|44983
2019-03-15 18:04:17,185|INFO|27458|45288.9849265601
2019-03-15 18:04:17,196|INFO|27458|Done 5; score:
2019-03-15 18:04:17,196|INFO|27458|45255.611188868585
2019-03-15 18:04:17,216|INFO|27458|St base: 45035.00, St addl: 401.92, S conflict: -231.00, T conflict: 0.00, Per spread: -94.56, Sec penalty: 0.00
2019-03-15 18:04:17,217|INFO|27458|45035
2019-03-15 18:04:17,217|INFO|27458|45342.36182818451
2019-03-15 18:04:17,266|INFO|27458|Done 11; score:
2019-03-15 18:04:17,266|INFO|27458|45290.79938477692
2019-03-15 18:04:17,272|INFO|27458|Done 4; score:
2019-03-15 18:04:17,272|INFO|27458|45276.46890666808
2019-03-15 18:04:17,297|INFO|27458|St base: 45017.00, St addl: 401.67, S conflict: -201.00, T conflict: 0.00, Per spread: -94.56, Sec penalty: 0.00
2019-03-15 18:04:17,297|INFO|27458|45017
2019-03-15 18:04:17,297|INFO|27458|45324.11010758214
2019-03-15 18:04:17,334|INFO|27458|Done 10; score:
2019-03-15 18:04:17,335|INFO|27458|45288.9849265601
2019-03-15 18:04:17,360|INFO|27458|Done 9; score:
2019-03-15 18:04:17,360|INFO|27458|45342.36182818451
2019-03-15 18:04:17,436|INFO|27458|Done 8; score:
2019-03-15 18:04:17,436|INFO|27458|45324.11010758214
2019-03-15 18:04:20,454|INFO|27458|New:
2019-03-15 18:04:20,519|INFO|27458|St base: 45047.00, St addl: 401.92, S conflict: -219.00, T conflict: 0.00, Per spread: -94.56, Sec penalty: 0.00
2019-03-15 18:04:20,520|INFO|27458|45047
2019-03-15 18:04:20,520|INFO|27458|45354.36182818451
2019-03-15 18:04:20,520|INFO|27458|Old:
2019-03-15 18:04:20,583|INFO|27458|St base: 45152.00, St addl: 407.64, S conflict: 0.00, T conflict: 0.00, Per spread: -93.54, Sec penalty: 0.00
2019-03-15 18:04:20,584|INFO|27458|45152
2019-03-15 18:04:20,584|INFO|27458|45466.096230151816
2019-03-15 18:04:20,653|INFO|27458|Saving schedule. (4)
2019-03-15 18:04:21,152|INFO|27458|Round 5: score 45466.10 (45152.00). Elapsed time: 1 min, 51.94 sec.
2019-03-15 18:04:21,244|INFO|27458|Section 4310T1-10: Holman 4310T1 Biology 1 P1 YR
2019-03-15 18:04:21,244|INFO|27458|5
2019-03-15 18:04:21,244|INFO|27458|Section 000932-21: Teacherless 000933 See Counselor P7 S2
2019-03-15 18:04:21,244|INFO|27458|7
2019-03-15 18:04:21,245|INFO|27458|Section 2221T1-05: Yi 2221T1 World History and Geography 2 Honors P7 YR
2019-03-15 18:04:21,245|INFO|27458|2
2019-03-15 18:04:21,245|INFO|27458|Section 4220T1-13: Woodwell 4220T1 Geosystems P1 YR
2019-03-15 18:04:21,245|INFO|27458|2
2019-03-15 18:04:21,245|INFO|27458|Section 4320T7-02: Burnett 4320T7 DNA Science 2 P3 S2
2019-03-15 18:04:21,245|INFO|27458|5
2019-03-15 18:04:21,246|INFO|27458|Section 319917-01: Zacharias 319917 Computer Vision 2 P2 S2
2019-03-15 18:04:21,246|INFO|27458|1
2019-03-15 18:04:21,246|INFO|27458|Section 1150T1-03: Gilbert 1150T1 English 11 (teamed with AP US History) P4 YR
2019-03-15 18:04:21,246|INFO|27458|2
2019-03-15 18:04:21,246|INFO|27458|Section 1140T1-03: Miller 1140T1 English 10 P5 YR
2019-03-15 18:04:21,246|INFO|27458|6
2019-03-15 18:04:21,637|INFO|27458|Working 0
2019-03-15 18:04:21,913|INFO|27458|Working 1
2019-03-15 18:04:21,971|INFO|27458|Working 2
2019-03-15 18:04:22,046|INFO|27458|Working 3
2019-03-15 18:04:22,143|INFO|27458|Working 4
2019-03-15 18:04:22,224|INFO|27458|Working 5
2019-03-15 18:04:22,272|INFO|27458|Working 6
2019-03-15 18:04:22,380|INFO|27458|Working 7
2019-03-15 18:04:22,450|INFO|27458|Working 8
2019-03-15 18:04:22,537|INFO|27458|Working 9
2019-03-15 18:04:22,605|INFO|27458|Working 10
2019-03-15 18:04:22,688|INFO|27458|Working 11
2019-03-15 18:04:25,153|INFO|27458|St base: 44851.00, St addl: 398.13, S conflict: -273.00, T conflict: 0.00, Per spread: -93.73, Sec penalty: 0.00
2019-03-15 18:04:25,153|INFO|27458|44851
2019-03-15 18:04:25,154|INFO|27458|45155.400394942866
2019-03-15 18:04:25,169|INFO|27458|St base: 44972.00, St addl: 401.39, S conflict: -276.00, T conflict: 0.00, Per spread: -93.73, Sec penalty: 0.00
2019-03-15 18:04:25,170|INFO|27458|44972
2019-03-15 18:04:25,170|INFO|27458|45279.66531481629
2019-03-15 18:04:25,321|INFO|27458|Done 1; score:
2019-03-15 18:04:25,321|INFO|27458|45155.400394942866
2019-03-15 18:04:25,345|INFO|27458|St base: 44947.00, St addl: 398.22, S conflict: -231.00, T conflict: 0.00, Per spread: -93.73, Sec penalty: 0.00
2019-03-15 18:04:25,346|INFO|27458|44947
2019-03-15 18:04:25,346|INFO|27458|45251.49696954079
2019-03-15 18:04:25,359|INFO|27458|Done 2; score:
2019-03-15 18:04:25,360|INFO|27458|45279.66531481629
2019-03-15 18:04:25,393|INFO|27458|St base: 44858.00, St addl: 401.88, S conflict: -276.00, T conflict: 0.00, Per spread: -93.73, Sec penalty: 0.00
2019-03-15 18:04:25,394|INFO|27458|44858
2019-03-15 18:04:25,394|INFO|27458|45166.15820350706
2019-03-15 18:04:25,463|INFO|27458|St base: 44845.00, St addl: 399.99, S conflict: -249.00, T conflict: 0.00, Per spread: -93.73, Sec penalty: 0.00
2019-03-15 18:04:25,463|INFO|27458|44845
2019-03-15 18:04:25,463|INFO|27458|45151.26742406787
2019-03-15 18:04:25,524|INFO|27458|Done 3; score:
2019-03-15 18:04:25,524|INFO|27458|45251.49696954079
2019-03-15 18:04:25,596|INFO|27458|Done 4; score:
2019-03-15 18:04:25,597|INFO|27458|45166.15820350706
2019-03-15 18:04:25,634|INFO|27458|Done 0; score:
2019-03-15 18:04:25,634|INFO|27458|45151.26742406787
2019-03-15 18:04:25,711|INFO|27458|St base: 44911.00, St addl: 403.24, S conflict: -255.00, T conflict: 0.00, Per spread: -93.73, Sec penalty: 0.00
2019-03-15 18:04:25,711|INFO|27458|44911
2019-03-15 18:04:25,712|INFO|27458|45220.50853499851
2019-03-15 18:04:25,712|INFO|27458|St base: 44931.00, St addl: 401.20, S conflict: -273.00, T conflict: 0.00, Per spread: -93.73, Sec penalty: 0.00
2019-03-15 18:04:25,712|INFO|27458|44931
2019-03-15 18:04:25,712|INFO|27458|45238.46942010487
2019-03-15 18:04:25,791|INFO|27458|St base: 44859.00, St addl: 401.18, S conflict: -249.00, T conflict: 0.00, Per spread: -93.73, Sec penalty: 0.00
2019-03-15 18:04:25,791|INFO|27458|44859
2019-03-15 18:04:25,791|INFO|27458|45166.450596258255
2019-03-15 18:04:25,797|INFO|27458|St base: 44921.00, St addl: 400.39, S conflict: -258.00, T conflict: 0.00, Per spread: -93.73, Sec penalty: 0.00
2019-03-15 18:04:25,798|INFO|27458|44921
2019-03-15 18:04:25,798|INFO|27458|45227.65946777887
2019-03-15 18:04:25,805|INFO|27458|St base: 44887.00, St addl: 400.32, S conflict: -255.00, T conflict: 0.00, Per spread: -93.73, Sec penalty: 0.00
2019-03-15 18:04:25,805|INFO|27458|44887
2019-03-15 18:04:25,805|INFO|27458|45193.598189592485
2019-03-15 18:04:25,855|INFO|27458|St base: 44958.00, St addl: 398.98, S conflict: -252.00, T conflict: 0.00, Per spread: -93.73, Sec penalty: 0.00
2019-03-15 18:04:25,855|INFO|27458|44958
2019-03-15 18:04:25,855|INFO|27458|45263.25521962524
2019-03-15 18:04:25,876|INFO|27458|Done 9; score:
2019-03-15 18:04:25,876|INFO|27458|45238.46942010487
2019-03-15 18:04:25,878|INFO|27458|Done 6; score:
2019-03-15 18:04:25,879|INFO|27458|45220.50853499851
2019-03-15 18:04:25,966|INFO|27458|Done 7; score:
2019-03-15 18:04:25,966|INFO|27458|45227.65946777887
2019-03-15 18:04:25,969|INFO|27458|Done 10; score:
2019-03-15 18:04:25,969|INFO|27458|45166.450596258255
2019-03-15 18:04:25,971|INFO|27458|Done 11; score:
2019-03-15 18:04:25,972|INFO|27458|45193.598189592485
2019-03-15 18:04:25,982|INFO|27458|St base: 44902.00, St addl: 400.39, S conflict: -276.00, T conflict: 0.00, Per spread: -93.73, Sec penalty: 0.00
2019-03-15 18:04:25,982|INFO|27458|44902
2019-03-15 18:04:25,983|INFO|27458|45208.66081783621
2019-03-15 18:04:26,017|INFO|27458|Done 8; score:
2019-03-15 18:04:26,017|INFO|27458|45263.25521962524
2019-03-15 18:04:26,163|INFO|27458|Done 5; score:
2019-03-15 18:04:26,163|INFO|27458|45208.66081783621
2019-03-15 18:04:29,482|INFO|27458|New:
2019-03-15 18:04:29,567|INFO|27458|St base: 44969.00, St addl: 401.39, S conflict: -279.00, T conflict: 0.00, Per spread: -93.73, Sec penalty: 0.00
2019-03-15 18:04:29,568|INFO|27458|44969
2019-03-15 18:04:29,568|INFO|27458|45276.66531481629
2019-03-15 18:04:29,568|INFO|27458|Old:
2019-03-15 18:04:29,643|INFO|27458|St base: 45152.00, St addl: 407.64, S conflict: 0.00, T conflict: 0.00, Per spread: -93.54, Sec penalty: 0.00
2019-03-15 18:04:29,643|INFO|27458|45152
2019-03-15 18:04:29,644|INFO|27458|45466.096230151816
2019-03-15 18:04:29,728|INFO|27458|Saving schedule. (5)
2019-03-15 18:04:30,277|INFO|27458|Round 6: score 45466.10 (45152.00). Elapsed time: 2 min, 1.06 sec.
2019-03-15 18:04:30,379|INFO|27458|Section 4320T5-02: Hannum 4320T5 Neuroscience Research P1 S2
2019-03-15 18:04:30,379|INFO|27458|4
2019-03-15 18:04:30,379|INFO|27458|Section 317704-12: Schmitt 317704 AP Calculus BC P3 YR
2019-03-15 18:04:30,380|INFO|27458|4
2019-03-15 18:04:30,380|INFO|27458|Section 1130T1-10: Lang Boswell 1130T1 English 9 P2 YR
2019-03-15 18:04:30,380|INFO|27458|7
2019-03-15 18:04:30,380|INFO|27458|Section 4510T1-03: Forbes 4510T1 Physics 1 P3 YR
2019-03-15 18:04:30,380|INFO|27458|2
2019-03-15 18:04:30,381|INFO|27458|Section 313754-16: Schmitt 313754 TJHSST Math 4 P1 S1
2019-03-15 18:04:30,381|INFO|27458|7
2019-03-15 18:04:30,381|INFO|27458|Section 9828T0-01: Behling 9828T0 Prototyping 1 P7 S1
2019-03-15 18:04:30,381|INFO|27458|2
2019-03-15 18:04:30,646|INFO|27458|Working 0
2019-03-15 18:04:30,888|INFO|27458|Working 1
2019-03-15 18:04:30,983|INFO|27458|Working 2
2019-03-15 18:04:31,051|INFO|27458|Working 3
2019-03-15 18:04:31,113|INFO|27458|Working 4
2019-03-15 18:04:31,184|INFO|27458|Working 5
2019-03-15 18:04:31,237|INFO|27458|Working 6
2019-03-15 18:04:31,302|INFO|27458|Working 7
2019-03-15 18:04:31,407|INFO|27458|Working 8
2019-03-15 18:04:31,534|INFO|27458|Working 9
2019-03-15 18:04:31,543|INFO|27458|Working 10
2019-03-15 18:04:31,673|INFO|27458|Working 11
2019-03-15 18:04:34,066|INFO|27458|St base: 45132.00, St addl: 399.54, S conflict: -228.00, T conflict: 0.00, Per spread: -93.73, Sec penalty: 0.00
2019-03-15 18:04:34,066|INFO|27458|45132
2019-03-15 18:04:34,066|INFO|27458|45437.8174682318
2019-03-15 18:04:34,149|INFO|27458|St base: 45134.00, St addl: 399.27, S conflict: -210.00, T conflict: 0.00, Per spread: -93.73, Sec penalty: 0.00
2019-03-15 18:04:34,149|INFO|27458|45134
2019-03-15 18:04:34,149|INFO|27458|45439.54788443464
2019-03-15 18:04:34,178|INFO|27458|St base: 45195.00, St addl: 399.98, S conflict: -237.00, T conflict: 0.00, Per spread: -93.73, Sec penalty: 0.00
2019-03-15 18:04:34,178|INFO|27458|45195
2019-03-15 18:04:34,179|INFO|27458|45501.257149636556
2019-03-15 18:04:34,230|INFO|27458|St base: 45146.00, St addl: 401.20, S conflict: -237.00, T conflict: 0.00, Per spread: -93.73, Sec penalty: 0.00
2019-03-15 18:04:34,230|INFO|27458|45146
2019-03-15 18:04:34,230|INFO|27458|45453.473131181156
2019-03-15 18:04:34,231|INFO|27458|Done 1; score:
2019-03-15 18:04:34,232|INFO|27458|45437.8174682318
2019-03-15 18:04:34,302|INFO|27458|Done 4; score:
2019-03-15 18:04:34,302|INFO|27458|45439.54788443464
2019-03-15 18:04:34,337|INFO|27458|Done 3; score:
2019-03-15 18:04:34,338|INFO|27458|45501.257149636556
2019-03-15 18:04:34,389|INFO|27458|Done 6; score:
2019-03-15 18:04:34,389|INFO|27458|45453.473131181156
2019-03-15 18:04:34,426|INFO|27458|St base: 45143.00, St addl: 402.17, S conflict: -231.00, T conflict: 0.00, Per spread: -93.73, Sec penalty: 0.00
2019-03-15 18:04:34,426|INFO|27458|45143
2019-03-15 18:04:34,427|INFO|27458|45451.44269410785
2019-03-15 18:04:34,429|INFO|27458|St base: 45140.00, St addl: 399.22, S conflict: -210.00, T conflict: 0.00, Per spread: -93.73, Sec penalty: 0.00
2019-03-15 18:04:34,429|INFO|27458|45140
2019-03-15 18:04:34,429|INFO|27458|45445.494464708165
2019-03-15 18:04:34,433|INFO|27458|St base: 45149.00, St addl: 402.95, S conflict: -213.00, T conflict: 0.00, Per spread: -93.73, Sec penalty: 0.00
2019-03-15 18:04:34,433|INFO|27458|45149
2019-03-15 18:04:34,433|INFO|27458|45458.220387512905
2019-03-15 18:04:34,451|INFO|27458|St base: 45160.00, St addl: 400.15, S conflict: -240.00, T conflict: 0.00, Per spread: -93.73, Sec penalty: 0.00
2019-03-15 18:04:34,451|INFO|27458|45160
2019-03-15 18:04:34,451|INFO|27458|45466.42570402233
2019-03-15 18:04:34,564|INFO|27458|St base: 45168.00, St addl: 402.57, S conflict: -234.00, T conflict: 0.00, Per spread: -93.73, Sec penalty: 0.00
2019-03-15 18:04:34,565|INFO|27458|45168
2019-03-15 18:04:34,565|INFO|27458|45476.84699596556
2019-03-15 18:04:34,585|INFO|27458|Done 8; score:
2019-03-15 18:04:34,586|INFO|27458|45445.494464708165
2019-03-15 18:04:34,588|INFO|27458|Done 0; score:
2019-03-15 18:04:34,588|INFO|27458|45451.44269410785
2019-03-15 18:04:34,615|INFO|27458|St base: 45076.00, St addl: 400.52, S conflict: -249.00, T conflict: 0.00, Per spread: -93.73, Sec penalty: 0.00
2019-03-15 18:04:34,615|INFO|27458|45076
2019-03-15 18:04:34,616|INFO|27458|45382.7901766676
2019-03-15 18:04:34,619|INFO|27458|Done 2; score:
2019-03-15 18:04:34,619|INFO|27458|45458.220387512905
2019-03-15 18:04:34,642|INFO|27458|Done 7; score:
2019-03-15 18:04:34,642|INFO|27458|45466.42570402233
2019-03-15 18:04:34,688|INFO|27458|St base: 45167.00, St addl: 402.62, S conflict: -222.00, T conflict: 0.00, Per spread: -93.73, Sec penalty: 0.00
2019-03-15 18:04:34,689|INFO|27458|45167
2019-03-15 18:04:34,689|INFO|27458|45475.89108336518
2019-03-15 18:04:34,737|INFO|27458|Done 5; score:
2019-03-15 18:04:34,737|INFO|27458|45476.84699596556
2019-03-15 18:04:34,778|INFO|27458|Done 10; score:
2019-03-15 18:04:34,778|INFO|27458|45382.7901766676
2019-03-15 18:04:34,825|INFO|27458|St base: 45114.00, St addl: 400.08, S conflict: -252.00, T conflict: 0.00, Per spread: -93.73, Sec penalty: 0.00
2019-03-15 18:04:34,826|INFO|27458|45114
2019-03-15 18:04:34,826|INFO|27458|45420.34899782465
2019-03-15 18:04:34,868|INFO|27458|Done 11; score:
2019-03-15 18:04:34,868|INFO|27458|45475.89108336518
2019-03-15 18:04:34,977|INFO|27458|Done 9; score:
2019-03-15 18:04:34,977|INFO|27458|45420.34899782465
2019-03-15 18:04:37,914|INFO|27458|New:
2019-03-15 18:04:37,983|INFO|27458|St base: 45207.00, St addl: 399.98, S conflict: -225.00, T conflict: 0.00, Per spread: -93.73, Sec penalty: 0.00
2019-03-15 18:04:37,983|INFO|27458|45207
2019-03-15 18:04:37,984|INFO|27458|45513.257149636556
2019-03-15 18:04:37,984|INFO|27458|Old:
2019-03-15 18:04:38,052|INFO|27458|St base: 45152.00, St addl: 407.64, S conflict: 0.00, T conflict: 0.00, Per spread: -93.54, Sec penalty: 0.00
2019-03-15 18:04:38,052|INFO|27458|45152
2019-03-15 18:04:38,052|INFO|27458|45466.096230151816
2019-03-15 18:04:38,258|INFO|27458|Round 7: score 45511.04 (45207.00). Elapsed time: 2 min, 9.05 sec.
2019-03-15 18:04:38,520|INFO|27458|Section 316055-05: Lampazzi 316055 TJHSST Math 5 P6 S1
2019-03-15 18:04:38,520|INFO|27458|4
2019-03-15 18:04:38,520|INFO|27458|Section 280404-03: Monteverde 280404 AP Macro/Micro Economics P5 YR
2019-03-15 18:04:38,521|INFO|27458|4
2019-03-15 18:04:38,521|INFO|27458|Section 3184T1-09: Rose 3184T1 Foundations of Computer Science P3 YR
2019-03-15 18:04:38,521|INFO|27458|2
2019-03-15 18:04:38,521|INFO|27458|Section 313754-18: Auerbach 313754 TJHSST Math 4 P3 S2
2019-03-15 18:04:38,521|INFO|27458|2
2019-03-15 18:04:38,521|INFO|27458|Section 9826T7-03: Dela Cuesta 9826T7 Automation and Robotics 2 Microcontroller Based Systems P6 S2
2019-03-15 18:04:38,521|INFO|27458|4
2019-03-15 18:04:38,522|INFO|27458|Section 1130T1-09: Harris 1130T1 English 9 P4 YR
2019-03-15 18:04:38,522|INFO|27458|5
2019-03-15 18:04:38,522|INFO|27458|Section 557004-01: Mateo 557004 AP Spanish Language P5 YR
2019-03-15 18:04:38,522|INFO|27458|7
2019-03-15 18:04:38,869|INFO|27458|Working 0
2019-03-15 18:04:38,973|INFO|27458|Working 1
2019-03-15 18:04:39,052|INFO|27458|Working 2
2019-03-15 18:04:39,093|INFO|27458|Working 3
2019-03-15 18:04:39,251|INFO|27458|Working 4
2019-03-15 18:04:39,331|INFO|27458|Working 5
2019-03-15 18:04:39,357|INFO|27458|Working 6
2019-03-15 18:04:39,419|INFO|27458|Working 7
2019-03-15 18:04:39,666|INFO|27458|Working 9
2019-03-15 18:04:39,671|INFO|27458|Working 8
2019-03-15 18:04:39,692|INFO|27458|Working 10
2019-03-15 18:04:39,835|INFO|27458|Working 11
2019-03-15 18:04:42,319|INFO|27458|St base: 44948.00, St addl: 393.70, S conflict: -498.00, T conflict: 0.00, Per spread: -89.97, Sec penalty: 0.00
2019-03-15 18:04:42,320|INFO|27458|44948
2019-03-15 18:04:42,320|INFO|27458|45251.729707768936
2019-03-15 18:04:42,405|INFO|27458|St base: 44979.00, St addl: 395.67, S conflict: -525.00, T conflict: 0.00, Per spread: -89.97, Sec penalty: 0.00
2019-03-15 18:04:42,405|INFO|27458|44979
2019-03-15 18:04:42,405|INFO|27458|45284.70439792307
2019-03-15 18:04:42,453|INFO|27458|St base: 44925.00, St addl: 396.59, S conflict: -537.00, T conflict: 0.00, Per spread: -89.97, Sec penalty: 0.00
2019-03-15 18:04:42,453|INFO|27458|44925
2019-03-15 18:04:42,453|INFO|27458|45231.62095641941
2019-03-15 18:04:42,476|INFO|27458|Done 5; score:
2019-03-15 18:04:42,476|INFO|27458|45251.729707768936
2019-03-15 18:04:42,576|INFO|27458|Done 1; score:
2019-03-15 18:04:42,576|INFO|27458|45284.70439792307
2019-03-15 18:04:42,596|INFO|27458|St base: 44953.00, St addl: 395.18, S conflict: -531.00, T conflict: 0.00, Per spread: -89.97, Sec penalty: 0.00
2019-03-15 18:04:42,597|INFO|27458|44953
2019-03-15 18:04:42,597|INFO|27458|45258.212887099595
2019-03-15 18:04:42,613|INFO|27458|Done 7; score:
2019-03-15 18:04:42,613|INFO|27458|45231.62095641941
2019-03-15 18:04:42,636|INFO|27458|St base: 44962.00, St addl: 395.04, S conflict: -492.00, T conflict: 0.00, Per spread: -89.97, Sec penalty: 0.00
2019-03-15 18:04:42,636|INFO|27458|44962
2019-03-15 18:04:42,636|INFO|27458|45267.076819496775
2019-03-15 18:04:42,699|INFO|27458|St base: 44952.00, St addl: 395.27, S conflict: -534.00, T conflict: 0.00, Per spread: -89.97, Sec penalty: 0.00
2019-03-15 18:04:42,699|INFO|27458|44952
2019-03-15 18:04:42,699|INFO|27458|45257.307833492734
2019-03-15 18:04:42,747|INFO|27458|Done 4; score:
2019-03-15 18:04:42,747|INFO|27458|45258.212887099595
2019-03-15 18:04:42,815|INFO|27458|Done 2; score:
2019-03-15 18:04:42,816|INFO|27458|45267.076819496775
2019-03-15 18:04:42,845|INFO|27458|Done 10; score:
2019-03-15 18:04:42,846|INFO|27458|45257.307833492734
2019-03-15 18:04:42,969|INFO|27458|St base: 44948.00, St addl: 394.22, S conflict: -507.00, T conflict: 0.00, Per spread: -89.97, Sec penalty: 0.00
2019-03-15 18:04:42,969|INFO|27458|44948
2019-03-15 18:04:42,969|INFO|27458|45252.254435688636
2019-03-15 18:04:43,098|INFO|27458|St base: 44900.00, St addl: 395.61, S conflict: -528.00, T conflict: 0.00, Per spread: -89.97, Sec penalty: 0.00
2019-03-15 18:04:43,098|INFO|27458|44900
2019-03-15 18:04:43,098|INFO|27458|45205.63985049417
2019-03-15 18:04:43,099|INFO|27458|St base: 44994.00, St addl: 398.50, S conflict: -534.00, T conflict: 0.00, Per spread: -89.97, Sec penalty: 0.00
2019-03-15 18:04:43,099|INFO|27458|44994
2019-03-15 18:04:43,099|INFO|27458|45302.53666389289
2019-03-15 18:04:43,121|INFO|27458|Done 0; score:
2019-03-15 18:04:43,122|INFO|27458|45252.254435688636
2019-03-15 18:04:43,160|INFO|27458|St base: 44888.00, St addl: 395.33, S conflict: -510.00, T conflict: 0.00, Per spread: -89.97, Sec penalty: 0.00
2019-03-15 18:04:43,161|INFO|27458|44888
2019-03-15 18:04:43,161|INFO|27458|45193.369230201766
2019-03-15 18:04:43,228|INFO|27458|St base: 44971.00, St addl: 393.82, S conflict: -531.00, T conflict: 0.00, Per spread: -89.97, Sec penalty: 0.00
2019-03-15 18:04:43,229|INFO|27458|44971
2019-03-15 18:04:43,229|INFO|27458|45274.85744275668
2019-03-15 18:04:43,250|INFO|27458|Done 3; score:
2019-03-15 18:04:43,250|INFO|27458|45205.63985049417
2019-03-15 18:04:43,264|INFO|27458|Done 9; score:
2019-03-15 18:04:43,264|INFO|27458|45302.53666389289
2019-03-15 18:04:43,309|INFO|27458|Done 11; score:
2019-03-15 18:04:43,309|INFO|27458|45193.369230201766
2019-03-15 18:04:43,317|INFO|27458|St base: 44987.00, St addl: 396.56, S conflict: -507.00, T conflict: 0.00, Per spread: -89.97, Sec penalty: 0.00
2019-03-15 18:04:43,317|INFO|27458|44987
2019-03-15 18:04:43,317|INFO|27458|45293.596700706614
2019-03-15 18:04:43,391|INFO|27458|Done 6; score:
2019-03-15 18:04:43,391|INFO|27458|45274.85744275668
2019-03-15 18:04:43,478|INFO|27458|Done 8; score:
2019-03-15 18:04:43,478|INFO|27458|45293.596700706614
2019-03-15 18:04:46,544|INFO|27458|New:
2019-03-15 18:04:46,614|INFO|27458|St base: 44991.00, St addl: 398.50, S conflict: -537.00, T conflict: 0.00, Per spread: -89.97, Sec penalty: 0.00
2019-03-15 18:04:46,614|INFO|27458|44991
2019-03-15 18:04:46,614|INFO|27458|45299.53666389289
2019-03-15 18:04:46,614|INFO|27458|Old:
2019-03-15 18:04:46,684|INFO|27458|St base: 45207.00, St addl: 395.64, S conflict: -225.00, T conflict: 0.00, Per spread: -91.59, Sec penalty: 0.00
2019-03-15 18:04:46,685|INFO|27458|45207
2019-03-15 18:04:46,685|INFO|27458|45511.0423365738
2019-03-15 18:04:46,762|INFO|27458|Saving schedule. (7)
2019-03-15 18:04:47,534|INFO|27458|Round 8: score 45511.04 (45207.00). Elapsed time: 2 min, 18.32 sec.
2019-03-15 18:04:47,631|INFO|27458|Section 3199T0-02: Eckel 3199T0 Cryptography P1 S2
2019-03-15 18:04:47,631|INFO|27458|3
2019-03-15 18:04:48,166|INFO|27458|Working 0
2019-03-15 18:04:48,213|INFO|27458|Working 1
2019-03-15 18:04:48,262|INFO|27458|Working 2
2019-03-15 18:04:48,421|INFO|27458|Working 3
2019-03-15 18:04:48,476|INFO|27458|Working 4
2019-03-15 18:04:48,585|INFO|27458|Working 5
2019-03-15 18:04:48,689|INFO|27458|Working 6
2019-03-15 18:04:48,725|INFO|27458|Working 7
2019-03-15 18:04:48,849|INFO|27458|Working 8
2019-03-15 18:04:49,099|INFO|27458|Working 9
2019-03-15 18:04:49,133|INFO|27458|Working 11
2019-03-15 18:04:49,202|INFO|27458|Working 10
2019-03-15 18:04:51,179|INFO|27458|St base: 45190.00, St addl: 394.87, S conflict: -225.00, T conflict: 0.00, Per spread: -92.05, Sec penalty: 0.00
2019-03-15 18:04:51,179|INFO|27458|45190
2019-03-15 18:04:51,179|INFO|27458|45492.82090308499
2019-03-15 18:04:51,238|INFO|27458|St base: 45211.00, St addl: 394.58, S conflict: -237.00, T conflict: 0.00, Per spread: -92.05, Sec penalty: 0.00
2019-03-15 18:04:51,238|INFO|27458|45211
2019-03-15 18:04:51,238|INFO|27458|45513.53024145474
2019-03-15 18:04:51,333|INFO|27458|Done 0; score:
2019-03-15 18:04:51,334|INFO|27458|45492.82090308499
2019-03-15 18:04:51,410|INFO|27458|Done 2; score:
2019-03-15 18:04:51,410|INFO|27458|45513.53024145474
2019-03-15 18:04:51,609|INFO|27458|St base: 45182.00, St addl: 394.11, S conflict: -228.00, T conflict: 0.00, Per spread: -92.05, Sec penalty: 0.00
2019-03-15 18:04:51,609|INFO|27458|45182
2019-03-15 18:04:51,609|INFO|27458|45484.06108227059
2019-03-15 18:04:51,623|INFO|27458|St base: 45231.00, St addl: 392.70, S conflict: -225.00, T conflict: 0.00, Per spread: -92.05, Sec penalty: 0.00
2019-03-15 18:04:51,623|INFO|27458|45231
2019-03-15 18:04:51,624|INFO|27458|45531.6535142758
2019-03-15 18:04:51,771|INFO|27458|Done 4; score:
2019-03-15 18:04:51,771|INFO|27458|45484.06108227059
2019-03-15 18:04:51,776|INFO|27458|Done 1; score:
2019-03-15 18:04:51,777|INFO|27458|45531.6535142758
2019-03-15 18:04:51,783|INFO|27458|St base: 45123.00, St addl: 393.87, S conflict: -225.00, T conflict: 0.00, Per spread: -92.05, Sec penalty: 0.00
2019-03-15 18:04:51,783|INFO|27458|45123
2019-03-15 18:04:51,784|INFO|27458|45424.82389453475
2019-03-15 18:04:51,928|INFO|27458|St base: 45162.00, St addl: 396.16, S conflict: -228.00, T conflict: 0.00, Per spread: -92.05, Sec penalty: 0.00
2019-03-15 18:04:51,928|INFO|27458|45162
2019-03-15 18:04:51,928|INFO|27458|45466.1115417863
2019-03-15 18:04:51,934|INFO|27458|Done 7; score:
2019-03-15 18:04:51,934|INFO|27458|45424.82389453475
2019-03-15 18:04:51,993|INFO|27458|St base: 45144.00, St addl: 394.37, S conflict: -240.00, T conflict: 0.00, Per spread: -92.05, Sec penalty: 0.00
2019-03-15 18:04:51,994|INFO|27458|45144
2019-03-15 18:04:51,994|INFO|27458|45446.32480227638
2019-03-15 18:04:52,025|INFO|27458|St base: 45187.00, St addl: 393.17, S conflict: -213.00, T conflict: 0.00, Per spread: -92.05, Sec penalty: 0.00
2019-03-15 18:04:52,025|INFO|27458|45187
2019-03-15 18:04:52,025|INFO|27458|45488.12435857975
2019-03-15 18:04:52,066|INFO|27458|St base: 45198.00, St addl: 392.35, S conflict: -234.00, T conflict: 0.00, Per spread: -92.05, Sec penalty: 0.00
2019-03-15 18:04:52,066|INFO|27458|45198
2019-03-15 18:04:52,066|INFO|27458|45498.29945647015
2019-03-15 18:04:52,072|INFO|27458|St base: 45179.00, St addl: 395.11, S conflict: -231.00, T conflict: 0.00, Per spread: -92.05, Sec penalty: 0.00
2019-03-15 18:04:52,072|INFO|27458|45179
2019-03-15 18:04:52,073|INFO|27458|45482.06073502032
2019-03-15 18:04:52,082|INFO|27458|Done 5; score:
2019-03-15 18:04:52,082|INFO|27458|45466.1115417863
2019-03-15 18:04:52,148|INFO|27458|Done 3; score:
2019-03-15 18:04:52,148|INFO|27458|45446.32480227638
2019-03-15 18:04:52,194|INFO|27458|Done 8; score:
2019-03-15 18:04:52,194|INFO|27458|45488.12435857975
2019-03-15 18:04:52,205|INFO|27458|St base: 45258.00, St addl: 395.65, S conflict: -216.00, T conflict: 0.00, Per spread: -92.05, Sec penalty: 0.00
2019-03-15 18:04:52,205|INFO|27458|45258
2019-03-15 18:04:52,205|INFO|27458|45561.60780167225
2019-03-15 18:04:52,221|INFO|27458|Done 6; score:
2019-03-15 18:04:52,222|INFO|27458|45498.29945647015
2019-03-15 18:04:52,223|INFO|27458|Done 11; score:
2019-03-15 18:04:52,224|INFO|27458|45482.06073502032
2019-03-15 18:04:52,362|INFO|27458|Done 9; score:
2019-03-15 18:04:52,363|INFO|27458|45561.60780167225
2019-03-15 18:04:52,546|INFO|27458|St base: 45160.00, St addl: 393.42, S conflict: -216.00, T conflict: 0.00, Per spread: -92.05, Sec penalty: 0.00
2019-03-15 18:04:52,546|INFO|27458|45160
2019-03-15 18:04:52,546|INFO|27458|45461.36908540423
2019-03-15 18:04:52,713|INFO|27458|Done 10; score:
2019-03-15 18:04:52,713|INFO|27458|45461.36908540423
2019-03-15 18:04:55,998|INFO|27458|New:
2019-03-15 18:04:56,087|INFO|27458|St base: 45261.00, St addl: 395.65, S conflict: -213.00, T conflict: 0.00, Per spread: -92.05, Sec penalty: 0.00
2019-03-15 18:04:56,088|INFO|27458|45261
2019-03-15 18:04:56,088|INFO|27458|45564.60780167225
2019-03-15 18:04:56,088|INFO|27458|Old:
2019-03-15 18:04:56,163|INFO|27458|St base: 45207.00, St addl: 395.64, S conflict: -225.00, T conflict: 0.00, Per spread: -91.59, Sec penalty: 0.00
2019-03-15 18:04:56,163|INFO|27458|45207
2019-03-15 18:04:56,163|INFO|27458|45511.0423365738
2019-03-15 18:04:56,250|INFO|27458|Saving schedule. (8)
2019-03-15 18:04:56,817|INFO|27458|Round 9: score 45562.41 (45261.00). Elapsed time: 2 min, 27.60 sec.
2019-03-15 18:04:56,909|INFO|27458|Section 3190T1-02: Scott 3190T1 TJHSST Research & Statistics 1 P1 S1
2019-03-15 18:04:56,909|INFO|27458|2
2019-03-15 18:04:56,909|INFO|27458|Section 313753-15: Stickler 313753 TJHSST Math 3 P6 S2
2019-03-15 18:04:56,909|INFO|27458|2
2019-03-15 18:04:56,910|INFO|27458|Section 553000-04: Mateo 553000 Spanish 3 P3 YR
2019-03-15 18:04:56,910|INFO|27458|7
2019-03-15 18:04:56,910|INFO|27458|Section 114000-02: Seavey 114000 English 10 (CHUM) P4 YR
2019-03-15 18:04:56,910|INFO|27458|1
2019-03-15 18:04:56,911|INFO|27458|Section 3190T1-06: Jurj 3190T1 TJHSST Research & Statistics 1 P4 S1
2019-03-15 18:04:56,911|INFO|27458|2
2019-03-15 18:04:56,911|INFO|27458|Section 3199J2-01: Galanos 3199J2 Mobile Application Development P7 S1
2019-03-15 18:04:56,911|INFO|27458|6
2019-03-15 18:04:56,911|INFO|27458|Section 119604-03: Seavey 119604 AP English 12 Language and Composition P4 YR
2019-03-15 18:04:56,912|INFO|27458|7
2019-03-15 18:04:56,912|INFO|27458|Section 317704-04: Carey 317704 AP Calculus BC P2 YR
2019-03-15 18:04:56,912|INFO|27458|1
2019-03-15 18:04:57,253|INFO|27458|Working 0
2019-03-15 18:04:57,509|INFO|27458|Working 1
2019-03-15 18:04:57,574|INFO|27458|Working 2
2019-03-15 18:04:57,656|INFO|27458|Working 3
2019-03-15 18:04:57,749|INFO|27458|Working 4
2019-03-15 18:04:57,857|INFO|27458|Working 5
2019-03-15 18:04:57,929|INFO|27458|Working 6
2019-03-15 18:04:58,016|INFO|27458|Working 7
2019-03-15 18:04:58,118|INFO|27458|Working 8
2019-03-15 18:04:58,165|INFO|27458|Working 9
2019-03-15 18:04:58,299|INFO|27458|Working 10
2019-03-15 18:04:58,389|INFO|27458|Working 11
2019-03-15 18:05:00,296|INFO|27458|St base: 44836.00, St addl: 387.80, S conflict: -570.00, T conflict: 0.00, Per spread: -89.53, Sec penalty: 0.00
2019-03-15 18:05:00,297|INFO|27458|44836
2019-03-15 18:05:00,297|INFO|27458|45134.27837543898
2019-03-15 18:05:00,451|INFO|27458|Done 0; score:
2019-03-15 18:05:00,451|INFO|27458|45134.27837543898
2019-03-15 18:05:00,692|INFO|27458|St base: 44860.00, St addl: 388.44, S conflict: -522.00, T conflict: 0.00, Per spread: -89.53, Sec penalty: 0.00
2019-03-15 18:05:00,692|INFO|27458|44860
2019-03-15 18:05:00,692|INFO|27458|45158.91260503748
2019-03-15 18:05:00,766|INFO|27458|St base: 44860.00, St addl: 388.05, S conflict: -516.00, T conflict: 0.00, Per spread: -89.53, Sec penalty: 0.00
2019-03-15 18:05:00,766|INFO|27458|44860
2019-03-15 18:05:00,766|INFO|27458|45158.52488474402
2019-03-15 18:05:00,805|INFO|27458|St base: 44810.00, St addl: 387.90, S conflict: -522.00, T conflict: 0.00, Per spread: -89.53, Sec penalty: 0.00
2019-03-15 18:05:00,805|INFO|27458|44810
2019-03-15 18:05:00,805|INFO|27458|45108.370524778795
2019-03-15 18:05:00,838|INFO|27458|Done 4; score:
2019-03-15 18:05:00,838|INFO|27458|45158.91260503748
2019-03-15 18:05:00,859|INFO|27458|St base: 44846.00, St addl: 389.55, S conflict: -528.00, T conflict: 0.00, Per spread: -89.53, Sec penalty: 0.00
2019-03-15 18:05:00,860|INFO|27458|44846
2019-03-15 18:05:00,860|INFO|27458|45146.02217853692
2019-03-15 18:05:00,911|INFO|27458|Done 1; score:
2019-03-15 18:05:00,911|INFO|27458|45158.52488474402
2019-03-15 18:05:00,953|INFO|27458|Done 2; score:
2019-03-15 18:05:00,953|INFO|27458|45108.370524778795
2019-03-15 18:05:00,996|INFO|27458|St base: 44857.00, St addl: 389.04, S conflict: -504.00, T conflict: 0.00, Per spread: -89.53, Sec penalty: 0.00
2019-03-15 18:05:00,996|INFO|27458|44857
2019-03-15 18:05:00,997|INFO|27458|45156.51009599871
2019-03-15 18:05:01,017|INFO|27458|Done 3; score:
2019-03-15 18:05:01,017|INFO|27458|45146.02217853692
2019-03-15 18:05:01,046|INFO|27458|St base: 44829.00, St addl: 389.49, S conflict: -519.00, T conflict: 0.00, Per spread: -89.53, Sec penalty: 0.00
2019-03-15 18:05:01,047|INFO|27458|44829
2019-03-15 18:05:01,047|INFO|27458|45128.963794032505
2019-03-15 18:05:01,086|INFO|27458|St base: 44905.00, St addl: 385.10, S conflict: -501.00, T conflict: 0.00, Per spread: -89.53, Sec penalty: 0.00
2019-03-15 18:05:01,086|INFO|27458|44905
2019-03-15 18:05:01,086|INFO|27458|45200.575570864516
2019-03-15 18:05:01,092|INFO|27458|St base: 44890.00, St addl: 390.28, S conflict: -504.00, T conflict: 0.00, Per spread: -89.53, Sec penalty: 0.00
2019-03-15 18:05:01,092|INFO|27458|44890
2019-03-15 18:05:01,093|INFO|27458|45190.75263814968
2019-03-15 18:05:01,150|INFO|27458|Done 8; score:
2019-03-15 18:05:01,150|INFO|27458|45156.51009599871
2019-03-15 18:05:01,203|INFO|27458|Done 7; score:
2019-03-15 18:05:01,203|INFO|27458|45128.963794032505
2019-03-15 18:05:01,219|INFO|27458|St base: 44892.00, St addl: 388.74, S conflict: -492.00, T conflict: 0.00, Per spread: -89.53, Sec penalty: 0.00
2019-03-15 18:05:01,219|INFO|27458|44892
2019-03-15 18:05:01,219|INFO|27458|45191.211923811854
2019-03-15 18:05:01,234|INFO|27458|St base: 44796.00, St addl: 389.09, S conflict: -501.00, T conflict: 0.00, Per spread: -89.53, Sec penalty: 0.00
2019-03-15 18:05:01,234|INFO|27458|44796
2019-03-15 18:05:01,234|INFO|27458|45095.56158538275
2019-03-15 18:05:01,244|INFO|27458|Done 5; score:
2019-03-15 18:05:01,244|INFO|27458|45200.575570864516
2019-03-15 18:05:01,248|INFO|27458|Done 9; score:
2019-03-15 18:05:01,248|INFO|27458|45190.75263814968
2019-03-15 18:05:01,371|INFO|27458|Done 6; score:
2019-03-15 18:05:01,371|INFO|27458|45191.211923811854
2019-03-15 18:05:01,390|INFO|27458|Done 10; score:
2019-03-15 18:05:01,390|INFO|27458|45095.56158538275
2019-03-15 18:05:01,674|INFO|27458|St base: 44840.00, St addl: 389.81, S conflict: -516.00, T conflict: 0.00, Per spread: -89.53, Sec penalty: 0.00
2019-03-15 18:05:01,674|INFO|27458|44840
2019-03-15 18:05:01,674|INFO|27458|45140.28062640352
2019-03-15 18:05:01,838|INFO|27458|Done 11; score:
2019-03-15 18:05:01,838|INFO|27458|45140.28062640352
2019-03-15 18:05:04,983|INFO|27458|New:
2019-03-15 18:05:05,054|INFO|27458|St base: 44932.00, St addl: 385.10, S conflict: -474.00, T conflict: 0.00, Per spread: -89.53, Sec penalty: 0.00
2019-03-15 18:05:05,054|INFO|27458|44932
2019-03-15 18:05:05,055|INFO|27458|45227.575570864516
2019-03-15 18:05:05,055|INFO|27458|Old:
2019-03-15 18:05:05,124|INFO|27458|St base: 45261.00, St addl: 391.38, S conflict: -213.00, T conflict: 0.00, Per spread: -89.97, Sec penalty: 0.00
2019-03-15 18:05:05,125|INFO|27458|45261
2019-03-15 18:05:05,125|INFO|27458|45562.4142749523
2019-03-15 18:05:05,210|INFO|27458|Saving schedule. (9)
2019-03-15 18:05:05,920|INFO|27458|Round 10: score 45562.41 (45261.00). Elapsed time: 2 min, 36.71 sec.
2019-03-15 18:05:06,014|INFO|27458|Section 000932-19: Teacherless 000932 See Counselor P7 YR
2019-03-15 18:05:06,015|INFO|27458|7
2019-03-15 18:05:06,015|INFO|27458|Section 313753-03: Hill 313753 TJHSST Math 3 P5 S2
2019-03-15 18:05:06,015|INFO|27458|7
2019-03-15 18:05:06,015|INFO|27458|Section 3199T3-03: White 3199T3 Computer Systems Research P6 YR
2019-03-15 18:05:06,016|INFO|27458|5
2019-03-15 18:05:06,016|INFO|27458|Section 730000-04: Potoker 730000 Health and Physical Education 9 P3 YR
2019-03-15 18:05:06,016|INFO|27458|6
2019-03-15 18:05:06,016|INFO|27458|Section 4310T1-04: Rosenblum 4310T1 Biology 1 P4 YR
2019-03-15 18:05:06,016|INFO|27458|6
2019-03-15 18:05:06,017|INFO|27458|Section 1140T1-12: Laffey 1140T1 English 10 P2 YR
2019-03-15 18:05:06,017|INFO|27458|4
2019-03-15 18:05:06,017|INFO|27458|Section 9828T1-01: Piccione 9828T1 Energy Systems Research P4 YR
2019-03-15 18:05:06,017|INFO|27458|5
2019-03-15 18:05:06,375|INFO|27458|Working 0
2019-03-15 18:05:06,425|INFO|27458|Working 1
2019-03-15 18:05:06,722|INFO|27458|Working 2
2019-03-15 18:05:06,765|INFO|27458|Working 3
2019-03-15 18:05:06,850|INFO|27458|Working 4
2019-03-15 18:05:06,952|INFO|27458|Working 5
2019-03-15 18:05:07,034|INFO|27458|Working 6
2019-03-15 18:05:07,082|INFO|27458|Working 7
2019-03-15 18:05:07,215|INFO|27458|Working 8
2019-03-15 18:05:07,329|INFO|27458|Working 9
2019-03-15 18:05:07,376|INFO|27458|Working 10
2019-03-15 18:05:07,606|INFO|27458|Working 11
2019-03-15 18:05:09,509|INFO|27458|St base: 44682.00, St addl: 386.42, S conflict: -492.00, T conflict: 0.00, Per spread: -92.00, Sec penalty: 0.00
2019-03-15 18:05:09,509|INFO|27458|44682
2019-03-15 18:05:09,509|INFO|27458|44976.41823066319
2019-03-15 18:05:09,679|INFO|27458|Done 0; score:
2019-03-15 18:05:09,679|INFO|27458|44976.41823066319
2019-03-15 18:05:09,704|INFO|27458|St base: 44672.00, St addl: 388.35, S conflict: -522.00, T conflict: 0.00, Per spread: -92.00, Sec penalty: 0.00
2019-03-15 18:05:09,705|INFO|27458|44672
2019-03-15 18:05:09,705|INFO|27458|44968.34989727843
2019-03-15 18:05:09,851|INFO|27458|Done 1; score:
2019-03-15 18:05:09,851|INFO|27458|44968.34989727843
2019-03-15 18:05:09,924|INFO|27458|St base: 44675.00, St addl: 387.40, S conflict: -495.00, T conflict: 0.00, Per spread: -92.00, Sec penalty: 0.00
2019-03-15 18:05:09,924|INFO|27458|44675
2019-03-15 18:05:09,924|INFO|27458|44970.39336680788
2019-03-15 18:05:10,043|INFO|27458|St base: 44720.00, St addl: 385.48, S conflict: -486.00, T conflict: 0.00, Per spread: -92.00, Sec penalty: 0.00
2019-03-15 18:05:10,044|INFO|27458|44720
2019-03-15 18:05:10,044|INFO|27458|45013.479718446135
2019-03-15 18:05:10,078|INFO|27458|Done 4; score:
2019-03-15 18:05:10,078|INFO|27458|44970.39336680788
2019-03-15 18:05:10,161|INFO|27458|St base: 44671.00, St addl: 386.50, S conflict: -516.00, T conflict: 0.00, Per spread: -92.00, Sec penalty: 0.00
2019-03-15 18:05:10,162|INFO|27458|44671
2019-03-15 18:05:10,162|INFO|27458|44965.497191992705
2019-03-15 18:05:10,202|INFO|27458|Done 6; score:
2019-03-15 18:05:10,203|INFO|27458|45013.479718446135
2019-03-15 18:05:10,315|INFO|27458|Done 7; score:
2019-03-15 18:05:10,315|INFO|27458|44965.497191992705
2019-03-15 18:05:10,338|INFO|27458|St base: 44754.00, St addl: 388.87, S conflict: -444.00, T conflict: 0.00, Per spread: -92.00, Sec penalty: 0.00
2019-03-15 18:05:10,338|INFO|27458|44754
2019-03-15 18:05:10,338|INFO|27458|45050.86385958371
2019-03-15 18:05:10,377|INFO|27458|St base: 44677.00, St addl: 388.08, S conflict: -468.00, T conflict: 0.00, Per spread: -92.00, Sec penalty: 0.00
2019-03-15 18:05:10,377|INFO|27458|44677
2019-03-15 18:05:10,377|INFO|27458|44973.07778483473
2019-03-15 18:05:10,390|INFO|27458|St base: 44766.00, St addl: 387.34, S conflict: -468.00, T conflict: 0.00, Per spread: -92.00, Sec penalty: 0.00
2019-03-15 18:05:10,390|INFO|27458|44766
2019-03-15 18:05:10,390|INFO|27458|45061.33778794616
2019-03-15 18:05:10,407|INFO|27458|St base: 44669.00, St addl: 383.97, S conflict: -477.00, T conflict: 0.00, Per spread: -92.00, Sec penalty: 0.00
2019-03-15 18:05:10,407|INFO|27458|44669
2019-03-15 18:05:10,407|INFO|27458|44960.971908926316
2019-03-15 18:05:10,488|INFO|27458|Done 9; score:
2019-03-15 18:05:10,488|INFO|27458|45050.86385958371
2019-03-15 18:05:10,490|INFO|27458|St base: 44662.00, St addl: 385.34, S conflict: -480.00, T conflict: 0.00, Per spread: -92.00, Sec penalty: 0.00
2019-03-15 18:05:10,490|INFO|27458|44662
2019-03-15 18:05:10,491|INFO|27458|44955.34233167923
2019-03-15 18:05:10,525|INFO|27458|Done 8; score:
2019-03-15 18:05:10,525|INFO|27458|44973.07778483473
2019-03-15 18:05:10,541|INFO|27458|Done 10; score:
2019-03-15 18:05:10,541|INFO|27458|45061.33778794616
2019-03-15 18:05:10,558|INFO|27458|Done 2; score:
2019-03-15 18:05:10,558|INFO|27458|44960.971908926316
2019-03-15 18:05:10,647|INFO|27458|Done 3; score:
2019-03-15 18:05:10,648|INFO|27458|44955.34233167923
2019-03-15 18:05:10,893|INFO|27458|St base: 44671.00, St addl: 386.17, S conflict: -504.00, T conflict: 0.00, Per spread: -92.00, Sec penalty: 0.00
2019-03-15 18:05:10,894|INFO|27458|44671
2019-03-15 18:05:10,894|INFO|27458|44965.166516095785
2019-03-15 18:05:11,056|INFO|27458|Done 5; score:
2019-03-15 18:05:11,056|INFO|27458|44965.166516095785
2019-03-15 18:05:11,668|INFO|27458|St base: 44681.00, St addl: 387.86, S conflict: -507.00, T conflict: 0.00, Per spread: -92.00, Sec penalty: 0.00
2019-03-15 18:05:11,669|INFO|27458|44681
2019-03-15 18:05:11,669|INFO|27458|44976.85494275538
2019-03-15 18:05:11,812|INFO|27458|Done 11; score:
2019-03-15 18:05:11,812|INFO|27458|44976.85494275538
2019-03-15 18:05:14,810|INFO|27458|New:
2019-03-15 18:05:14,882|INFO|27458|St base: 44757.00, St addl: 387.34, S conflict: -477.00, T conflict: 0.00, Per spread: -92.00, Sec penalty: 0.00
2019-03-15 18:05:14,882|INFO|27458|44757
2019-03-15 18:05:14,882|INFO|27458|45052.33778794616
2019-03-15 18:05:14,882|INFO|27458|Old:
2019-03-15 18:05:14,956|INFO|27458|St base: 45261.00, St addl: 391.38, S conflict: -213.00, T conflict: 0.00, Per spread: -89.97, Sec penalty: 0.00
2019-03-15 18:05:14,956|INFO|27458|45261
2019-03-15 18:05:14,956|INFO|27458|45562.4142749523
2019-03-15 18:05:15,038|INFO|27458|Saving schedule. (10)
2019-03-15 18:05:17,146|INFO|27458|Round 11: score 45562.41 (45261.00). Elapsed time: 2 min, 47.93 sec.
2019-03-15 18:05:17,406|INFO|27458|Section 317704-14: Spoden 317704 AP Calculus BC P1 YR
2019-03-15 18:05:17,406|INFO|27458|3
2019-03-15 18:05:17,406|INFO|27458|Section 319800-05: Jirari Scavotto 319800 Matrix Algebra P7 S2
2019-03-15 18:05:17,406|INFO|27458|5
2019-03-15 18:05:17,407|INFO|27458|Section 280404-03: Monteverde 280404 AP Macro/Micro Economics P5 YR
2019-03-15 18:05:17,407|INFO|27458|4
2019-03-15 18:05:17,407|INFO|27458|Section 119604-07: Burdick-Zupancic 119604 AP English 12 Language and Composition P6 YR
2019-03-15 18:05:17,407|INFO|27458|1
2019-03-15 18:05:17,408|INFO|27458|Section 313753-03: Hill 313753 TJHSST Math 3 P5 S2
2019-03-15 18:05:17,408|INFO|27458|2
2019-03-15 18:05:17,408|INFO|27458|Section 319917-02: Zacharias 319917 Computer Vision 2 P3 S2
2019-03-15 18:05:17,409|INFO|27458|6
2019-03-15 18:05:17,409|INFO|27458|Section 231905-13: Bourjaily 231905 AP US History P3 YR
2019-03-15 18:05:17,409|INFO|27458|2
2019-03-15 18:05:17,409|INFO|27458|Section 121500-01: Harris 121500 Photo Journalism 1 P5 YR
2019-03-15 18:05:17,410|INFO|27458|2
2019-03-15 18:05:17,760|INFO|27458|Working 0
2019-03-15 18:05:17,803|INFO|27458|Working 1
2019-03-15 18:05:17,918|INFO|27458|Working 2
2019-03-15 18:05:17,983|INFO|27458|Working 3
2019-03-15 18:05:18,039|INFO|27458|Working 4
2019-03-15 18:05:18,172|INFO|27458|Working 5
2019-03-15 18:05:18,241|INFO|27458|Working 6
2019-03-15 18:05:18,300|INFO|27458|Working 7
2019-03-15 18:05:18,391|INFO|27458|Working 8
2019-03-15 18:05:18,548|INFO|27458|Working 9
2019-03-15 18:05:18,617|INFO|27458|Working 10
2019-03-15 18:05:18,684|INFO|27458|Working 11
2019-03-15 18:05:20,748|INFO|27458|St base: 44865.00, St addl: 390.26, S conflict: -585.00, T conflict: 0.00, Per spread: -90.68, Sec penalty: 0.00
2019-03-15 18:05:20,749|INFO|27458|44865
2019-03-15 18:05:20,749|INFO|27458|45164.58933635422
2019-03-15 18:05:20,892|INFO|27458|Done 1; score:
2019-03-15 18:05:20,893|INFO|27458|45164.58933635422
2019-03-15 18:05:20,920|INFO|27458|St base: 44786.00, St addl: 390.60, S conflict: -600.00, T conflict: 0.00, Per spread: -90.68, Sec penalty: 0.00
2019-03-15 18:05:20,921|INFO|27458|44786
2019-03-15 18:05:20,921|INFO|27458|45085.92085967573
2019-03-15 18:05:20,924|INFO|27458|St base: 44907.00, St addl: 389.65, S conflict: -585.00, T conflict: 0.00, Per spread: -90.68, Sec penalty: 0.00
2019-03-15 18:05:20,924|INFO|27458|44907
2019-03-15 18:05:20,924|INFO|27458|45205.97795456716
2019-03-15 18:05:21,029|INFO|27458|St base: 44948.00, St addl: 391.95, S conflict: -588.00, T conflict: 0.00, Per spread: -90.68, Sec penalty: 0.00
2019-03-15 18:05:21,029|INFO|27458|44948
2019-03-15 18:05:21,029|INFO|27458|45249.27085508252
2019-03-15 18:05:21,078|INFO|27458|Done 0; score:
2019-03-15 18:05:21,078|INFO|27458|45205.97795456716
2019-03-15 18:05:21,089|INFO|27458|Done 2; score:
2019-03-15 18:05:21,089|INFO|27458|45085.92085967573
2019-03-15 18:05:21,125|INFO|27458|St base: 44812.00, St addl: 388.78, S conflict: -606.00, T conflict: 0.00, Per spread: -90.68, Sec penalty: 0.00
2019-03-15 18:05:21,125|INFO|27458|44812
2019-03-15 18:05:21,125|INFO|27458|45110.10298389579
2019-03-15 18:05:21,158|INFO|27458|St base: 44899.00, St addl: 391.67, S conflict: -597.00, T conflict: 0.00, Per spread: -90.68, Sec penalty: 0.00
2019-03-15 18:05:21,158|INFO|27458|44899
2019-03-15 18:05:21,158|INFO|27458|45199.99020494958
2019-03-15 18:05:21,180|INFO|27458|Done 4; score:
2019-03-15 18:05:21,180|INFO|27458|45249.27085508252
2019-03-15 18:05:21,213|INFO|27458|St base: 44853.00, St addl: 390.92, S conflict: -576.00, T conflict: 0.00, Per spread: -90.68, Sec penalty: 0.00
2019-03-15 18:05:21,213|INFO|27458|44853
2019-03-15 18:05:21,213|INFO|27458|45153.24018973832
2019-03-15 18:05:21,271|INFO|27458|St base: 44861.00, St addl: 390.69, S conflict: -576.00, T conflict: 0.00, Per spread: -90.68, Sec penalty: 0.00
2019-03-15 18:05:21,271|INFO|27458|44861
2019-03-15 18:05:21,271|INFO|27458|45161.012222929596
2019-03-15 18:05:21,283|INFO|27458|Done 5; score:
2019-03-15 18:05:21,283|INFO|27458|45110.10298389579
2019-03-15 18:05:21,292|INFO|27458|St base: 44847.00, St addl: 390.01, S conflict: -573.00, T conflict: 0.00, Per spread: -90.68, Sec penalty: 0.00
2019-03-15 18:05:21,292|INFO|27458|44847
2019-03-15 18:05:21,292|INFO|27458|45146.335876598925
2019-03-15 18:05:21,326|INFO|27458|Done 6; score:
2019-03-15 18:05:21,326|INFO|27458|45199.99020494958
2019-03-15 18:05:21,381|INFO|27458|Done 3; score:
2019-03-15 18:05:21,381|INFO|27458|45153.24018973832
2019-03-15 18:05:21,425|INFO|27458|Done 8; score:
2019-03-15 18:05:21,425|INFO|27458|45161.012222929596
2019-03-15 18:05:21,454|INFO|27458|St base: 44829.00, St addl: 391.59, S conflict: -597.00, T conflict: 0.00, Per spread: -90.68, Sec penalty: 0.00
2019-03-15 18:05:21,454|INFO|27458|Done 7; score:
2019-03-15 18:05:21,454|INFO|27458|44829
2019-03-15 18:05:21,454|INFO|27458|45146.335876598925
2019-03-15 18:05:21,454|INFO|27458|45129.918425328106
2019-03-15 18:05:21,577|INFO|27458|St base: 44933.00, St addl: 391.43, S conflict: -543.00, T conflict: 0.00, Per spread: -90.68, Sec penalty: 0.00
2019-03-15 18:05:21,578|INFO|27458|44933
2019-03-15 18:05:21,578|INFO|27458|45233.7579178834
2019-03-15 18:05:21,603|INFO|27458|Done 9; score:
2019-03-15 18:05:21,603|INFO|27458|45129.918425328106
2019-03-15 18:05:21,713|INFO|27458|Done 10; score:
2019-03-15 18:05:21,713|INFO|27458|45233.7579178834
2019-03-15 18:05:21,780|INFO|27458|St base: 44821.00, St addl: 389.24, S conflict: -609.00, T conflict: 0.00, Per spread: -90.68, Sec penalty: 0.00
2019-03-15 18:05:21,780|INFO|27458|44821
2019-03-15 18:05:21,780|INFO|27458|45119.56575989376
2019-03-15 18:05:21,941|INFO|27458|Done 11; score:
2019-03-15 18:05:21,941|INFO|27458|45119.56575989376
2019-03-15 18:05:24,942|INFO|27458|New:
2019-03-15 18:05:25,025|INFO|27458|St base: 44960.00, St addl: 391.95, S conflict: -576.00, T conflict: 0.00, Per spread: -90.68, Sec penalty: 0.00
2019-03-15 18:05:25,025|INFO|27458|44960
2019-03-15 18:05:25,025|INFO|27458|45261.27085508252
2019-03-15 18:05:25,025|INFO|27458|Old:
2019-03-15 18:05:25,118|INFO|27458|St base: 45261.00, St addl: 391.38, S conflict: -213.00, T conflict: 0.00, Per spread: -89.97, Sec penalty: 0.00
2019-03-15 18:05:25,118|INFO|27458|45261
2019-03-15 18:05:25,118|INFO|27458|45562.4142749523
2019-03-15 18:05:25,209|INFO|27458|Saving schedule. (11)
2019-03-15 18:05:27,130|INFO|27458|Round 12: score 45562.41 (45261.00). Elapsed time: 2 min, 57.92 sec.
2019-03-15 18:05:27,227|INFO|27458|Section 553000-06: Gendive 553000 Spanish 3 P3 YR
2019-03-15 18:05:27,227|INFO|27458|7
2019-03-15 18:05:27,228|INFO|27458|Section 000932-03: Teacherless 000933 See Counselor P1 S2
2019-03-15 18:05:27,228|INFO|27458|1
2019-03-15 18:05:27,806|INFO|27458|Working 0
2019-03-15 18:05:27,872|INFO|27458|Working 1
2019-03-15 18:05:27,921|INFO|27458|Working 2
2019-03-15 18:05:28,029|INFO|27458|Working 3
2019-03-15 18:05:28,070|INFO|27458|Working 4
2019-03-15 18:05:28,137|INFO|27458|Working 5
2019-03-15 18:05:28,273|INFO|27458|Working 6
2019-03-15 18:05:28,364|INFO|27458|Working 7
2019-03-15 18:05:28,393|INFO|27458|Working 8
2019-03-15 18:05:28,571|INFO|27458|Working 9
2019-03-15 18:05:28,661|INFO|27458|Working 10
2019-03-15 18:05:28,666|INFO|27458|Working 11
2019-03-15 18:05:30,798|INFO|27458|St base: 45116.00, St addl: 386.86, S conflict: -228.00, T conflict: 0.00, Per spread: -89.97, Sec penalty: 0.00
2019-03-15 18:05:30,799|INFO|27458|45116
2019-03-15 18:05:30,799|INFO|27458|45412.89547583609
2019-03-15 18:05:30,942|INFO|27458|Done 0; score:
2019-03-15 18:05:30,943|INFO|27458|45412.89547583609
2019-03-15 18:05:31,004|INFO|27458|St base: 45204.00, St addl: 388.15, S conflict: -222.00, T conflict: 0.00, Per spread: -89.97, Sec penalty: 0.00
2019-03-15 18:05:31,005|INFO|27458|45204
2019-03-15 18:05:31,005|INFO|27458|45502.18626628053
2019-03-15 18:05:31,026|INFO|27458|St base: 45213.00, St addl: 389.30, S conflict: -237.00, T conflict: 0.00, Per spread: -89.97, Sec penalty: 0.00
2019-03-15 18:05:31,026|INFO|27458|45213
2019-03-15 18:05:31,026|INFO|27458|45512.33738428099
2019-03-15 18:05:31,064|INFO|27458|St base: 45194.00, St addl: 389.67, S conflict: -234.00, T conflict: 0.00, Per spread: -89.97, Sec penalty: 0.00
2019-03-15 18:05:31,064|INFO|27458|45194
2019-03-15 18:05:31,064|INFO|27458|45493.70686158505
2019-03-15 18:05:31,154|INFO|27458|Done 3; score:
2019-03-15 18:05:31,154|INFO|27458|45502.18626628053
2019-03-15 18:05:31,174|INFO|27458|Done 1; score:
2019-03-15 18:05:31,174|INFO|27458|45512.33738428099
2019-03-15 18:05:31,214|INFO|27458|Done 4; score:
2019-03-15 18:05:31,214|INFO|27458|45493.70686158505
2019-03-15 18:05:31,252|INFO|27458|St base: 45201.00, St addl: 385.99, S conflict: -213.00, T conflict: 0.00, Per spread: -89.97, Sec penalty: 0.00
2019-03-15 18:05:31,252|INFO|27458|45201
2019-03-15 18:05:31,253|INFO|27458|45497.01909959188
2019-03-15 18:05:31,380|INFO|27458|St base: 45140.00, St addl: 387.77, S conflict: -240.00, T conflict: 0.00, Per spread: -89.97, Sec penalty: 0.00
2019-03-15 18:05:31,380|INFO|27458|45140
2019-03-15 18:05:31,380|INFO|27458|45437.802502044826
2019-03-15 18:05:31,382|INFO|27458|St base: 45275.00, St addl: 389.76, S conflict: -213.00, T conflict: 0.00, Per spread: -89.97, Sec penalty: 0.00
2019-03-15 18:05:31,382|INFO|27458|45275
2019-03-15 18:05:31,382|INFO|27458|45574.793409999744
2019-03-15 18:05:31,401|INFO|27458|Done 2; score:
2019-03-15 18:05:31,401|INFO|27458|45497.01909959188
2019-03-15 18:05:31,531|INFO|27458|Done 5; score:
2019-03-15 18:05:31,531|INFO|27458|45574.793409999744
2019-03-15 18:05:31,532|INFO|27458|Done 7; score:
2019-03-15 18:05:31,532|INFO|27458|45437.802502044826
2019-03-15 18:05:31,575|INFO|27458|St base: 45205.00, St addl: 387.73, S conflict: -225.00, T conflict: 0.00, Per spread: -89.97, Sec penalty: 0.00
2019-03-15 18:05:31,575|INFO|27458|45205
2019-03-15 18:05:31,575|INFO|27458|45502.76381474751
2019-03-15 18:05:31,640|INFO|27458|St base: 45176.00, St addl: 388.42, S conflict: -240.00, T conflict: 0.00, Per spread: -89.97, Sec penalty: 0.00
2019-03-15 18:05:31,641|INFO|27458|45176
2019-03-15 18:05:31,641|INFO|27458|45474.44899118509
2019-03-15 18:05:31,720|INFO|27458|Done 8; score:
2019-03-15 18:05:31,720|INFO|27458|45502.76381474751
2019-03-15 18:05:31,811|INFO|27458|Done 10; score:
2019-03-15 18:05:31,811|INFO|27458|45474.44899118509
2019-03-15 18:05:32,060|INFO|27458|St base: 45209.00, St addl: 387.60, S conflict: -231.00, T conflict: 0.00, Per spread: -89.97, Sec penalty: 0.00
2019-03-15 18:05:32,061|INFO|27458|45209
2019-03-15 18:05:32,061|INFO|27458|45506.62849894414
2019-03-15 18:05:32,081|INFO|27458|St base: 45174.00, St addl: 387.89, S conflict: -222.00, T conflict: 0.00, Per spread: -89.97, Sec penalty: 0.00
2019-03-15 18:05:32,081|INFO|27458|45174
2019-03-15 18:05:32,081|INFO|27458|45471.92381876266
2019-03-15 18:05:32,169|INFO|27458|St base: 45184.00, St addl: 389.52, S conflict: -216.00, T conflict: 0.00, Per spread: -89.97, Sec penalty: 0.00
2019-03-15 18:05:32,169|INFO|27458|45184
2019-03-15 18:05:32,170|INFO|27458|45483.54919225513
2019-03-15 18:05:32,212|INFO|27458|Done 11; score:
2019-03-15 18:05:32,212|INFO|27458|45506.62849894414
2019-03-15 18:05:32,229|INFO|27458|Done 6; score:
2019-03-15 18:05:32,229|INFO|27458|45471.92381876266
2019-03-15 18:05:32,314|INFO|27458|Done 9; score:
2019-03-15 18:05:32,314|INFO|27458|45483.54919225513
2019-03-15 18:05:35,415|INFO|27458|New:
2019-03-15 18:05:35,489|INFO|27458|St base: 45275.00, St addl: 389.76, S conflict: -213.00, T conflict: 0.00, Per spread: -89.97, Sec penalty: 0.00
2019-03-15 18:05:35,490|INFO|27458|45275
2019-03-15 18:05:35,490|INFO|27458|45574.793409999744
2019-03-15 18:05:35,490|INFO|27458|Old:
2019-03-15 18:05:35,562|INFO|27458|St base: 45261.00, St addl: 391.38, S conflict: -213.00, T conflict: 0.00, Per spread: -89.97, Sec penalty: 0.00
2019-03-15 18:05:35,563|INFO|27458|45261
2019-03-15 18:05:35,563|INFO|27458|45562.4142749523
2019-03-15 18:05:35,643|INFO|27458|Saving schedule. (12)
2019-03-15 18:05:38,925|ERROR|27458|Process ForkPoolWorker-5:
2019-03-15 18:05:38,925|ERROR|27458|Process ForkPoolWorker-3:
2019-03-15 18:05:38,925|ERROR|27458|Process ForkPoolWorker-4:
2019-03-15 18:05:38,925|ERROR|27458|Process ForkPoolWorker-11:
2019-03-15 18:05:38,925|ERROR|27458|Process ForkPoolWorker-8:
2019-03-15 18:05:38,925|ERROR|27458|Process ForkPoolWorker-12:
2019-03-15 18:05:38,925|ERROR|27458|Process ForkPoolWorker-2:
2019-03-15 18:05:38,925|ERROR|27458|Process ForkPoolWorker-7:
2019-03-15 18:05:38,925|ERROR|27458|Process ForkPoolWorker-6:
2019-03-15 18:05:38,925|ERROR|27458|Process ForkPoolWorker-10:
2019-03-15 18:05:38,925|ERROR|27458|Process ForkPoolWorker-9:
2019-03-15 18:05:38,927|ERROR|27458|Traceback (most recent call last):
2019-03-15 18:05:38,928|ERROR|27458|Traceback (most recent call last):
2019-03-15 18:05:38,928|ERROR|27458|File "/usr/lib/python3.5/multiprocessing/process.py", line 249, in _bootstrap
    self.run()
2019-03-15 18:05:38,928|ERROR|27458|File "/usr/lib/python3.5/multiprocessing/process.py", line 249, in _bootstrap
    self.run()
2019-03-15 18:05:38,928|ERROR|27458|File "/usr/lib/python3.5/multiprocessing/process.py", line 93, in run
    self._target(*self._args, **self._kwargs)
2019-03-15 18:05:38,928|ERROR|27458|File "/usr/lib/python3.5/multiprocessing/process.py", line 93, in run
    self._target(*self._args, **self._kwargs)
2019-03-15 18:05:38,928|ERROR|27458|File "/usr/lib/python3.5/multiprocessing/pool.py", line 108, in worker
    task = get()
2019-03-15 18:05:38,928|ERROR|27458|File "/usr/lib/python3.5/multiprocessing/pool.py", line 108, in worker
    task = get()
2019-03-15 18:05:38,928|ERROR|27458|File "/usr/lib/python3.5/multiprocessing/queues.py", line 343, in get
    res = self._reader.recv_bytes()
2019-03-15 18:05:38,929|ERROR|27458|File "/usr/lib/python3.5/multiprocessing/connection.py", line 216, in recv_bytes
    buf = self._recv_bytes(maxlength)
2019-03-15 18:05:38,929|ERROR|27458|File "/usr/lib/python3.5/multiprocessing/queues.py", line 342, in get
    with self._rlock:
2019-03-15 18:05:38,929|ERROR|27458|Traceback (most recent call last):
2019-03-15 18:05:38,929|ERROR|27458|Traceback (most recent call last):
2019-03-15 18:05:38,929|ERROR|27458|File "/usr/lib/python3.5/multiprocessing/connection.py", line 407, in _recv_bytes
    buf = self._recv(4)
2019-03-15 18:05:38,929|ERROR|27458|Traceback (most recent call last):
2019-03-15 18:05:38,929|ERROR|27458|Traceback (most recent call last):
2019-03-15 18:05:38,929|ERROR|27458|Traceback (most recent call last):
2019-03-15 18:05:38,929|ERROR|27458|Traceback (most recent call last):
2019-03-15 18:05:38,929|ERROR|27458|File "/usr/lib/python3.5/multiprocessing/synchronize.py", line 96, in __enter__
    return self._semlock.__enter__()
2019-03-15 18:05:38,929|ERROR|27458|Traceback (most recent call last):
2019-03-15 18:05:38,929|ERROR|27458|Traceback (most recent call last):
2019-03-15 18:05:38,929|ERROR|27458|File "/usr/lib/python3.5/multiprocessing/connection.py", line 379, in _recv
    chunk = read(handle, remaining)
2019-03-15 18:05:38,929|ERROR|27458|File "/usr/lib/python3.5/multiprocessing/process.py", line 249, in _bootstrap
    self.run()
2019-03-15 18:05:38,929|ERROR|27458|KeyboardInterrupt
2019-03-15 18:05:38,929|ERROR|27458|File "/usr/lib/python3.5/multiprocessing/process.py", line 249, in _bootstrap
    self.run()
2019-03-15 18:05:38,929|ERROR|27458|KeyboardInterrupt
2019-03-15 18:05:38,929|ERROR|27458|Traceback (most recent call last):
2019-03-15 18:05:38,929|ERROR|27458|File "/usr/lib/python3.5/multiprocessing/process.py", line 249, in _bootstrap
    self.run()
2019-03-15 18:05:38,929|ERROR|27458|File "/usr/lib/python3.5/multiprocessing/process.py", line 249, in _bootstrap
    self.run()
2019-03-15 18:05:38,929|ERROR|27458|File "/usr/lib/python3.5/multiprocessing/process.py", line 249, in _bootstrap
    self.run()
2019-03-15 18:05:38,929|ERROR|27458|File "/usr/lib/python3.5/multiprocessing/process.py", line 249, in _bootstrap
    self.run()
2019-03-15 18:05:38,929|ERROR|27458|File "/usr/lib/python3.5/multiprocessing/process.py", line 249, in _bootstrap
    self.run()
2019-03-15 18:05:38,929|ERROR|27458|File "/usr/lib/python3.5/multiprocessing/process.py", line 249, in _bootstrap
    self.run()
2019-03-15 18:05:38,929|ERROR|27458|File "/usr/lib/python3.5/multiprocessing/process.py", line 93, in run
    self._target(*self._args, **self._kwargs)
2019-03-15 18:05:38,929|ERROR|27458|File "/usr/lib/python3.5/multiprocessing/process.py", line 93, in run
    self._target(*self._args, **self._kwargs)
2019-03-15 18:05:38,929|ERROR|27458|File "/usr/lib/python3.5/multiprocessing/process.py", line 93, in run
    self._target(*self._args, **self._kwargs)
2019-03-15 18:05:38,929|ERROR|27458|File "/usr/lib/python3.5/multiprocessing/process.py", line 93, in run
    self._target(*self._args, **self._kwargs)
2019-03-15 18:05:38,929|ERROR|27458|File "/usr/lib/python3.5/multiprocessing/process.py", line 93, in run
    self._target(*self._args, **self._kwargs)
2019-03-15 18:05:38,929|ERROR|27458|File "/usr/lib/python3.5/multiprocessing/process.py", line 93, in run
    self._target(*self._args, **self._kwargs)
2019-03-15 18:05:38,930|ERROR|27458|File "/usr/lib/python3.5/multiprocessing/process.py", line 93, in run
    self._target(*self._args, **self._kwargs)
2019-03-15 18:05:38,930|ERROR|27458|File "/usr/lib/python3.5/multiprocessing/process.py", line 93, in run
    self._target(*self._args, **self._kwargs)
2019-03-15 18:05:38,930|ERROR|27458|File "/usr/lib/python3.5/multiprocessing/process.py", line 249, in _bootstrap
    self.run()
2019-03-15 18:05:38,930|ERROR|27458|File "/usr/lib/python3.5/multiprocessing/pool.py", line 108, in worker
    task = get()
2019-03-15 18:05:38,930|ERROR|27458|File "/usr/lib/python3.5/multiprocessing/pool.py", line 108, in worker
    task = get()
2019-03-15 18:05:38,930|ERROR|27458|File "/usr/lib/python3.5/multiprocessing/pool.py", line 108, in worker
    task = get()
2019-03-15 18:05:38,930|ERROR|27458|File "/usr/lib/python3.5/multiprocessing/pool.py", line 108, in worker
    task = get()
2019-03-15 18:05:38,930|ERROR|27458|File "/usr/lib/python3.5/multiprocessing/pool.py", line 108, in worker
    task = get()
2019-03-15 18:05:38,930|ERROR|27458|File "/usr/lib/python3.5/multiprocessing/pool.py", line 108, in worker
    task = get()
2019-03-15 18:05:38,930|ERROR|27458|File "/usr/lib/python3.5/multiprocessing/pool.py", line 108, in worker
    task = get()
2019-03-15 18:05:38,930|ERROR|27458|File "/usr/lib/python3.5/multiprocessing/pool.py", line 108, in worker
    task = get()
2019-03-15 18:05:38,930|ERROR|27458|File "/usr/lib/python3.5/multiprocessing/process.py", line 93, in run
    self._target(*self._args, **self._kwargs)
2019-03-15 18:05:38,930|ERROR|27458|File "/usr/lib/python3.5/multiprocessing/queues.py", line 342, in get
    with self._rlock:
2019-03-15 18:05:38,930|ERROR|27458|File "/usr/lib/python3.5/multiprocessing/queues.py", line 342, in get
    with self._rlock:
2019-03-15 18:05:38,930|ERROR|27458|File "/usr/lib/python3.5/multiprocessing/queues.py", line 342, in get
    with self._rlock:
2019-03-15 18:05:38,930|ERROR|27458|File "/usr/lib/python3.5/multiprocessing/queues.py", line 342, in get
    with self._rlock:
2019-03-15 18:05:38,930|ERROR|27458|File "/usr/lib/python3.5/multiprocessing/queues.py", line 342, in get
    with self._rlock:
2019-03-15 18:05:38,930|ERROR|27458|File "/usr/lib/python3.5/multiprocessing/queues.py", line 342, in get
    with self._rlock:
2019-03-15 18:05:38,930|ERROR|27458|File "/usr/lib/python3.5/multiprocessing/queues.py", line 342, in get
    with self._rlock:
2019-03-15 18:05:38,930|ERROR|27458|File "/usr/lib/python3.5/multiprocessing/queues.py", line 342, in get
    with self._rlock:
2019-03-15 18:05:38,930|ERROR|27458|File "/usr/lib/python3.5/multiprocessing/pool.py", line 108, in worker
    task = get()
2019-03-15 18:05:38,930|ERROR|27458|File "/usr/lib/python3.5/multiprocessing/synchronize.py", line 96, in __enter__
    return self._semlock.__enter__()
2019-03-15 18:05:38,930|ERROR|27458|File "/usr/lib/python3.5/multiprocessing/synchronize.py", line 96, in __enter__
    return self._semlock.__enter__()
2019-03-15 18:05:38,930|ERROR|27458|File "/usr/lib/python3.5/multiprocessing/synchronize.py", line 96, in __enter__
    return self._semlock.__enter__()
2019-03-15 18:05:38,930|ERROR|27458|File "/usr/lib/python3.5/multiprocessing/synchronize.py", line 96, in __enter__
    return self._semlock.__enter__()
2019-03-15 18:05:38,930|ERROR|27458|File "/usr/lib/python3.5/multiprocessing/synchronize.py", line 96, in __enter__
    return self._semlock.__enter__()
2019-03-15 18:05:38,930|ERROR|27458|File "/usr/lib/python3.5/multiprocessing/synchronize.py", line 96, in __enter__
    return self._semlock.__enter__()
2019-03-15 18:05:38,930|ERROR|27458|File "/usr/lib/python3.5/multiprocessing/synchronize.py", line 96, in __enter__
    return self._semlock.__enter__()
2019-03-15 18:05:38,930|ERROR|27458|File "/usr/lib/python3.5/multiprocessing/synchronize.py", line 96, in __enter__
    return self._semlock.__enter__()
2019-03-15 18:05:38,931|ERROR|27458|File "/usr/lib/python3.5/multiprocessing/queues.py", line 342, in get
    with self._rlock:
2019-03-15 18:05:38,931|ERROR|27458|KeyboardInterrupt
2019-03-15 18:05:38,931|ERROR|27458|KeyboardInterrupt
2019-03-15 18:05:38,931|ERROR|27458|KeyboardInterrupt
2019-03-15 18:05:38,931|ERROR|27458|KeyboardInterrupt
2019-03-15 18:05:38,931|ERROR|27458|KeyboardInterrupt
2019-03-15 18:05:38,931|ERROR|27458|KeyboardInterrupt
2019-03-15 18:05:38,931|ERROR|27458|KeyboardInterrupt
2019-03-15 18:05:38,931|ERROR|27458|KeyboardInterrupt
2019-03-15 18:05:38,931|ERROR|27458|File "/usr/lib/python3.5/multiprocessing/synchronize.py", line 96, in __enter__
    return self._semlock.__enter__()
2019-03-15 18:05:38,932|ERROR|27458|KeyboardInterrupt
2019-03-15 18:05:38,940|ERROR|27458|Process ForkPoolWorker-1:
2019-03-15 18:05:38,943|ERROR|27458|Traceback (most recent call last):
2019-03-15 18:05:38,943|ERROR|27458|File "/usr/lib/python3.5/multiprocessing/process.py", line 249, in _bootstrap
    self.run()
2019-03-15 18:05:38,943|ERROR|27458|File "/usr/lib/python3.5/multiprocessing/process.py", line 93, in run
    self._target(*self._args, **self._kwargs)
2019-03-15 18:05:38,944|ERROR|27458|File "/usr/lib/python3.5/multiprocessing/pool.py", line 108, in worker
    task = get()
2019-03-15 18:05:38,944|ERROR|27458|File "/usr/lib/python3.5/multiprocessing/queues.py", line 342, in get
    with self._rlock:
2019-03-15 18:05:38,944|ERROR|27458|File "/usr/lib/python3.5/multiprocessing/synchronize.py", line 96, in __enter__
    return self._semlock.__enter__()
2019-03-15 18:05:38,944|ERROR|27458|KeyboardInterrupt
2019-03-15 18:05:39,114|ERROR|27458|Traceback (most recent call last):
2019-03-15 18:05:39,115|ERROR|27458|File "back_end/run_schedule.py", line 73, in <module>
2019-03-15 18:05:39,125|ERROR|27458|main()
2019-03-15 18:05:39,126|ERROR|27458|File "back_end/run_schedule.py", line 69, in main
2019-03-15 18:05:39,127|ERROR|27458|run_scheduler(save=None)#"2019_02_25__19_27_42")#"2019_02_22__18_12_46")#"2019_01_16__20_53_43")
2019-03-15 18:05:39,127|ERROR|27458|File "back_end/run_schedule.py", line 65, in run_scheduler
2019-03-15 18:05:39,128|ERROR|27458|solver.solve(verbose=0, print_every=1)
2019-03-15 18:05:39,129|ERROR|27458|File "/web/projects/schedule/back_end/genetic_algorithm.py", line 754, in solve
2019-03-15 18:05:39,130|ERROR|27458|save_schedule(self.current_sched, self.outfolder)
2019-03-15 18:05:39,131|ERROR|27458|File "/web/projects/schedule/back_end/genetic_algorithm.py", line 815, in save_schedule
2019-03-15 18:05:39,132|ERROR|27458|connection.commit()
2019-03-15 18:05:39,132|ERROR|27458|KeyboardInterrupt
