2018-12-14 16:59:40,443|INFO|696|0
2018-12-14 16:59:40,443|INFO|696|Saving schedule. (0)
2018-12-14 16:59:40,489|INFO|696|Round 1: score -33384.00 (-31750). Elapsed time: 1.19 sec.
2018-12-14 16:59:41,357|INFO|696|Round 2: score -29644.42 (-29276). Elapsed time: 2.05 sec.
2018-12-14 16:59:42,345|INFO|696|Round 3: score -23627.86 (-22958). Elapsed time: 3.06 sec.
2018-12-14 16:59:43,398|INFO|696|Round 4: score -23627.86 (-22958). Elapsed time: 4.10 sec.
2018-12-14 16:59:44,403|INFO|696|Round 5: score -23627.86 (-22958). Elapsed time: 5.11 sec.
2018-12-14 16:59:45,435|INFO|696|Round 6: score -22943.14 (-22282). Elapsed time: 6.14 sec.
2018-12-14 16:59:46,480|INFO|696|Round 7: score -18893.56 (-18390). Elapsed time: 7.18 sec.
2018-12-14 16:59:47,555|INFO|696|Round 8: score -18893.56 (-18390). Elapsed time: 8.26 sec.
2018-12-14 16:59:48,651|INFO|696|Round 9: score -18893.56 (-18390). Elapsed time: 9.36 sec.
2018-12-14 16:59:49,737|INFO|696|Saving schedule. (9)
2018-12-14 16:59:49,806|INFO|696|Round 10: score -18437.60 (-18020). Elapsed time: 10.51 sec.
2018-12-14 16:59:55,497|INFO|696|Round 15: score -16409.43 (-16120). Elapsed time: 16.20 sec.
2018-12-14 17:00:00,179|INFO|696|Saving schedule. (18)
2018-12-14 17:00:02,227|INFO|696|Round 20: score -14458.87 (-14280). Elapsed time: 22.93 sec.
2018-12-14 17:00:10,247|INFO|696|Saving schedule. (24)
2018-12-14 17:00:10,454|INFO|696|Round 25: score -13904.39 (-14038). Elapsed time: 31.15 sec.
2018-12-14 17:00:16,681|INFO|696|Round 30: score -6749.77 (-7220). Elapsed time: 37.38 sec.
2018-12-14 17:00:19,309|INFO|696|Saving schedule. (31)
2018-12-14 17:00:23,321|INFO|696|Round 35: score -6685.31 (-7170). Elapsed time: 44.03 sec.
2018-12-14 17:00:29,722|INFO|696|Saving schedule. (39)
2018-12-14 17:00:29,811|INFO|696|Round 40: score -5574.75 (-6126). Elapsed time: 50.52 sec.
2018-12-14 17:00:36,602|INFO|696|Round 45: score -4444.11 (-5008). Elapsed time: 57.31 sec.
2018-12-14 17:00:39,399|INFO|696|Saving schedule. (46)
2018-12-14 17:00:43,768|INFO|696|Round 50: score -2936.52 (-3520). Elapsed time: 1 min, 4.47 sec.
2018-12-14 17:00:49,579|INFO|696|Saving schedule. (53)
2018-12-14 17:00:51,196|INFO|696|Round 55: score -2669.40 (-3270). Elapsed time: 1 min, 11.90 sec.
2018-12-14 17:00:58,402|INFO|696|Round 60: score -2009.75 (-2642). Elapsed time: 1 min, 19.10 sec.
2018-12-14 17:00:59,831|INFO|696|Saving schedule. (60)
2018-12-14 17:01:05,893|INFO|696|Round 65: score -850.82 (-1520). Elapsed time: 1 min, 26.59 sec.
2018-12-14 17:01:10,349|INFO|696|Saving schedule. (67)
2018-12-14 17:01:13,400|INFO|696|Round 70: score -850.82 (-1520). Elapsed time: 1 min, 34.10 sec.
2018-12-14 17:01:20,630|INFO|696|Saving schedule. (74)
2018-12-14 17:01:20,699|INFO|696|Round 75: score -577.05 (-1264). Elapsed time: 1 min, 41.41 sec.
2018-12-14 17:01:28,116|INFO|696|Round 80: score -498.65 (-1176). Elapsed time: 1 min, 48.82 sec.
2018-12-14 17:01:29,597|INFO|696|Saving schedule. (80)
2018-12-14 17:01:35,552|INFO|696|Round 85: score -498.65 (-1176). Elapsed time: 1 min, 56.25 sec.
2018-12-14 17:01:39,843|INFO|696|Saving schedule. (87)
2018-12-14 17:01:42,928|INFO|696|Round 90: score -498.65 (-1176). Elapsed time: 2 min, 3.63 sec.
2018-12-14 17:01:50,263|INFO|696|Saving schedule. (94)
2018-12-14 17:01:50,385|INFO|696|Round 95: score -498.65 (-1176). Elapsed time: 2 min, 11.09 sec.
2018-12-14 17:01:57,635|INFO|696|Round 100: score -498.65 (-1176). Elapsed time: 2 min, 18.35 sec.
2018-12-14 17:02:00,566|INFO|696|Saving schedule. (101)
2018-12-14 17:02:05,051|INFO|696|Round 105: score -498.65 (-1176). Elapsed time: 2 min, 25.76 sec.
2018-12-14 17:02:09,459|INFO|696|Saving schedule. (107)
2018-12-14 17:02:12,392|INFO|696|Round 110: score -481.41 (-1186). Elapsed time: 2 min, 33.10 sec.
2018-12-14 17:02:19,665|INFO|696|Saving schedule. (114)
2018-12-14 17:02:19,734|INFO|696|Round 115: score 122.53 (-540). Elapsed time: 2 min, 40.45 sec.
2018-12-14 17:02:27,062|INFO|696|Round 120: score 374.17 (-286). Elapsed time: 2 min, 47.76 sec.
2018-12-14 17:02:29,970|INFO|696|Saving schedule. (121)
2018-12-14 17:02:34,701|INFO|696|Round 125: score 1774.89 (1106). Elapsed time: 2 min, 55.40 sec.
2018-12-14 17:02:40,848|INFO|696|Saving schedule. (128)
2018-12-14 17:02:42,417|INFO|696|Round 130: score 1774.89 (1106). Elapsed time: 3 min, 3.13 sec.
2018-12-14 17:02:50,065|INFO|696|Saving schedule. (134)
2018-12-14 17:02:50,143|INFO|696|Round 135: score 2424.96 (1788). Elapsed time: 3 min, 10.85 sec.
2018-12-14 17:02:57,656|INFO|696|Round 140: score 3836.32 (3272). Elapsed time: 3 min, 18.36 sec.
2018-12-14 17:03:00,767|INFO|696|Saving schedule. (141)
2018-12-14 17:03:05,617|INFO|696|Round 145: score 4061.92 (3514). Elapsed time: 3 min, 26.32 sec.
2018-12-14 17:03:10,192|INFO|696|Saving schedule. (147)
2018-12-14 17:03:13,447|INFO|696|Round 150: score 4061.92 (3514). Elapsed time: 3 min, 34.16 sec.
2018-12-14 17:03:19,335|INFO|696|Saving schedule. (153)
2018-12-14 17:03:20,969|INFO|696|Round 155: score 4061.92 (3514). Elapsed time: 3 min, 41.68 sec.
2018-12-14 17:03:28,462|INFO|696|Round 160: score 4084.03 (3536). Elapsed time: 3 min, 49.17 sec.
2018-12-14 17:03:30,061|INFO|696|Saving schedule. (160)
2018-12-14 17:03:36,014|INFO|696|Round 165: score 4440.47 (3910). Elapsed time: 3 min, 56.72 sec.
2018-12-14 17:03:40,466|INFO|696|Saving schedule. (167)
2018-12-14 17:03:43,589|INFO|696|Round 170: score 4440.47 (3910). Elapsed time: 4 min, 4.29 sec.
2018-12-14 17:03:49,856|INFO|696|Saving schedule. (173)
2018-12-14 17:03:51,525|INFO|696|Round 175: score 4440.47 (3910). Elapsed time: 4 min, 12.22 sec.
