2019-02-27 19:04:21,794|INFO|30357|0
2019-02-27 19:04:21,808|INFO|30357|Saving schedule. (0)
2019-02-27 19:04:22,311|INFO|30357|Round 1: score -10330.00 (0.00). Elapsed time: 1.20 sec.
2019-02-27 19:04:22,347|INFO|30357|New:
2019-02-27 19:04:22,358|INFO|30357|St base: 0.00, St addl: 0.00, S conflict: 0.00, T conflict: 0.00, Per spread: -10330.00, Sec penalty: 0.00
2019-02-27 19:04:22,358|INFO|30357|0
2019-02-27 19:04:22,359|INFO|30357|-10330
2019-02-27 19:04:22,359|INFO|30357|Old:
2019-02-27 19:04:22,371|INFO|30357|St base: 0.00, St addl: 0.00, S conflict: 0.00, T conflict: 0.00, Per spread: -10330.00, Sec penalty: 0.00
2019-02-27 19:04:22,371|INFO|30357|0
2019-02-27 19:04:22,371|INFO|30357|-10330
2019-02-27 19:04:22,415|INFO|30357|Round 2: score -10330.00 (0.00). Elapsed time: 1.30 sec.
2019-02-27 19:04:22,468|INFO|30357|Section 9828T1-01: Piccione Course 9828T1 Energy Systems Research P4 YR
2019-02-27 19:04:22,468|INFO|30357|5
2019-02-27 19:04:22,469|INFO|30357|Section 280404-02: Jibladze Course 280404 AP Macro/Micro Economics P1 YR
2019-02-27 19:04:22,469|INFO|30357|7
2019-02-27 19:04:22,469|INFO|30357|Section 317004-04: Jirari Scavotto Course 317004 AP Calculus AB P3 YR
2019-02-27 19:04:22,469|INFO|30357|4
2019-02-27 19:04:22,469|INFO|30357|Section 4520T4-01: Luo Course 4520T4 Quantum Physics and Optics Research P6 YR
2019-02-27 19:04:22,469|INFO|30357|7
2019-02-27 19:04:22,470|INFO|30357|Section 319917-02: Zacharias Course 319917 Computer Vision 2 P1 S2
2019-02-27 19:04:22,470|INFO|30357|7
2019-02-27 19:04:22,470|INFO|30357|Section 319800-02: Osborne Course 319800 Matrix Algebra P7 S2
2019-02-27 19:04:22,470|INFO|30357|6
2019-02-27 19:04:24,280|INFO|30357|New:
2019-02-27 19:04:24,337|INFO|30357|St base: 40850.00, St addl: 2039.33, S conflict: 0.00, T conflict: 0.00, Per spread: -10290.00, Sec penalty: 0.00
2019-02-27 19:04:24,337|INFO|30357|40850
2019-02-27 19:04:24,337|INFO|30357|32599.331506477953
2019-02-27 19:04:24,337|INFO|30357|Old:
2019-02-27 19:04:24,348|INFO|30357|St base: 0.00, St addl: 0.00, S conflict: 0.00, T conflict: 0.00, Per spread: -10330.00, Sec penalty: 0.00
2019-02-27 19:04:24,348|INFO|30357|0
2019-02-27 19:04:24,348|INFO|30357|-10329.995864692157
2019-02-27 19:04:24,533|INFO|30357|Round 3: score 41183.78 (40850.00). Elapsed time: 3.42 sec.
2019-02-27 19:04:24,576|INFO|30357|Section 316055-07: Choi Course 316055 TJHSST Math 5 P7 S2
2019-02-27 19:04:24,576|INFO|30357|6
2019-02-27 19:04:24,576|INFO|30357|Section 317004-06: Lampazzi Course 317004 AP Calculus AB P6 YR
2019-02-27 19:04:24,576|INFO|30357|3
2019-02-27 19:04:24,576|INFO|30357|Section 4220T1-16: Woodwell Course 4220T1 Geosystems P3 YR
2019-02-27 19:04:24,576|INFO|30357|6
2019-02-27 19:04:24,576|INFO|30357|Section 527004-01: Oszko Course 527004 AP German Language P5 YR
2019-02-27 19:04:24,577|INFO|30357|6
2019-02-27 19:04:24,577|INFO|30357|Section 121700-01: Harris Course 121700 Photo Journalism 3 P2 YR
2019-02-27 19:04:24,577|INFO|30357|7
2019-02-27 19:04:24,577|INFO|30357|Section 3190T1-04: Carey Course 3190T1 TJHSST Research & Statistics 1 P7 S1
2019-02-27 19:04:24,577|INFO|30357|5
2019-02-27 19:04:24,577|INFO|30357|Section 317704-02: Auerbach Course 317704 AP Calculus BC P1 YR
2019-02-27 19:04:24,577|INFO|30357|6
2019-02-27 19:04:24,578|INFO|30357|Section 3190T1-14: Gabriel Course 3190T1 TJHSST Research & Statistics 1 P4 S1
2019-02-27 19:04:24,578|INFO|30357|3
2019-02-27 19:04:24,578|INFO|30357|Section 923816-07: Bailey Course 923816 Intermediate Orchestra (Concert) P1 YR
2019-02-27 19:04:24,578|INFO|30357|7
2019-02-27 19:04:26,242|INFO|30357|New:
2019-02-27 19:04:26,299|INFO|30357|St base: 41034.00, St addl: 635.64, S conflict: 0.00, T conflict: 0.00, Per spread: -349.12, Sec penalty: 0.00
2019-02-27 19:04:26,299|INFO|30357|41034
2019-02-27 19:04:26,299|INFO|30357|41320.51846814247
2019-02-27 19:04:26,300|INFO|30357|Old:
2019-02-27 19:04:26,359|INFO|30357|St base: 40850.00, St addl: 675.92, S conflict: 0.00, T conflict: 0.00, Per spread: -342.14, Sec penalty: 0.00
2019-02-27 19:04:26,359|INFO|30357|40850
2019-02-27 19:04:26,359|INFO|30357|41183.77559741163
2019-02-27 19:04:26,535|INFO|30357|Round 4: score 41322.90 (41034.00). Elapsed time: 5.42 sec.
2019-02-27 19:04:26,581|INFO|30357|Section 513000-01: Van De Kamp Washington Course 513000 French 3 P1 YR
2019-02-27 19:04:26,581|INFO|30357|2
2019-02-27 19:04:26,581|INFO|30357|Section 3190T1-14: Gabriel Course 3190T1 TJHSST Research & Statistics 1 P3 S1
2019-02-27 19:04:26,582|INFO|30357|1
2019-02-27 19:04:28,303|INFO|30357|New:
2019-02-27 19:04:28,370|INFO|30357|St base: 41140.00, St addl: 616.32, S conflict: 0.00, T conflict: 0.00, Per spread: -336.44, Sec penalty: 0.00
2019-02-27 19:04:28,370|INFO|30357|41140
2019-02-27 19:04:28,370|INFO|30357|41419.88306735573
2019-02-27 19:04:28,370|INFO|30357|Old:
2019-02-27 19:04:28,435|INFO|30357|St base: 41034.00, St addl: 624.07, S conflict: 0.00, T conflict: 0.00, Per spread: -335.16, Sec penalty: 0.00
2019-02-27 19:04:28,435|INFO|30357|41034
2019-02-27 19:04:28,435|INFO|30357|41322.90246733257
2019-02-27 19:04:28,634|INFO|30357|Round 5: score 41421.22 (41140.00). Elapsed time: 7.52 sec.
2019-02-27 19:04:28,687|INFO|30357|Section 119662-02: Lang Boswell Course 119662 AP English Language / Global Studies P6 YR
2019-02-27 19:04:28,687|INFO|30357|3
2019-02-27 19:04:28,688|INFO|30357|Section 4410T1-05: Jones Course 4410T1 Chemistry 1 P4 YR
2019-02-27 19:04:28,688|INFO|30357|2
2019-02-27 19:04:28,688|INFO|30357|Section 581000-01: Chen Course 581000 Chinese 1 P1 YR
2019-02-27 19:04:28,688|INFO|30357|2
2019-02-27 19:04:28,688|INFO|30357|Section 3190T2-03: Scott Course 3190T2 TJHSST Research & Statistics 2 P4 S2
2019-02-27 19:04:28,688|INFO|30357|2
2019-02-27 19:04:28,689|INFO|30357|Section 1150T1-16: Miller Course 1150T1 English 11 (teamed with AP US History) P1 YR
2019-02-27 19:04:28,689|INFO|30357|7
2019-02-27 19:04:28,689|INFO|30357|Section 316055-15: Schmitt Course 316055 TJHSST Math 5 P3 S2
2019-02-27 19:04:28,689|INFO|30357|4
2019-02-27 19:04:28,689|INFO|30357|Section 000932-07: Teacherless Course 000932 See Counselor P3 YR
2019-02-27 19:04:28,689|INFO|30357|3
2019-02-27 19:04:28,690|INFO|30357|Section 923915-04: Bailey Course 923915 Intermed Orchestra (Concert) P2 YR
2019-02-27 19:04:28,690|INFO|30357|4
2019-02-27 19:04:28,690|INFO|30357|Section 447004-06: Taylor Course 447004 AP Chemistry P2 YR
2019-02-27 19:04:28,690|INFO|30357|3
2019-02-27 19:04:30,357|INFO|30357|New:
2019-02-27 19:04:30,414|INFO|30357|St base: 40898.00, St addl: 620.36, S conflict: 0.00, T conflict: 0.00, Per spread: -330.06, Sec penalty: 0.00
2019-02-27 19:04:30,415|INFO|30357|40898
2019-02-27 19:04:30,415|INFO|30357|41188.308087866746
2019-02-27 19:04:30,415|INFO|30357|Old:
2019-02-27 19:04:30,473|INFO|30357|St base: 41140.00, St addl: 609.71, S conflict: 0.00, T conflict: 0.00, Per spread: -328.50, Sec penalty: 0.00
2019-02-27 19:04:30,474|INFO|30357|41140
2019-02-27 19:04:30,474|INFO|30357|41421.216703788865
2019-02-27 19:04:30,647|INFO|30357|Round 6: score 41421.22 (41140.00). Elapsed time: 9.53 sec.
2019-02-27 19:04:30,694|INFO|30357|Section 2219T1-01: Yi Course 2219T1 Ancient and Classical Civilizations P7 YR
2019-02-27 19:04:30,694|INFO|30357|5
2019-02-27 19:04:30,695|INFO|30357|Section 244504-09: Hamrick Course 244504 AP US Government and Politics P1 YR
2019-02-27 19:04:30,695|INFO|30357|6
2019-02-27 19:04:30,695|INFO|30357|Section 1150T1-15: Miller Course 1150T1 English 11 (teamed with AP US History) P4 YR
2019-02-27 19:04:30,695|INFO|30357|6
2019-02-27 19:04:30,695|INFO|30357|Section 119504-05: Lebryk-Chao Course 119504 AP English Literature and Composition P5 YR
2019-02-27 19:04:30,696|INFO|30357|4
2019-02-27 19:04:30,696|INFO|30357|Section 319917-02: Zacharias Course 319917 Computer Vision 2 P7 S2
2019-02-27 19:04:30,696|INFO|30357|1
2019-02-27 19:04:30,696|INFO|30357|Section 2221T1-06: Yi Course 2221T1 World History and Geography 2 Honors P1 YR
2019-02-27 19:04:30,696|INFO|30357|5
2019-02-27 19:04:30,696|INFO|30357|Section 535000-01: Conklin Course 535000 Latin 5 P6 YR
2019-02-27 19:04:30,696|INFO|30357|2
2019-02-27 19:04:30,697|INFO|30357|Section 2360T1-02: Hurowitz Course 2360T1 US and Virginia History Honors P7 YR
2019-02-27 19:04:30,697|INFO|30357|4
2019-02-27 19:04:30,697|INFO|30357|Section 447004-04: Kauffman Course 447004 AP Chemistry P2 YR
2019-02-27 19:04:30,697|INFO|30357|4
2019-02-27 19:04:32,303|INFO|30357|New:
2019-02-27 19:04:32,360|INFO|30357|St base: 41116.00, St addl: 623.54, S conflict: 0.00, T conflict: 0.00, Per spread: -332.55, Sec penalty: 0.00
2019-02-27 19:04:32,361|INFO|30357|41116
2019-02-27 19:04:32,361|INFO|30357|41406.99486376458
2019-02-27 19:04:32,361|INFO|30357|Old:
2019-02-27 19:04:32,420|INFO|30357|St base: 41140.00, St addl: 609.71, S conflict: 0.00, T conflict: 0.00, Per spread: -328.50, Sec penalty: 0.00
2019-02-27 19:04:32,421|INFO|30357|41140
2019-02-27 19:04:32,421|INFO|30357|41421.216703788865
2019-02-27 19:04:32,487|INFO|30357|Saving schedule. (6)
2019-02-27 19:04:33,084|INFO|30357|Round 7: score 41421.22 (41140.00). Elapsed time: 11.97 sec.
2019-02-27 19:04:33,143|INFO|30357|Section 119604-03: Seavey Course 119604 AP English 12 Language and Composition P7 YR
2019-02-27 19:04:33,143|INFO|30357|2
2019-02-27 19:04:33,144|INFO|30357|Section 244506-02: Zack Course 244506 AP US Government / Senior Seminar P6 YR
2019-02-27 19:04:33,144|INFO|30357|5
2019-02-27 19:04:33,144|INFO|30357|Section 4320T5-01: Hannum Course 4320T5 Neuroscience Research P1 S1
2019-02-27 19:04:33,144|INFO|30357|4
2019-02-27 19:04:35,125|INFO|30357|New:
2019-02-27 19:04:35,195|INFO|30357|St base: 40944.00, St addl: 633.11, S conflict: 0.00, T conflict: 0.00, Per spread: -329.12, Sec penalty: 0.00
2019-02-27 19:04:35,195|INFO|30357|40944
2019-02-27 19:04:35,195|INFO|30357|41247.98755076305
2019-02-27 19:04:35,195|INFO|30357|Old:
2019-02-27 19:04:35,264|INFO|30357|St base: 41140.00, St addl: 609.71, S conflict: 0.00, T conflict: 0.00, Per spread: -328.50, Sec penalty: 0.00
2019-02-27 19:04:35,264|INFO|30357|41140
2019-02-27 19:04:35,265|INFO|30357|41421.216703788865
2019-02-27 19:04:35,483|INFO|30357|Round 8: score 41421.22 (41140.00). Elapsed time: 14.37 sec.
2019-02-27 19:04:35,539|INFO|30357|Section 3184T1-02: Billington Course 3184T1 Foundations of Computer Science P6 YR
2019-02-27 19:04:35,539|INFO|30357|7
2019-02-27 19:04:35,539|INFO|30357|Section 532000-01: Lister Course 532000 Latin 2 P7 YR
2019-02-27 19:04:35,540|INFO|30357|5
2019-02-27 19:04:35,540|INFO|30357|Section 918132-01: Davis Course 918132 Computer Graphics 2 P7 S2
2019-02-27 19:04:35,540|INFO|30357|6
2019-02-27 19:04:37,432|INFO|30357|New:
2019-02-27 19:04:37,500|INFO|30357|St base: 41224.00, St addl: 629.65, S conflict: 0.00, T conflict: 0.00, Per spread: -329.74, Sec penalty: 0.00
2019-02-27 19:04:37,500|INFO|30357|41224
2019-02-27 19:04:37,500|INFO|30357|41523.90901831632
2019-02-27 19:04:37,500|INFO|30357|Old:
2019-02-27 19:04:37,566|INFO|30357|St base: 41140.00, St addl: 609.71, S conflict: 0.00, T conflict: 0.00, Per spread: -328.50, Sec penalty: 0.00
2019-02-27 19:04:37,566|INFO|30357|41140
2019-02-27 19:04:37,566|INFO|30357|41421.216703788865
2019-02-27 19:04:37,781|INFO|30357|Round 9: score 41524.74 (41224.00). Elapsed time: 16.67 sec.
2019-02-27 19:04:37,835|INFO|30357|Section 740500-05: Arthur Course 740500 Health and Physical Education 10 with Driver Education P1 YR
2019-02-27 19:04:37,835|INFO|30357|5
2019-02-27 19:04:37,836|INFO|30357|Section 457004-01: Forbes Course 457004 AP Physics C -- Mechanics and Electricity and Magnetism P6 YR
2019-02-27 19:04:37,836|INFO|30357|5
2019-02-27 19:04:39,529|INFO|30357|New:
2019-02-27 19:04:39,593|INFO|30357|St base: 41174.00, St addl: 623.14, S conflict: 0.00, T conflict: 0.00, Per spread: -321.96, Sec penalty: 0.00
2019-02-27 19:04:39,593|INFO|30357|41174
2019-02-27 19:04:39,593|INFO|30357|41475.175265022655
2019-02-27 19:04:39,593|INFO|30357|Old:
2019-02-27 19:04:39,654|INFO|30357|St base: 41224.00, St addl: 624.23, S conflict: 0.00, T conflict: 0.00, Per spread: -323.49, Sec penalty: 0.00
2019-02-27 19:04:39,654|INFO|30357|41224
2019-02-27 19:04:39,654|INFO|30357|41524.738303988415
2019-02-27 19:04:39,836|INFO|30357|Round 10: score 41524.74 (41224.00). Elapsed time: 18.72 sec.
2019-02-27 19:04:39,975|INFO|30357|Section 3184T2-03: Rose Course 3184T2 Foundations of Computer Science Accelerated P5 YR
2019-02-27 19:04:39,975|INFO|30357|7
2019-02-27 19:04:39,975|INFO|30357|Section 4220T1-11: Stickler Course 4220T1 Geosystems P4 YR
2019-02-27 19:04:39,975|INFO|30357|6
2019-02-27 19:04:39,975|INFO|30357|Section 318561-07: Jurj Course 318561 AP Computer Science A plus Data Structures P3 YR
2019-02-27 19:04:39,976|INFO|30357|6
2019-02-27 19:04:39,976|INFO|30357|Section 4220T1-08: Cullen Course 4220T1 Geosystems P5 YR
2019-02-27 19:04:39,976|INFO|30357|2
2019-02-27 19:04:39,976|INFO|30357|Section 553000-04: Mateo Course 553000 Spanish 3 P2 YR
2019-02-27 19:04:39,976|INFO|30357|7
2019-02-27 19:04:39,976|INFO|30357|Section 4320T6-05: Cobb Course 4320T6 DNA Science 1 P1 S1
2019-02-27 19:04:39,977|INFO|30357|6
2019-02-27 19:04:41,823|INFO|30357|New:
2019-02-27 19:04:41,886|INFO|30357|St base: 41116.00, St addl: 603.58, S conflict: 0.00, T conflict: 0.00, Per spread: -327.16, Sec penalty: 0.00
2019-02-27 19:04:41,886|INFO|30357|41116
2019-02-27 19:04:41,886|INFO|30357|41392.41677238361
2019-02-27 19:04:41,886|INFO|30357|Old:
2019-02-27 19:04:41,951|INFO|30357|St base: 41224.00, St addl: 624.23, S conflict: 0.00, T conflict: 0.00, Per spread: -323.49, Sec penalty: 0.00
2019-02-27 19:04:41,951|INFO|30357|41224
2019-02-27 19:04:41,952|INFO|30357|41524.738303988415
2019-02-27 19:04:42,028|INFO|30357|Saving schedule. (10)
2019-02-27 19:04:42,528|INFO|30357|Round 11: score 41524.74 (41224.00). Elapsed time: 21.42 sec.
2019-02-27 19:04:42,575|INFO|30357|Section 313754-03: Jirari Scavotto Course 313754 TJHSST Math 4 P1 S2
2019-02-27 19:04:42,576|INFO|30357|3
2019-02-27 19:04:44,436|INFO|30357|New:
2019-02-27 19:04:44,501|INFO|30357|St base: 41160.00, St addl: 630.26, S conflict: 0.00, T conflict: 0.00, Per spread: -321.66, Sec penalty: 0.00
2019-02-27 19:04:44,501|INFO|30357|41160
2019-02-27 19:04:44,501|INFO|30357|41468.60293932483
2019-02-27 19:04:44,501|INFO|30357|Old:
2019-02-27 19:04:44,566|INFO|30357|St base: 41224.00, St addl: 624.23, S conflict: 0.00, T conflict: 0.00, Per spread: -323.49, Sec penalty: 0.00
2019-02-27 19:04:44,566|INFO|30357|41224
2019-02-27 19:04:44,566|INFO|30357|41524.738303988415
2019-02-27 19:04:44,766|INFO|30357|Round 12: score 41524.74 (41224.00). Elapsed time: 23.65 sec.
2019-02-27 19:04:44,814|INFO|30357|Section 3199T3-02: Zacharias Course 3199T3 Computer Systems Research P5 YR
2019-02-27 19:04:44,814|INFO|30357|1
2019-02-27 19:04:44,815|INFO|30357|Section 114000-05: Miller Course 114000 English 10 (CHUM) P2 YR
2019-02-27 19:04:44,815|INFO|30357|5
2019-02-27 19:04:44,815|INFO|30357|Section 9828T8-01: Piccione Course 9828T8 Alternate Energy Systems P3 S2
2019-02-27 19:04:44,815|INFO|30357|5
2019-02-27 19:04:44,815|INFO|30357|Section 317004-02: Choi Course 317004 AP Calculus AB P2 YR
2019-02-27 19:04:44,815|INFO|30357|7
2019-02-27 19:04:44,816|INFO|30357|Section 2950T1-02: Bourjaily Course 2950T1 Inquiry in Ideas P1 S2
2019-02-27 19:04:44,816|INFO|30357|2
2019-02-27 19:04:44,816|INFO|30357|Section 317704-02: Auerbach Course 317704 AP Calculus BC P6 YR
2019-02-27 19:04:44,816|INFO|30357|3
2019-02-27 19:04:44,816|INFO|30357|Section 231905-07: Schgallis Course 231905 AP US History P1 YR
2019-02-27 19:04:44,816|INFO|30357|2
2019-02-27 19:04:44,817|INFO|30357|Section 584004-01: Xu Course 584004 AP Chinese P3 YR
2019-02-27 19:04:44,817|INFO|30357|4
2019-02-27 19:04:46,556|INFO|30357|New:
2019-02-27 19:04:46,617|INFO|30357|St base: 41276.00, St addl: 614.29, S conflict: 0.00, T conflict: 0.00, Per spread: -322.58, Sec penalty: 0.00
2019-02-27 19:04:46,617|INFO|30357|41276
2019-02-27 19:04:46,617|INFO|30357|41567.71193013363
2019-02-27 19:04:46,617|INFO|30357|Old:
2019-02-27 19:04:46,675|INFO|30357|St base: 41224.00, St addl: 624.23, S conflict: 0.00, T conflict: 0.00, Per spread: -323.49, Sec penalty: 0.00
2019-02-27 19:04:46,675|INFO|30357|41224
2019-02-27 19:04:46,675|INFO|30357|41524.738303988415
2019-02-27 19:04:46,849|INFO|30357|Round 13: score 41568.23 (41276.00). Elapsed time: 25.74 sec.
2019-02-27 19:04:46,890|INFO|30357|Section 231905-11: Struck Course 231905 AP US History P3 YR
2019-02-27 19:04:46,890|INFO|30357|1
2019-02-27 19:04:46,890|INFO|30357|Section 5150T1-01: Delfosse Course 5150T1 French 5 Sem1 P4 S1
2019-02-27 19:04:46,890|INFO|30357|2
2019-02-27 19:04:46,891|INFO|30357|Section 4220T1-16: Woodwell Course 4220T1 Geosystems P6 YR
2019-02-27 19:04:46,891|INFO|30357|3
2019-02-27 19:04:46,891|INFO|30357|Section 3199J2-03: Kosek Course 3199J2 Mobile Application Development P2 S1
2019-02-27 19:04:46,891|INFO|30357|7
2019-02-27 19:04:46,891|INFO|30357|Section 317704-14: Spoden Course 317704 AP Calculus BC P4 YR
2019-02-27 19:04:46,891|INFO|30357|7
2019-02-27 19:04:46,892|INFO|30357|Section 316055-12: Lightner Course 316055 TJHSST Math 5 P1 S2
2019-02-27 19:04:46,892|INFO|30357|6
2019-02-27 19:04:46,892|INFO|30357|Section 119604-05: Williams Course 119604 AP English 12 Language and Composition P7 YR
2019-02-27 19:04:46,892|INFO|30357|5
2019-02-27 19:04:46,892|INFO|30357|Section 244504-04: Hamrick Course 244504 AP US Government and Politics P4 YR
2019-02-27 19:04:46,892|INFO|30357|2
2019-02-27 19:04:48,755|INFO|30357|New:
2019-02-27 19:04:48,829|INFO|30357|St base: 41200.00, St addl: 625.12, S conflict: 0.00, T conflict: 0.00, Per spread: -313.31, Sec penalty: 0.00
2019-02-27 19:04:48,830|INFO|30357|41200
2019-02-27 19:04:48,830|INFO|30357|41511.80710404844
2019-02-27 19:04:48,830|INFO|30357|Old:
2019-02-27 19:04:48,900|INFO|30357|St base: 41276.00, St addl: 610.98, S conflict: 0.00, T conflict: 0.00, Per spread: -318.75, Sec penalty: 0.00
2019-02-27 19:04:48,900|INFO|30357|41276
2019-02-27 19:04:48,900|INFO|30357|41568.232443048444
2019-02-27 19:04:49,125|INFO|30357|Round 14: score 41568.23 (41276.00). Elapsed time: 28.01 sec.
2019-02-27 19:04:49,176|INFO|30357|Section 3190T1-08: Lightner Course 3190T1 TJHSST Research & Statistics 1 P4 S1
2019-02-27 19:04:49,176|INFO|30357|3
2019-02-27 19:04:49,176|INFO|30357|Section 546004-01: Sandstrom Course 546004 AP Russian Language P2 YR
2019-02-27 19:04:49,176|INFO|30357|1
2019-02-27 19:04:49,176|INFO|30357|Section 144632-01: Pollet Course 144632 Film Study P2 S1
2019-02-27 19:04:49,177|INFO|30357|4
2019-02-27 19:04:49,177|INFO|30357|Section 000932-01: Teacherless Course 000932 See Counselor P1 YR
2019-02-27 19:04:49,177|INFO|30357|1
2019-02-27 19:04:49,177|INFO|30357|Section 3184T1-02: Billington Course 3184T1 Foundations of Computer Science P7 YR
2019-02-27 19:04:49,177|INFO|30357|2
2019-02-27 19:04:49,177|INFO|30357|Section 552000-02: Pou Course 552000 Spanish 2 P2 YR
2019-02-27 19:04:49,177|INFO|30357|7
2019-02-27 19:04:49,178|INFO|30357|Section 557004-02: Gendive Course 557004 AP Spanish Language P5 YR
2019-02-27 19:04:49,178|INFO|30357|1
2019-02-27 19:04:51,184|INFO|30357|New:
2019-02-27 19:04:51,247|INFO|30357|St base: 40972.00, St addl: 617.86, S conflict: 0.00, T conflict: 0.00, Per spread: -319.05, Sec penalty: 0.00
2019-02-27 19:04:51,248|INFO|30357|40972
2019-02-27 19:04:51,248|INFO|30357|41270.81552704348
2019-02-27 19:04:51,248|INFO|30357|Old:
2019-02-27 19:04:51,310|INFO|30357|St base: 41276.00, St addl: 610.98, S conflict: 0.00, T conflict: 0.00, Per spread: -318.75, Sec penalty: 0.00
2019-02-27 19:04:51,310|INFO|30357|41276
2019-02-27 19:04:51,310|INFO|30357|41568.232443048444
2019-02-27 19:04:51,395|INFO|30357|Saving schedule. (14)
2019-02-27 19:04:52,121|INFO|30357|Round 15: score 41568.23 (41276.00). Elapsed time: 31.01 sec.
2019-02-27 19:04:52,172|INFO|30357|Section 583000-01: Xu Course 583000 Chinese 3 P1 YR
2019-02-27 19:04:52,173|INFO|30357|6
2019-02-27 19:04:52,173|INFO|30357|Section 3199T0-03: White Course 3199T0 Cryptography P5 S1
2019-02-27 19:04:52,173|INFO|30357|2
2019-02-27 19:04:52,173|INFO|30357|Section 913032-01: Davis Course 913032 Art 2 P2 S2
2019-02-27 19:04:52,173|INFO|30357|7
2019-02-27 19:04:54,090|INFO|30357|New:
2019-02-27 19:04:54,154|INFO|30357|St base: 41066.00, St addl: 613.18, S conflict: 0.00, T conflict: 0.00, Per spread: -318.75, Sec penalty: 0.00
2019-02-27 19:04:54,154|INFO|30357|41066
2019-02-27 19:04:54,154|INFO|30357|41360.431114276864
2019-02-27 19:04:54,154|INFO|30357|Old:
2019-02-27 19:04:54,218|INFO|30357|St base: 41276.00, St addl: 610.98, S conflict: 0.00, T conflict: 0.00, Per spread: -318.75, Sec penalty: 0.00
2019-02-27 19:04:54,218|INFO|30357|41276
2019-02-27 19:04:54,218|INFO|30357|41568.232443048444
2019-02-27 19:04:54,414|INFO|30357|Round 16: score 41568.23 (41276.00). Elapsed time: 33.30 sec.
2019-02-27 19:04:54,460|INFO|30357|Section 290204-04: Muir Course 290204 AP Psychology P5 YR
2019-02-27 19:04:54,461|INFO|30357|7
2019-02-27 19:04:54,461|INFO|30357|Section 4310T1-02: Holman Course 4310T1 Biology 1 P4 YR
2019-02-27 19:04:54,461|INFO|30357|3
2019-02-27 19:04:54,461|INFO|30357|Section 1150T1-14: Burdick-Zupancic Course 1150T1 English 11 (teamed with AP US History) P3 YR
2019-02-27 19:04:54,461|INFO|30357|1
2019-02-27 19:04:54,461|INFO|30357|Section 3199J1-04: Torbert Course 3199J1 Web Application Development P4 S2
2019-02-27 19:04:54,461|INFO|30357|1
2019-02-27 19:04:54,462|INFO|30357|Section 2221T1-09: Porcelli Course 2221T1 World History and Geography 2 Honors P7 YR
2019-02-27 19:04:54,462|INFO|30357|2
2019-02-27 19:04:54,462|INFO|30357|Section 3190T1-10: Scott Course 3190T1 TJHSST Research & Statistics 1 P3 S1
2019-02-27 19:04:54,462|INFO|30357|4
2019-02-27 19:04:56,123|INFO|30357|New:
2019-02-27 19:04:56,181|INFO|30357|St base: 41140.00, St addl: 626.42, S conflict: 0.00, T conflict: 0.00, Per spread: -315.73, Sec penalty: 0.00
2019-02-27 19:04:56,181|INFO|30357|41140
2019-02-27 19:04:56,181|INFO|30357|41450.69642734768
2019-02-27 19:04:56,181|INFO|30357|Old:
2019-02-27 19:04:56,239|INFO|30357|St base: 41276.00, St addl: 610.98, S conflict: 0.00, T conflict: 0.00, Per spread: -318.75, Sec penalty: 0.00
2019-02-27 19:04:56,239|INFO|30357|41276
2019-02-27 19:04:56,239|INFO|30357|41568.232443048444
2019-02-27 19:04:56,416|INFO|30357|Round 17: score 41568.23 (41276.00). Elapsed time: 35.30 sec.
2019-02-27 19:04:56,465|INFO|30357|Section 244504-03: Hamrick Course 244504 AP US Government and Politics P7 YR
2019-02-27 19:04:56,465|INFO|30357|6
2019-02-27 19:04:56,466|INFO|30357|Section 317004-08: Lampazzi Course 317004 AP Calculus AB P2 YR
2019-02-27 19:04:56,466|INFO|30357|4
2019-02-27 19:04:56,466|INFO|30357|Section 9826T9-02: Dela Cuesta Course 9826T9 Automation and Robotics Research P6 YR
2019-02-27 19:04:56,466|INFO|30357|7
2019-02-27 19:04:56,466|INFO|30357|Section 313753-03: Hill Course 313753 TJHSST Math 3 P7 S2
2019-02-27 19:04:56,467|INFO|30357|3
2019-02-27 19:04:56,467|INFO|30357|Section 313754-03: Jirari Scavotto Course 313754 TJHSST Math 4 P1 S2
2019-02-27 19:04:56,467|INFO|30357|6
2019-02-27 19:04:58,346|INFO|30357|New:
2019-02-27 19:04:58,413|INFO|30357|St base: 41252.00, St addl: 635.34, S conflict: 0.00, T conflict: 0.00, Per spread: -319.35, Sec penalty: 0.00
2019-02-27 19:04:58,413|INFO|30357|41252
2019-02-27 19:04:58,413|INFO|30357|41567.98801591346
2019-02-27 19:04:58,414|INFO|30357|Old:
2019-02-27 19:04:58,479|INFO|30357|St base: 41276.00, St addl: 610.98, S conflict: 0.00, T conflict: 0.00, Per spread: -318.75, Sec penalty: 0.00
2019-02-27 19:04:58,479|INFO|30357|41276
2019-02-27 19:04:58,479|INFO|30357|41568.232443048444
2019-02-27 19:04:58,689|INFO|30357|Round 18: score 41568.23 (41276.00). Elapsed time: 37.58 sec.
2019-02-27 19:04:58,850|INFO|30357|Section 313754-15: Lightner Course 313754 TJHSST Math 4 P7 S1
2019-02-27 19:04:58,850|INFO|30357|3
2019-02-27 19:04:58,850|INFO|30357|Section 9826T7-03: Dela Cuesta Course 9826T7 Automation and Robotics 2 Microcontroller Based Systems P5 S2
2019-02-27 19:04:58,851|INFO|30357|6
2019-02-27 19:04:58,851|INFO|30357|Section 313754-17: Schmitt Course 313754 TJHSST Math 4 P3 S1
2019-02-27 19:04:58,851|INFO|30357|1
2019-02-27 19:04:58,851|INFO|30357|Section 730000-04: Stile Course 730000 Health and Physical Education 9 P4 YR
2019-02-27 19:04:58,851|INFO|30357|3
2019-02-27 19:04:58,852|INFO|30357|Section 740500-01: Stile Course 740500 Health and Physical Education 10 with Driver Education P4 YR
2019-02-27 19:04:58,852|INFO|30357|2
2019-02-27 19:04:58,852|INFO|30357|Section 525000-01: Oszko Course 525000 German 5 P6 YR
2019-02-27 19:04:58,852|INFO|30357|3
2019-02-27 19:04:58,852|INFO|30357|Section 4510T1-03: Forbes Course 4510T1 Physics 1 P1 YR
2019-02-27 19:04:58,852|INFO|30357|3
2019-02-27 19:04:58,853|INFO|30357|Section 317704-15: Spoden Course 317704 AP Calculus BC P2 YR
2019-02-27 19:04:58,853|INFO|30357|3
2019-02-27 19:04:58,853|INFO|30357|Section 553000-05: Rayas Abundis Course 553000 Spanish 3 P1 YR
2019-02-27 19:04:58,853|INFO|30357|2
2019-02-27 19:05:00,631|INFO|30357|New:
2019-02-27 19:05:00,693|INFO|30357|St base: 41262.00, St addl: 622.38, S conflict: 0.00, T conflict: 0.00, Per spread: -326.30, Sec penalty: 0.00
2019-02-27 19:05:00,693|INFO|30357|41262
2019-02-27 19:05:00,693|INFO|30357|41558.08042488434
2019-02-27 19:05:00,693|INFO|30357|Old:
2019-02-27 19:05:00,755|INFO|30357|St base: 41276.00, St addl: 610.98, S conflict: 0.00, T conflict: 0.00, Per spread: -318.75, Sec penalty: 0.00
2019-02-27 19:05:00,755|INFO|30357|41276
2019-02-27 19:05:00,755|INFO|30357|41568.232443048444
2019-02-27 19:05:00,957|INFO|30357|Round 19: score 41568.23 (41276.00). Elapsed time: 39.84 sec.
2019-02-27 19:05:01,005|INFO|30357|Section 915104-01: Burdick-Zupancic Course 915104 AP Art History P2 YR
2019-02-27 19:05:01,005|INFO|30357|6
2019-02-27 19:05:02,854|INFO|30357|New:
2019-02-27 19:05:02,923|INFO|30357|St base: 41108.00, St addl: 616.45, S conflict: 0.00, T conflict: 0.00, Per spread: -318.75, Sec penalty: 0.00
2019-02-27 19:05:02,923|INFO|30357|41108
2019-02-27 19:05:02,923|INFO|30357|41405.70150240306
2019-02-27 19:05:02,923|INFO|30357|Old:
2019-02-27 19:05:02,990|INFO|30357|St base: 41276.00, St addl: 610.98, S conflict: 0.00, T conflict: 0.00, Per spread: -318.75, Sec penalty: 0.00
2019-02-27 19:05:02,990|INFO|30357|41276
2019-02-27 19:05:02,990|INFO|30357|41568.232443048444
2019-02-27 19:05:03,075|INFO|30357|Saving schedule. (19)
2019-02-27 19:05:04,399|INFO|30357|Round 20: score 41568.23 (41276.00). Elapsed time: 43.29 sec.
2019-02-27 19:05:04,451|INFO|30357|Section 121500-01: Harris Course 121500 Photo Journalism 1 P7 YR
2019-02-27 19:05:04,451|INFO|30357|2
2019-02-27 19:05:04,451|INFO|30357|Section 597004-01: Otani Course 597004 AP Japanese P5 YR
2019-02-27 19:05:04,451|INFO|30357|2
2019-02-27 19:05:04,451|INFO|30357|Section 000932-20: Teacherless Course 000933 See Counselor P7 S1
2019-02-27 19:05:04,452|INFO|30357|7
2019-02-27 19:05:04,452|INFO|30357|Section 3199T3-04: Vacancy Course 3199T3 Computer Systems Research P7 YR
2019-02-27 19:05:04,452|INFO|30357|1
2019-02-27 19:05:04,452|INFO|30357|Section 2221T1-04: Yi Course 2221T1 World History and Geography 2 Honors P6 YR
2019-02-27 19:05:04,452|INFO|30357|7
2019-02-27 19:05:04,453|INFO|30357|Section 319966-07: Vacancy Course 319966 Artificial Intelligence 1 P2 S1
2019-02-27 19:05:04,453|INFO|30357|3
2019-02-27 19:05:06,330|INFO|30357|New:
2019-02-27 19:05:06,395|INFO|30357|St base: 41172.00, St addl: 616.87, S conflict: 0.00, T conflict: 0.00, Per spread: -321.16, Sec penalty: 0.00
2019-02-27 19:05:06,395|INFO|30357|41172
2019-02-27 19:05:06,395|INFO|30357|41467.70831235921
2019-02-27 19:05:06,395|INFO|30357|Old:
2019-02-27 19:05:06,460|INFO|30357|St base: 41276.00, St addl: 610.98, S conflict: 0.00, T conflict: 0.00, Per spread: -318.75, Sec penalty: 0.00
2019-02-27 19:05:06,460|INFO|30357|41276
2019-02-27 19:05:06,460|INFO|30357|41568.232443048444
2019-02-27 19:05:06,662|INFO|30357|Round 21: score 41568.23 (41276.00). Elapsed time: 45.55 sec.
2019-02-27 19:05:06,706|INFO|30357|New:
2019-02-27 19:05:06,718|INFO|30357|St base: 0.00, St addl: 0.00, S conflict: 0.00, T conflict: 0.00, Per spread: -318.75, Sec penalty: 0.00
2019-02-27 19:05:06,718|INFO|30357|0
2019-02-27 19:05:06,718|INFO|30357|-318.74709073786426
2019-02-27 19:05:06,718|INFO|30357|Old:
2019-02-27 19:05:06,782|INFO|30357|St base: 41276.00, St addl: 610.98, S conflict: 0.00, T conflict: 0.00, Per spread: -318.75, Sec penalty: 0.00
2019-02-27 19:05:06,782|INFO|30357|41276
2019-02-27 19:05:06,782|INFO|30357|41568.232443048444
2019-02-27 19:05:06,962|INFO|30357|Round 22: score 41568.23 (41276.00). Elapsed time: 45.85 sec.
2019-02-27 19:05:07,004|INFO|30357|Section 231905-15: Sheptyck Course 231905 AP US History P1 YR
2019-02-27 19:05:07,005|INFO|30357|2
2019-02-27 19:05:07,005|INFO|30357|Section 437004-01: Del Cerro Course 437004 AP Biology P6 YR
2019-02-27 19:05:07,005|INFO|30357|5
2019-02-27 19:05:07,005|INFO|30357|Section 9826T8-02: Dela Cuesta Course 9826T8 Automation and Robotics 1 Robot Design & Prototyping P4 S1
2019-02-27 19:05:07,005|INFO|30357|7
2019-02-27 19:05:07,006|INFO|30357|Section 114000-02: Seavey Course 114000 English 10 (CHUM) P2 YR
2019-02-27 19:05:07,006|INFO|30357|7
2019-02-27 19:05:07,006|INFO|30357|Section 4510T1-12: Smith Course 4510T1 Physics 1 P7 YR
2019-02-27 19:05:07,006|INFO|30357|2
2019-02-27 19:05:08,631|INFO|30357|New:
2019-02-27 19:05:08,689|INFO|30357|St base: 40974.00, St addl: 617.86, S conflict: 0.00, T conflict: 0.00, Per spread: -323.28, Sec penalty: 0.00
2019-02-27 19:05:08,690|INFO|30357|40974
2019-02-27 19:05:08,690|INFO|30357|41268.58160114505
2019-02-27 19:05:08,690|INFO|30357|Old:
2019-02-27 19:05:08,753|INFO|30357|St base: 41276.00, St addl: 610.98, S conflict: 0.00, T conflict: 0.00, Per spread: -318.75, Sec penalty: 0.00
2019-02-27 19:05:08,753|INFO|30357|41276
2019-02-27 19:05:08,753|INFO|30357|41568.232443048444
2019-02-27 19:05:08,934|INFO|30357|Round 23: score 41568.23 (41276.00). Elapsed time: 47.82 sec.
2019-02-27 19:05:08,980|INFO|30357|Section 313754-11: Hill Course 313754 TJHSST Math 4 P3 S1
2019-02-27 19:05:08,980|INFO|30357|4
2019-02-27 19:05:08,980|INFO|30357|Section 3190T1-05: Jurj Course 3190T1 TJHSST Research & Statistics 1 P1 S1
2019-02-27 19:05:08,980|INFO|30357|6
2019-02-27 19:05:08,980|INFO|30357|Section 4520T8-01: Luo Course 4520T8 Introduction to Optics Systems and Phenomena P5 S1
2019-02-27 19:05:08,981|INFO|30357|6
2019-02-27 19:05:08,981|INFO|30357|Section 313754-01: Auerbach Course 313754 TJHSST Math 4 P7 S2
2019-02-27 19:05:08,981|INFO|30357|5
2019-02-27 19:05:08,981|INFO|30357|Section 4310T1-04: Rosenblum Course 4310T1 Biology 1 P4 YR
2019-02-27 19:05:08,981|INFO|30357|5
2019-02-27 19:05:08,982|INFO|30357|Section 447004-06: Taylor Course 447004 AP Chemistry P2 YR
2019-02-27 19:05:08,982|INFO|30357|3
2019-02-27 19:05:08,982|INFO|30357|Section 915004-01: Davis Course 915004 AP Studio Art P7 YR
2019-02-27 19:05:08,982|INFO|30357|3
2019-02-27 19:05:10,727|INFO|30357|New:
2019-02-27 19:05:10,795|INFO|30357|St base: 41238.00, St addl: 617.70, S conflict: 0.00, T conflict: 0.00, Per spread: -316.63, Sec penalty: 0.00
2019-02-27 19:05:10,795|INFO|30357|41238
2019-02-27 19:05:10,795|INFO|30357|41539.068934338946
2019-02-27 19:05:10,795|INFO|30357|Old:
2019-02-27 19:05:10,860|INFO|30357|St base: 41276.00, St addl: 610.98, S conflict: 0.00, T conflict: 0.00, Per spread: -318.75, Sec penalty: 0.00
2019-02-27 19:05:10,861|INFO|30357|41276
2019-02-27 19:05:10,861|INFO|30357|41568.232443048444
2019-02-27 19:05:11,075|INFO|30357|Round 24: score 41568.23 (41276.00). Elapsed time: 49.96 sec.
2019-02-27 19:05:11,126|INFO|30357|Section 597004-01: Otani Course 597004 AP Japanese P5 YR
2019-02-27 19:05:11,127|INFO|30357|3
2019-02-27 19:05:11,127|INFO|30357|Section 594000-01: Otani Course 594000 Japanese 4 P3 YR
2019-02-27 19:05:11,127|INFO|30357|2
2019-02-27 19:05:11,127|INFO|30357|Section 313753-12: Jurj Course 313753 TJHSST Math 3 P2 S2
2019-02-27 19:05:11,127|INFO|30357|7
2019-02-27 19:05:11,128|INFO|30357|Section 513000-01: Van De Kamp Washington Course 513000 French 3 P2 YR
2019-02-27 19:05:11,128|INFO|30357|5
2019-02-27 19:05:11,128|INFO|30357|Section 119504-01: Lebryk-Chao Course 119504 AP English Literature and Composition P6 YR
2019-02-27 19:05:11,128|INFO|30357|2
2019-02-27 19:05:12,940|INFO|30357|New:
2019-02-27 19:05:13,002|INFO|30357|St base: 41258.00, St addl: 626.15, S conflict: 0.00, T conflict: 0.00, Per spread: -320.56, Sec penalty: 0.00
2019-02-27 19:05:13,002|INFO|30357|41258
2019-02-27 19:05:13,002|INFO|30357|41563.592228696456
2019-02-27 19:05:13,002|INFO|30357|Old:
2019-02-27 19:05:13,064|INFO|30357|St base: 41276.00, St addl: 610.98, S conflict: 0.00, T conflict: 0.00, Per spread: -318.75, Sec penalty: 0.00
2019-02-27 19:05:13,065|INFO|30357|41276
2019-02-27 19:05:13,065|INFO|30357|41568.232443048444
2019-02-27 19:05:13,140|INFO|30357|Saving schedule. (24)
2019-02-27 19:05:14,614|INFO|30357|Round 25: score 41568.23 (41276.00). Elapsed time: 53.50 sec.
2019-02-27 19:05:14,672|INFO|30357|Section 231905-02: Struck Course 231905 AP US History P7 YR
2019-02-27 19:05:14,672|INFO|30357|1
2019-02-27 19:05:14,673|INFO|30357|Section 511000-01: Delfosse Course 511000 French 1 P3 YR
2019-02-27 19:05:14,673|INFO|30357|5
2019-02-27 19:05:14,673|INFO|30357|Section 3199J1-03: Kosek Course 3199J1 Web Application Development P2 S2
2019-02-27 19:05:14,673|INFO|30357|4
2019-02-27 19:05:16,463|INFO|30357|New:
2019-02-27 19:05:16,528|INFO|30357|St base: 41194.00, St addl: 633.68, S conflict: 0.00, T conflict: 0.00, Per spread: -319.05, Sec penalty: 0.00
2019-02-27 19:05:16,528|INFO|30357|41194
2019-02-27 19:05:16,528|INFO|30357|41508.63567679062
2019-02-27 19:05:16,528|INFO|30357|Old:
2019-02-27 19:05:16,592|INFO|30357|St base: 41276.00, St addl: 610.98, S conflict: 0.00, T conflict: 0.00, Per spread: -318.75, Sec penalty: 0.00
2019-02-27 19:05:16,592|INFO|30357|41276
2019-02-27 19:05:16,592|INFO|30357|41568.232443048444
2019-02-27 19:05:16,800|INFO|30357|Round 26: score 41568.23 (41276.00). Elapsed time: 55.69 sec.
2019-02-27 19:05:16,957|INFO|30357|Section 447004-03: Kauffman Course 447004 AP Chemistry P1 YR
2019-02-27 19:05:16,957|INFO|30357|5
2019-02-27 19:05:16,958|INFO|30357|Section 4520T4-01: Luo Course 4520T4 Quantum Physics and Optics Research P7 YR
2019-02-27 19:05:16,958|INFO|30357|5
2019-02-27 19:05:16,958|INFO|30357|Section 1130T1-06: Klein Course 1130T1 English 9 P2 YR
2019-02-27 19:05:16,958|INFO|30357|6
2019-02-27 19:05:16,958|INFO|30357|Section 317704-07: Gabriel Course 317704 AP Calculus BC P2 YR
2019-02-27 19:05:16,958|INFO|30357|3
2019-02-27 19:05:16,958|INFO|30357|Section 317704-10: Schmitt Course 317704 AP Calculus BC P2 YR
2019-02-27 19:05:16,958|INFO|30357|3
2019-02-27 19:05:16,959|INFO|30357|Section 9826T7-02: Dela Cuesta Course 9826T7 Automation and Robotics 2 Microcontroller Based Systems P7 S2
2019-02-27 19:05:16,959|INFO|30357|6
2019-02-27 19:05:16,959|INFO|30357|Section 437004-01: Del Cerro Course 437004 AP Biology P6 YR
2019-02-27 19:05:16,959|INFO|30357|5
2019-02-27 19:05:16,959|INFO|30357|Section 4320T6-05: Cobb Course 4320T6 DNA Science 1 P1 S1
2019-02-27 19:05:16,960|INFO|30357|2
2019-02-27 19:05:16,960|INFO|30357|Section 4410T1-01: Larson Course 4410T1 Chemistry 1 P3 YR
2019-02-27 19:05:16,960|INFO|30357|5
2019-02-27 19:05:18,581|INFO|30357|New:
2019-02-27 19:05:18,639|INFO|30357|St base: 41316.00, St addl: 607.54, S conflict: 0.00, T conflict: 0.00, Per spread: -323.88, Sec penalty: 0.00
2019-02-27 19:05:18,639|INFO|30357|41316
2019-02-27 19:05:18,639|INFO|30357|41599.652863116644
2019-02-27 19:05:18,639|INFO|30357|Old:
2019-02-27 19:05:18,698|INFO|30357|St base: 41276.00, St addl: 610.98, S conflict: 0.00, T conflict: 0.00, Per spread: -318.75, Sec penalty: 0.00
2019-02-27 19:05:18,698|INFO|30357|41276
2019-02-27 19:05:18,698|INFO|30357|41568.232443048444
2019-02-27 19:05:18,881|INFO|30357|Round 27: score 41600.10 (41316.00). Elapsed time: 57.77 sec.
2019-02-27 19:05:18,922|INFO|30357|Section 1130T1-02: Glotfelty Course 1130T1 English 9 P1 YR
2019-02-27 19:05:18,922|INFO|30357|3
2019-02-27 19:05:18,922|INFO|30357|Section 1130T1-04: Klein Course 1130T1 English 9 P4 YR
2019-02-27 19:05:18,922|INFO|30357|2
2019-02-27 19:05:18,922|INFO|30357|Section 317704-07: Gabriel Course 317704 AP Calculus BC P3 YR
2019-02-27 19:05:18,922|INFO|30357|2
2019-02-27 19:05:18,923|INFO|30357|Section 4220T1-05: Cullen Course 4220T1 Geosystems P1 YR
2019-02-27 19:05:18,923|INFO|30357|2
2019-02-27 19:05:18,923|INFO|30357|Section 9826T5-02: Bell Course 9826T5 Advanced Analog Electronics P2 S1
2019-02-27 19:05:18,923|INFO|30357|4
2019-02-27 19:05:18,923|INFO|30357|Section 4310T1-16: Rosenblum Course 4310T1 Biology 1 P1 YR
2019-02-27 19:05:18,923|INFO|30357|5
2019-02-27 19:05:18,924|INFO|30357|Section 4410T1-06: Jones Course 4410T1 Chemistry 1 P6 YR
2019-02-27 19:05:18,924|INFO|30357|3
2019-02-27 19:05:20,605|INFO|30357|New:
2019-02-27 19:05:20,673|INFO|30357|St base: 41170.00, St addl: 616.15, S conflict: 0.00, T conflict: 0.00, Per spread: -316.42, Sec penalty: 0.00
2019-02-27 19:05:20,674|INFO|30357|41170
2019-02-27 19:05:20,674|INFO|30357|41469.73565521691
2019-02-27 19:05:20,674|INFO|30357|Old:
2019-02-27 19:05:20,744|INFO|30357|St base: 41316.00, St addl: 605.00, S conflict: 0.00, T conflict: 0.00, Per spread: -320.91, Sec penalty: 0.00
2019-02-27 19:05:20,744|INFO|30357|41316
2019-02-27 19:05:20,744|INFO|30357|41600.09643102766
2019-02-27 19:05:20,946|INFO|30357|Round 28: score 41600.10 (41316.00). Elapsed time: 59.83 sec.
2019-02-27 19:05:20,993|INFO|30357|Section 553000-01: Mateo Course 553000 Spanish 3 P4 YR
2019-02-27 19:05:20,993|INFO|30357|6
2019-02-27 19:05:20,993|INFO|30357|Section 543000-01: Sandstrom Course 543000 Russian 3 P3 YR
2019-02-27 19:05:20,993|INFO|30357|7
2019-02-27 19:05:20,994|INFO|30357|Section 4310T1-13: James Course 4310T1 Biology 1 P6 YR
2019-02-27 19:05:20,994|INFO|30357|3
2019-02-27 19:05:20,994|INFO|30357|Section 313754-04: Choi Course 313754 TJHSST Math 4 P4 S1
2019-02-27 19:05:20,994|INFO|30357|3
2019-02-27 19:05:20,994|INFO|30357|Section 2996T2-01: Sacks Course 2996T2 America and the World Since 1989 P1 S1
2019-02-27 19:05:20,994|INFO|30357|3
2019-02-27 19:05:20,995|INFO|30357|Section 317704-10: Schmitt Course 317704 AP Calculus BC P3 YR
2019-02-27 19:05:20,995|INFO|30357|2
2019-02-27 19:05:22,888|INFO|30357|New:
2019-02-27 19:05:22,955|INFO|30357|St base: 41150.00, St addl: 618.66, S conflict: 0.00, T conflict: 0.00, Per spread: -320.31, Sec penalty: 0.00
2019-02-27 19:05:22,955|INFO|30357|41150
2019-02-27 19:05:22,955|INFO|30357|41448.35650054934
2019-02-27 19:05:22,955|INFO|30357|Old:
2019-02-27 19:05:23,021|INFO|30357|St base: 41316.00, St addl: 605.00, S conflict: 0.00, T conflict: 0.00, Per spread: -320.91, Sec penalty: 0.00
2019-02-27 19:05:23,022|INFO|30357|41316
2019-02-27 19:05:23,022|INFO|30357|41600.09643102766
2019-02-27 19:05:23,100|INFO|30357|Saving schedule. (28)
2019-02-27 19:05:25,915|INFO|30357|Round 29: score 41600.10 (41316.00). Elapsed time: 1 min, 4.80 sec.
2019-02-27 19:05:25,963|INFO|30357|Section 119504-01: Lebryk-Chao Course 119504 AP English Literature and Composition P6 YR
2019-02-27 19:05:25,963|INFO|30357|4
2019-02-27 19:05:27,799|INFO|30357|New:
2019-02-27 19:05:27,860|INFO|30357|St base: 41022.00, St addl: 606.51, S conflict: 0.00, T conflict: 0.00, Per spread: -322.10, Sec penalty: 0.00
2019-02-27 19:05:27,860|INFO|30357|41022
2019-02-27 19:05:27,860|INFO|30357|41306.403301154554
2019-02-27 19:05:27,860|INFO|30357|Old:
2019-02-27 19:05:27,917|INFO|30357|St base: 41316.00, St addl: 605.00, S conflict: 0.00, T conflict: 0.00, Per spread: -320.91, Sec penalty: 0.00
2019-02-27 19:05:27,918|INFO|30357|41316
2019-02-27 19:05:27,918|INFO|30357|41600.09643102766
2019-02-27 19:05:28,117|INFO|30357|Round 30: score 41600.10 (41316.00). Elapsed time: 1 min, 7.00 sec.
2019-02-27 19:05:28,167|INFO|30357|Section 740500-06: Arthur Course 740500 Health and Physical Education 10 with Driver Education P4 YR
2019-02-27 19:05:28,167|INFO|30357|3
2019-02-27 19:05:30,094|INFO|30357|New:
2019-02-27 19:05:30,162|INFO|30357|St base: 40768.00, St addl: 615.57, S conflict: 0.00, T conflict: 0.00, Per spread: -320.61, Sec penalty: 0.00
2019-02-27 19:05:30,162|INFO|30357|40768
2019-02-27 19:05:30,162|INFO|30357|41062.966954572934
2019-02-27 19:05:30,162|INFO|30357|Old:
2019-02-27 19:05:30,230|INFO|30357|St base: 41316.00, St addl: 605.00, S conflict: 0.00, T conflict: 0.00, Per spread: -320.91, Sec penalty: 0.00
2019-02-27 19:05:30,230|INFO|30357|41316
2019-02-27 19:05:30,230|INFO|30357|41600.09643102766
2019-02-27 19:05:30,435|INFO|30357|Round 31: score 41600.10 (41316.00). Elapsed time: 1 min, 9.32 sec.
2019-02-27 19:05:30,487|INFO|30357|Section 119561-02: Gilbert Course 119561 AP English Literature / Senior Seminar P4 YR
2019-02-27 19:05:30,487|INFO|30357|2
2019-02-27 19:05:30,488|INFO|30357|Section 511000-01: Delfosse Course 511000 French 1 P3 YR
2019-02-27 19:05:30,488|INFO|30357|6
2019-02-27 19:05:30,488|INFO|30357|Section 4320T3-02: Cobb Course 4320T3 Life Sciences and Biotechnology Research P7 YR
2019-02-27 19:05:30,488|INFO|30357|4
2019-02-27 19:05:30,488|INFO|30357|Section 319800-03: Spoden Course 319800 Matrix Algebra P3 S2
2019-02-27 19:05:30,488|INFO|30357|6
2019-02-27 19:05:30,489|INFO|30357|Section 3199R1-01: Kosek Course 3199R1 Mobile & Web Application Development Research P7 YR
2019-02-27 19:05:30,489|INFO|30357|2
2019-02-27 19:05:30,489|INFO|30357|Section 4520T9-02: Dell Course 4520T9 Relativity, Electrodynamics, and Quantum Mechanics P5 YR
2019-02-27 19:05:30,489|INFO|30357|4
2019-02-27 19:05:30,490|INFO|30357|Section 4320T7-04: Cobb Course 4320T7 DNA Science 2 P5 S2
2019-02-27 19:05:30,490|INFO|30357|4
2019-02-27 19:05:30,490|INFO|30357|Section 1130T1-08: Harris Course 1130T1 English 9 P6 YR
2019-02-27 19:05:30,490|INFO|30357|7
2019-02-27 19:05:30,491|INFO|30357|Section 4320T7-04: Cobb Course 4320T7 DNA Science 2 P4 S2
2019-02-27 19:05:30,491|INFO|30357|6
2019-02-27 19:05:32,329|INFO|30357|New:
2019-02-27 19:05:32,395|INFO|30357|St base: 40982.00, St addl: 601.60, S conflict: 0.00, T conflict: 0.00, Per spread: -323.30, Sec penalty: 0.00
2019-02-27 19:05:32,395|INFO|30357|40982
2019-02-27 19:05:32,395|INFO|30357|41260.29386166389
2019-02-27 19:05:32,395|INFO|30357|Old:
2019-02-27 19:05:32,459|INFO|30357|St base: 41316.00, St addl: 605.00, S conflict: 0.00, T conflict: 0.00, Per spread: -320.91, Sec penalty: 0.00
2019-02-27 19:05:32,459|INFO|30357|41316
2019-02-27 19:05:32,459|INFO|30357|41600.09643102766
2019-02-27 19:05:32,538|INFO|30357|Saving schedule. (31)
2019-02-27 19:05:34,420|INFO|30357|Round 32: score 41600.10 (41316.00). Elapsed time: 1 min, 13.31 sec.
2019-02-27 19:05:34,464|INFO|30357|Section 923915-04: Bailey Course 923915 Intermed Orchestra (Concert) P2 YR
2019-02-27 19:05:34,464|INFO|30357|5
2019-02-27 19:05:34,465|INFO|30357|Section 318561-05: Eckel Course 318561 AP Computer Science A plus Data Structures P2 YR
2019-02-27 19:05:34,465|INFO|30357|7
2019-02-27 19:05:34,465|INFO|30357|Section 543000-01: Sandstrom Course 543000 Russian 3 P3 YR
2019-02-27 19:05:34,465|INFO|30357|2
2019-02-27 19:05:34,465|INFO|30357|Section 313754-19: Auerbach Course 313754 TJHSST Math 4 P1 S2
2019-02-27 19:05:34,465|INFO|30357|3
2019-02-27 19:05:34,466|INFO|30357|Section 4320T6-02: Burnett Course 4320T6 DNA Science 1 P6 S1
2019-02-27 19:05:34,466|INFO|30357|4
2019-02-27 19:05:34,466|INFO|30357|Section 121100-01: Harris Course 121100 Journalism 3 P3 YR
2019-02-27 19:05:34,466|INFO|30357|2
2019-02-27 19:05:36,382|INFO|30357|New:
2019-02-27 19:05:36,445|INFO|30357|St base: 41222.00, St addl: 614.00, S conflict: 0.00, T conflict: 0.00, Per spread: -317.61, Sec penalty: 0.00
2019-02-27 19:05:36,446|INFO|30357|41222
2019-02-27 19:05:36,446|INFO|30357|41518.38414811339
2019-02-27 19:05:36,446|INFO|30357|Old:
2019-02-27 19:05:36,510|INFO|30357|St base: 41316.00, St addl: 605.00, S conflict: 0.00, T conflict: 0.00, Per spread: -320.91, Sec penalty: 0.00
2019-02-27 19:05:36,510|INFO|30357|41316
2019-02-27 19:05:36,510|INFO|30357|41600.09643102766
2019-02-27 19:05:36,707|INFO|30357|Round 33: score 41600.10 (41316.00). Elapsed time: 1 min, 15.59 sec.
2019-02-27 19:05:36,758|INFO|30357|Section 3199T3-04: Vacancy Course 3199T3 Computer Systems Research P7 YR
2019-02-27 19:05:36,759|INFO|30357|3
2019-02-27 19:05:36,759|INFO|30357|Section 143532-01: Lowery Course 143532 Tech Theatre 1 P6 S1
2019-02-27 19:05:36,759|INFO|30357|5
2019-02-27 19:05:36,759|INFO|30357|Section 4320T6-04: Cobb Course 4320T6 DNA Science 1 P5 S1
2019-02-27 19:05:36,759|INFO|30357|4
2019-02-27 19:05:36,760|INFO|30357|Section 532000-03: Lister Course 532000 Latin 2 P4 YR
2019-02-27 19:05:36,760|INFO|30357|7
2019-02-27 19:05:36,760|INFO|30357|Section 4510T1-03: Forbes Course 4510T1 Physics 1 P1 YR
2019-02-27 19:05:36,760|INFO|30357|4
2019-02-27 19:05:38,474|INFO|30357|New:
2019-02-27 19:05:38,532|INFO|30357|St base: 41254.00, St addl: 624.92, S conflict: 0.00, T conflict: 0.00, Per spread: -319.41, Sec penalty: 0.00
2019-02-27 19:05:38,533|INFO|30357|41254
2019-02-27 19:05:38,533|INFO|30357|41559.50711193529
2019-02-27 19:05:38,533|INFO|30357|Old:
2019-02-27 19:05:38,591|INFO|30357|St base: 41316.00, St addl: 605.00, S conflict: 0.00, T conflict: 0.00, Per spread: -320.91, Sec penalty: 0.00
2019-02-27 19:05:38,591|INFO|30357|41316
2019-02-27 19:05:38,591|INFO|30357|41600.09643102766
2019-02-27 19:05:38,765|INFO|30357|Round 34: score 41600.10 (41316.00). Elapsed time: 1 min, 17.65 sec.
2019-02-27 19:05:38,910|INFO|30357|Section 583000-02: Xu Course 583000 Chinese 3 P3 YR
2019-02-27 19:05:38,910|INFO|30357|4
2019-02-27 19:05:38,911|INFO|30357|Section 316055-07: Choi Course 316055 TJHSST Math 5 P6 S2
2019-02-27 19:05:38,911|INFO|30357|3
2019-02-27 19:05:38,911|INFO|30357|Section 553000-03: Mateo Course 553000 Spanish 3 P3 YR
2019-02-27 19:05:38,911|INFO|30357|7
2019-02-27 19:05:38,912|INFO|30357|Section 984060-11: Geiger Course 984060 Design and Technology P6 YR
2019-02-27 19:05:38,912|INFO|30357|4
2019-02-27 19:05:38,912|INFO|30357|Section 222100-05: Monteverde Course 222100 World History & Geography 2 (CHUM) P5 YR
2019-02-27 19:05:38,912|INFO|30357|7
2019-02-27 19:05:38,912|INFO|30357|Section 119561-02: Gilbert Course 119561 AP English Literature / Senior Seminar P4 YR
2019-02-27 19:05:38,912|INFO|30357|7
2019-02-27 19:05:38,912|INFO|30357|Section 318561-02: Billington Course 318561 AP Computer Science A plus Data Structures P1 YR
2019-02-27 19:05:38,912|INFO|30357|7
2019-02-27 19:05:38,913|INFO|30357|Section 4410T1-06: Jones Course 4410T1 Chemistry 1 P6 YR
2019-02-27 19:05:38,913|INFO|30357|2
2019-02-27 19:05:40,537|INFO|30357|New:
2019-02-27 19:05:40,595|INFO|30357|St base: 41182.00, St addl: 606.46, S conflict: 0.00, T conflict: 0.00, Per spread: -320.31, Sec penalty: 0.00
2019-02-27 19:05:40,595|INFO|30357|41182
2019-02-27 19:05:40,595|INFO|30357|41468.155085483326
2019-02-27 19:05:40,596|INFO|30357|Old:
2019-02-27 19:05:40,657|INFO|30357|St base: 41316.00, St addl: 605.00, S conflict: 0.00, T conflict: 0.00, Per spread: -320.91, Sec penalty: 0.00
2019-02-27 19:05:40,657|INFO|30357|41316
2019-02-27 19:05:40,658|INFO|30357|41600.09643102766
2019-02-27 19:05:40,845|INFO|30357|Round 35: score 41600.10 (41316.00). Elapsed time: 1 min, 19.73 sec.
2019-02-27 19:05:40,890|INFO|30357|Section 319916-02: Zacharias Course 319916 Computer Vision P2 S1
2019-02-27 19:05:40,890|INFO|30357|1
2019-02-27 19:05:42,742|INFO|30357|New:
2019-02-27 19:05:42,815|INFO|30357|St base: 41118.00, St addl: 616.16, S conflict: 0.00, T conflict: 0.00, Per spread: -319.41, Sec penalty: 0.00
2019-02-27 19:05:42,815|INFO|30357|41118
2019-02-27 19:05:42,815|INFO|30357|41414.751779847655
2019-02-27 19:05:42,816|INFO|30357|Old:
2019-02-27 19:05:42,888|INFO|30357|St base: 41316.00, St addl: 605.00, S conflict: 0.00, T conflict: 0.00, Per spread: -320.91, Sec penalty: 0.00
2019-02-27 19:05:42,889|INFO|30357|41316
2019-02-27 19:05:42,889|INFO|30357|41600.09643102766
2019-02-27 19:05:42,971|INFO|30357|Saving schedule. (35)
2019-02-27 19:05:44,985|INFO|30357|Round 36: score 41600.10 (41316.00). Elapsed time: 1 min, 23.87 sec.
2019-02-27 19:05:45,037|INFO|30357|Section 313754-13: Jirari Scavotto Course 313754 TJHSST Math 4 P1 S1
2019-02-27 19:05:45,037|INFO|30357|7
2019-02-27 19:05:45,037|INFO|30357|Section 4510T1-08: Scholla Course 4510T1 Physics 1 P7 YR
2019-02-27 19:05:45,037|INFO|30357|4
2019-02-27 19:05:45,038|INFO|30357|Section 000932-21: Teacherless Course 000933 See Counselor P7 S2
2019-02-27 19:05:45,038|INFO|30357|7
2019-02-27 19:05:47,004|INFO|30357|New:
2019-02-27 19:05:47,078|INFO|30357|St base: 41382.00, St addl: 624.67, S conflict: 0.00, T conflict: 0.00, Per spread: -314.62, Sec penalty: 0.00
2019-02-27 19:05:47,078|INFO|30357|41382
2019-02-27 19:05:47,078|INFO|30357|41692.05375088133
2019-02-27 19:05:47,078|INFO|30357|Old:
2019-02-27 19:05:47,147|INFO|30357|St base: 41316.00, St addl: 605.00, S conflict: 0.00, T conflict: 0.00, Per spread: -320.91, Sec penalty: 0.00
2019-02-27 19:05:47,148|INFO|30357|41316
2019-02-27 19:05:47,148|INFO|30357|41600.09643102766
2019-02-27 19:05:47,392|INFO|30357|Round 37: score 41692.52 (41382.00). Elapsed time: 1 min, 26.28 sec.
2019-02-27 19:05:47,439|INFO|30357|Section 441000-03: Chhabra Course 441000 Chemistry 1 (CHUM) P5 YR
2019-02-27 19:05:47,440|INFO|30357|2
2019-02-27 19:05:47,440|INFO|30357|Section 4320T7-01: Burnett Course 4320T7 DNA Science 2 P3 S2
2019-02-27 19:05:47,440|INFO|30357|5
2019-02-27 19:05:47,440|INFO|30357|Section 984060-04: Jones Course 984060 Design and Technology P4 YR
2019-02-27 19:05:47,440|INFO|30357|3
2019-02-27 19:05:47,441|INFO|30357|Section 122000-01: Harris Course 122000 Broadcast Journalism 1 P3 YR
2019-02-27 19:05:47,441|INFO|30357|2
2019-02-27 19:05:49,343|INFO|30357|New:
2019-02-27 19:05:49,413|INFO|30357|St base: 41178.00, St addl: 618.37, S conflict: 0.00, T conflict: 0.00, Per spread: -308.65, Sec penalty: 0.00
2019-02-27 19:05:49,413|INFO|30357|41178
2019-02-27 19:05:49,413|INFO|30357|41487.71344201456
2019-02-27 19:05:49,413|INFO|30357|Old:
2019-02-27 19:05:49,481|INFO|30357|St base: 41382.00, St addl: 620.35, S conflict: 0.00, T conflict: 0.00, Per spread: -309.83, Sec penalty: 0.00
2019-02-27 19:05:49,481|INFO|30357|41382
2019-02-27 19:05:49,481|INFO|30357|41692.51851539647
2019-02-27 19:05:49,684|INFO|30357|Round 38: score 41692.52 (41382.00). Elapsed time: 1 min, 28.57 sec.
2019-02-27 19:05:49,732|INFO|30357|Section 542000-01: Sandstrom Course 542000 Russian 2 P5 YR
2019-02-27 19:05:49,732|INFO|30357|2
2019-02-27 19:05:49,732|INFO|30357|Section 2374T1-03: Wickliff Course 2374T1 Physical / Cultural Anthropology P5 S1
2019-02-27 19:05:49,732|INFO|30357|7
2019-02-27 19:05:49,732|INFO|30357|Section 280404-03: Monteverde Course 280404 AP Macro/Micro Economics P6 YR
2019-02-27 19:05:49,733|INFO|30357|2
2019-02-27 19:05:51,453|INFO|30357|New:
2019-02-27 19:05:51,510|INFO|30357|St base: 41184.00, St addl: 611.61, S conflict: 0.00, T conflict: 0.00, Per spread: -306.59, Sec penalty: 0.00
2019-02-27 19:05:51,510|INFO|30357|41184
2019-02-27 19:05:51,510|INFO|30357|41489.01454859118
2019-02-27 19:05:51,510|INFO|30357|Old:
2019-02-27 19:05:51,569|INFO|30357|St base: 41382.00, St addl: 620.35, S conflict: 0.00, T conflict: 0.00, Per spread: -309.83, Sec penalty: 0.00
2019-02-27 19:05:51,569|INFO|30357|41382
2019-02-27 19:05:51,569|INFO|30357|41692.51851539647
2019-02-27 19:05:51,639|INFO|30357|Saving schedule. (38)
2019-02-27 19:05:52,361|INFO|30357|Round 39: score 41692.52 (41382.00). Elapsed time: 1 min, 31.25 sec.
2019-02-27 19:05:52,409|INFO|30357|Section 551000-01: Van De Kamp Washington Course 551000 Spanish 1 P3 YR
2019-02-27 19:05:52,409|INFO|30357|5
2019-02-27 19:05:52,409|INFO|30357|Section 4320T3-05: Burnett Course 4320T3 Life Sciences and Biotechnology Research P1 YR
2019-02-27 19:05:52,409|INFO|30357|3
2019-02-27 19:05:52,409|INFO|30357|Section 4320T6-01: James Course 4320T6 DNA Science 1 P7 S1
2019-02-27 19:05:52,409|INFO|30357|1
2019-02-27 19:05:52,410|INFO|30357|Section 984060-09: Seyler Course 984060 Design and Technology P5 YR
2019-02-27 19:05:52,410|INFO|30357|2
2019-02-27 19:05:52,410|INFO|30357|Section 2900T1-01: Muir Course 2900T1 Psychology: Mind, Body, & Behavior P7 S1
2019-02-27 19:05:52,410|INFO|30357|6
2019-02-27 19:05:54,228|INFO|30357|New:
2019-02-27 19:05:54,284|INFO|30357|St base: 41324.00, St addl: 624.70, S conflict: 0.00, T conflict: 0.00, Per spread: -306.89, Sec penalty: 0.00
2019-02-27 19:05:54,284|INFO|30357|41324
2019-02-27 19:05:54,285|INFO|30357|41641.81564833149
2019-02-27 19:05:54,285|INFO|30357|Old:
2019-02-27 19:05:54,342|INFO|30357|St base: 41382.00, St addl: 620.35, S conflict: 0.00, T conflict: 0.00, Per spread: -309.83, Sec penalty: 0.00
2019-02-27 19:05:54,342|INFO|30357|41382
2019-02-27 19:05:54,342|INFO|30357|41692.51851539647
2019-02-27 19:05:54,521|INFO|30357|Round 40: score 41692.52 (41382.00). Elapsed time: 1 min, 33.41 sec.
2019-02-27 19:05:54,561|INFO|30357|Section 5150T1-01: Delfosse Course 5150T1 French 5 Sem1 P4 S1
2019-02-27 19:05:54,561|INFO|30357|5
2019-02-27 19:05:56,184|INFO|30357|New:
2019-02-27 19:05:56,244|INFO|30357|St base: 41164.00, St addl: 615.69, S conflict: 0.00, T conflict: 0.00, Per spread: -309.83, Sec penalty: 0.00
2019-02-27 19:05:56,244|INFO|30357|41164
2019-02-27 19:05:56,245|INFO|30357|41469.85567653818
2019-02-27 19:05:56,245|INFO|30357|Old:
2019-02-27 19:05:56,305|INFO|30357|St base: 41382.00, St addl: 620.35, S conflict: 0.00, T conflict: 0.00, Per spread: -309.83, Sec penalty: 0.00
2019-02-27 19:05:56,306|INFO|30357|41382
2019-02-27 19:05:56,306|INFO|30357|41692.51851539647
2019-02-27 19:05:56,489|INFO|30357|Round 41: score 41692.52 (41382.00). Elapsed time: 1 min, 35.38 sec.
2019-02-27 19:05:56,532|INFO|30357|New:
2019-02-27 19:05:56,541|INFO|30357|St base: 0.00, St addl: 0.00, S conflict: 0.00, T conflict: 0.00, Per spread: -309.83, Sec penalty: 0.00
2019-02-27 19:05:56,542|INFO|30357|0
2019-02-27 19:05:56,542|INFO|30357|-309.83389583782724
2019-02-27 19:05:56,542|INFO|30357|Old:
2019-02-27 19:05:56,599|INFO|30357|St base: 41382.00, St addl: 620.35, S conflict: 0.00, T conflict: 0.00, Per spread: -309.83, Sec penalty: 0.00
2019-02-27 19:05:56,599|INFO|30357|41382
2019-02-27 19:05:56,599|INFO|30357|41692.51851539647
2019-02-27 19:05:56,778|INFO|30357|Round 42: score 41692.52 (41382.00). Elapsed time: 1 min, 35.67 sec.
2019-02-27 19:05:56,925|INFO|30357|Section 319800-04: Spoden Course 319800 Matrix Algebra P5 S2
2019-02-27 19:05:56,925|INFO|30357|2
2019-02-27 19:05:56,925|INFO|30357|Section 1130T1-09: Harris Course 1130T1 English 9 P4 YR
2019-02-27 19:05:56,925|INFO|30357|2
2019-02-27 19:05:56,925|INFO|30357|Section 4320T7-04: Cobb Course 4320T7 DNA Science 2 P5 S2
2019-02-27 19:05:56,926|INFO|30357|3
2019-02-27 19:05:56,926|INFO|30357|Section 1150T1-11: Henry Course 1150T1 English 11 (teamed with AP US History) P6 YR
2019-02-27 19:05:56,926|INFO|30357|5
2019-02-27 19:05:56,926|INFO|30357|Section 4610T1-01: Wu Course 4610T1 Oceanography and Geophysical Systems Research P5 YR
2019-02-27 19:05:56,926|INFO|30357|6
2019-02-27 19:05:58,547|INFO|30357|New:
2019-02-27 19:05:58,614|INFO|30357|St base: 41090.00, St addl: 598.69, S conflict: 0.00, T conflict: 0.00, Per spread: -310.72, Sec penalty: 0.00
2019-02-27 19:05:58,614|INFO|30357|41090
2019-02-27 19:05:58,614|INFO|30357|41377.97132059788
2019-02-27 19:05:58,614|INFO|30357|Old:
2019-02-27 19:05:58,673|INFO|30357|St base: 41382.00, St addl: 620.35, S conflict: 0.00, T conflict: 0.00, Per spread: -309.83, Sec penalty: 0.00
2019-02-27 19:05:58,673|INFO|30357|41382
2019-02-27 19:05:58,673|INFO|30357|41692.51851539647
2019-02-27 19:05:58,860|INFO|30357|Round 43: score 41692.52 (41382.00). Elapsed time: 1 min, 37.75 sec.
2019-02-27 19:05:58,905|INFO|30357|Section 4510T1-13: Smith Course 4510T1 Physics 1 P3 YR
2019-02-27 19:05:58,906|INFO|30357|2
2019-02-27 19:05:58,906|INFO|30357|Section 4420T2-02: Kennedy Course 4420T2 Chemical Analysis and Nanochemistry Research P1 YR
2019-02-27 19:05:58,906|INFO|30357|7
2019-02-27 19:05:58,906|INFO|30357|Section 457004-06: Dell Course 457004 AP Physics C -- Mechanics and Electricity and Magnetism P7 YR
2019-02-27 19:05:58,906|INFO|30357|5
2019-02-27 19:05:58,907|INFO|30357|Section 3184T1-06: Kim Course 3184T1 Foundations of Computer Science P7 YR
2019-02-27 19:05:58,907|INFO|30357|6
2019-02-27 19:05:58,907|INFO|30357|Section 9826T0-01: Bell Course 9826T0 Audio Electronics P5 S2
2019-02-27 19:05:58,907|INFO|30357|2
2019-02-27 19:06:00,663|INFO|30357|New:
2019-02-27 19:06:00,732|INFO|30357|St base: 41244.00, St addl: 607.15, S conflict: 0.00, T conflict: 0.00, Per spread: -308.36, Sec penalty: 0.00
2019-02-27 19:06:00,732|INFO|30357|41244
2019-02-27 19:06:00,732|INFO|30357|41542.78811633784
2019-02-27 19:06:00,732|INFO|30357|Old:
2019-02-27 19:06:00,805|INFO|30357|St base: 41382.00, St addl: 620.35, S conflict: 0.00, T conflict: 0.00, Per spread: -309.83, Sec penalty: 0.00
2019-02-27 19:06:00,805|INFO|30357|41382
2019-02-27 19:06:00,805|INFO|30357|41692.51851539647
2019-02-27 19:06:01,013|INFO|30357|Round 44: score 41692.52 (41382.00). Elapsed time: 1 min, 39.90 sec.
2019-02-27 19:06:01,063|INFO|30357|Section 319916-03: Zacharias Course 319916 Computer Vision P3 S1
2019-02-27 19:06:01,064|INFO|30357|1
2019-02-27 19:06:01,064|INFO|30357|Section 121600-01: Harris Course 121600 Photo Journalism 2 P7 YR
2019-02-27 19:06:01,064|INFO|30357|2
2019-02-27 19:06:01,064|INFO|30357|Section 4320T8-01: Locklear Course 4320T8 Neurobiology P6 S1
2019-02-27 19:06:01,064|INFO|30357|5
2019-02-27 19:06:01,065|INFO|30357|Section 4320T8-02: Locklear Course 4320T8 Neurobiology P3 S1
2019-02-27 19:06:01,065|INFO|30357|2
2019-02-27 19:06:01,065|INFO|30357|Section 5150T2-01: Delfosse Course 5150T2 French 5 Sem2 P4 S2
2019-02-27 19:06:01,065|INFO|30357|6
2019-02-27 19:06:01,065|INFO|30357|Section 319966-06: Vacancy Course 319966 Artificial Intelligence 1 P1 S1
2019-02-27 19:06:01,065|INFO|30357|7
2019-02-27 19:06:01,066|INFO|30357|Section 595000-01: Teacherless Course 595000 Japanese 5 P1 YR
2019-02-27 19:06:01,066|INFO|30357|1
2019-02-27 19:06:02,915|INFO|30357|New:
2019-02-27 19:06:02,981|INFO|30357|St base: 41256.00, St addl: 607.85, S conflict: 0.00, T conflict: 0.00, Per spread: -308.65, Sec penalty: 0.00
2019-02-27 19:06:02,981|INFO|30357|41256
2019-02-27 19:06:02,982|INFO|30357|41555.1943119803
2019-02-27 19:06:02,982|INFO|30357|Old:
2019-02-27 19:06:03,053|INFO|30357|St base: 41382.00, St addl: 620.35, S conflict: 0.00, T conflict: 0.00, Per spread: -309.83, Sec penalty: 0.00
2019-02-27 19:06:03,053|INFO|30357|41382
2019-02-27 19:06:03,053|INFO|30357|41692.51851539647
2019-02-27 19:06:03,132|INFO|30357|Saving schedule. (44)
2019-02-27 19:06:04,650|INFO|30357|Round 45: score 41692.52 (41382.00). Elapsed time: 1 min, 43.54 sec.
2019-02-27 19:06:04,713|INFO|30357|Section 591000-01: Otani Course 591000 Japanese 1 P4 YR
2019-02-27 19:06:04,713|INFO|30357|3
2019-02-27 19:06:04,713|INFO|30357|Section 4320T6-03: Burnett Course 4320T6 DNA Science 1 P2 S1
2019-02-27 19:06:04,714|INFO|30357|3
2019-02-27 19:06:04,714|INFO|30357|Section 594000-01: Otani Course 594000 Japanese 4 P5 YR
2019-02-27 19:06:04,714|INFO|30357|6
2019-02-27 19:06:06,646|INFO|30357|New:
2019-02-27 19:06:06,711|INFO|30357|St base: 41228.00, St addl: 608.77, S conflict: 0.00, T conflict: 0.00, Per spread: -308.65, Sec penalty: 0.00
2019-02-27 19:06:06,711|INFO|30357|41228
2019-02-27 19:06:06,711|INFO|30357|41528.114182864374
2019-02-27 19:06:06,711|INFO|30357|Old:
2019-02-27 19:06:06,778|INFO|30357|St base: 41382.00, St addl: 620.35, S conflict: 0.00, T conflict: 0.00, Per spread: -309.83, Sec penalty: 0.00
2019-02-27 19:06:06,778|INFO|30357|41382
2019-02-27 19:06:06,778|INFO|30357|41692.51851539647
2019-02-27 19:06:06,986|INFO|30357|Round 46: score 41692.52 (41382.00). Elapsed time: 1 min, 45.87 sec.
2019-02-27 19:06:07,036|INFO|30357|Section 4310T1-12: Holman Course 4310T1 Biology 1 P7 YR
2019-02-27 19:06:07,036|INFO|30357|3
2019-02-27 19:06:07,036|INFO|30357|Section 595000-01: Teacherless Course 595000 Japanese 5 P1 YR
2019-02-27 19:06:07,036|INFO|30357|5
2019-02-27 19:06:07,037|INFO|30357|Section 319917-01: Zacharias Course 319917 Computer Vision 2 P4 S2
2019-02-27 19:06:07,037|INFO|30357|3
2019-02-27 19:06:07,037|INFO|30357|Section 5350T2-01: Conklin Course 5350T2 Latin 5 Sem2 P6 S2
2019-02-27 19:06:07,037|INFO|30357|5
2019-02-27 19:06:07,037|INFO|30357|Section 1150T1-08: Kochman Course 1150T1 English 11 (teamed with AP US History) P1 YR
2019-02-27 19:06:07,037|INFO|30357|4
2019-02-27 19:06:07,038|INFO|30357|Section 3184T1-09: Rose Course 3184T1 Foundations of Computer Science P1 YR
2019-02-27 19:06:07,038|INFO|30357|5
2019-02-27 19:06:07,038|INFO|30357|Section 3199J2-03: Kosek Course 3199J2 Mobile Application Development P2 S1
2019-02-27 19:06:07,038|INFO|30357|6
2019-02-27 19:06:07,038|INFO|30357|Section 317704-01: Auerbach Course 317704 AP Calculus BC P2 YR
2019-02-27 19:06:07,038|INFO|30357|6
2019-02-27 19:06:07,039|INFO|30357|Section 317004-01: Choi Course 317004 AP Calculus AB P5 YR
2019-02-27 19:06:07,039|INFO|30357|2
2019-02-27 19:06:08,736|INFO|30357|New:
2019-02-27 19:06:08,795|INFO|30357|St base: 41236.00, St addl: 615.87, S conflict: 0.00, T conflict: 0.00, Per spread: -309.54, Sec penalty: 0.00
2019-02-27 19:06:08,795|INFO|30357|41236
2019-02-27 19:06:08,795|INFO|30357|41542.3275767961
2019-02-27 19:06:08,795|INFO|30357|Old:
2019-02-27 19:06:08,855|INFO|30357|St base: 41382.00, St addl: 620.35, S conflict: 0.00, T conflict: 0.00, Per spread: -309.83, Sec penalty: 0.00
2019-02-27 19:06:08,856|INFO|30357|41382
2019-02-27 19:06:08,856|INFO|30357|41692.51851539647
2019-02-27 19:06:09,040|INFO|30357|Round 47: score 41692.52 (41382.00). Elapsed time: 1 min, 47.93 sec.
2019-02-27 19:06:09,085|INFO|30357|Section 244097-01: Teacherless Course 244097 Virginia and United States Government Honors P1 YR
2019-02-27 19:06:09,085|INFO|30357|1
2019-02-27 19:06:09,085|INFO|30357|Section 316055-07: Choi Course 316055 TJHSST Math 5 P6 S2
2019-02-27 19:06:09,085|INFO|30357|5
2019-02-27 19:06:09,086|INFO|30357|Section 4220T1-07: Cullen Course 4220T1 Geosystems P4 YR
2019-02-27 19:06:09,086|INFO|30357|7
2019-02-27 19:06:09,086|INFO|30357|Section 512000-02: Delfosse Course 512000 French 2 P5 YR
2019-02-27 19:06:09,086|INFO|30357|3
2019-02-27 19:06:09,086|INFO|30357|Section 1150T1-15: Miller Course 1150T1 English 11 (teamed with AP US History) P4 YR
2019-02-27 19:06:09,086|INFO|30357|3
2019-02-27 19:06:09,087|INFO|30357|Section 4310T1-14: James Course 4310T1 Biology 1 P4 YR
2019-02-27 19:06:09,087|INFO|30357|5
2019-02-27 19:06:09,087|INFO|30357|Section 9828T4-02: Behling Course 9828T4 Prototyping 2 P7 S2
2019-02-27 19:06:09,087|INFO|30357|4
2019-02-27 19:06:09,088|INFO|30357|Section 313754-02: Jirari Scavotto Course 313754 TJHSST Math 4 P2 S2
2019-02-27 19:06:09,088|INFO|30357|1
2019-02-27 19:06:10,914|INFO|30357|New:
2019-02-27 19:06:10,978|INFO|30357|St base: 41316.00, St addl: 603.45, S conflict: 0.00, T conflict: 0.00, Per spread: -309.83, Sec penalty: 0.00
2019-02-27 19:06:10,978|INFO|30357|41316
2019-02-27 19:06:10,978|INFO|30357|41609.61933736338
2019-02-27 19:06:10,979|INFO|30357|Old:
2019-02-27 19:06:11,046|INFO|30357|St base: 41382.00, St addl: 620.35, S conflict: 0.00, T conflict: 0.00, Per spread: -309.83, Sec penalty: 0.00
2019-02-27 19:06:11,047|INFO|30357|41382
2019-02-27 19:06:11,047|INFO|30357|41692.51851539647
2019-02-27 19:06:11,122|INFO|30357|Saving schedule. (47)
2019-02-27 19:06:12,064|INFO|30357|Round 48: score 41692.52 (41382.00). Elapsed time: 1 min, 50.95 sec.
2019-02-27 19:06:12,109|INFO|30357|Section 730000-05: Smith Course 730000 Health and Physical Education 9 P1 YR
2019-02-27 19:06:12,109|INFO|30357|5
2019-02-27 19:06:12,109|INFO|30357|Section 000932-16: Teacherless Course 000932 See Counselor P6 YR
2019-02-27 19:06:12,109|INFO|30357|6
2019-02-27 19:06:12,109|INFO|30357|Section 318561-12: Kim Course 318561 AP Computer Science A plus Data Structures P3 YR
2019-02-27 19:06:12,109|INFO|30357|2
2019-02-27 19:06:14,004|INFO|30357|New:
2019-02-27 19:06:14,077|INFO|30357|St base: 41314.00, St addl: 627.42, S conflict: 0.00, T conflict: 0.00, Per spread: -316.32, Sec penalty: 0.00
2019-02-27 19:06:14,077|INFO|30357|41314
2019-02-27 19:06:14,077|INFO|30357|41625.09997143617
2019-02-27 19:06:14,077|INFO|30357|Old:
2019-02-27 19:06:14,153|INFO|30357|St base: 41382.00, St addl: 620.35, S conflict: 0.00, T conflict: 0.00, Per spread: -309.83, Sec penalty: 0.00
2019-02-27 19:06:14,153|INFO|30357|41382
2019-02-27 19:06:14,153|INFO|30357|41692.51851539647
2019-02-27 19:06:14,376|INFO|30357|Round 49: score 41692.52 (41382.00). Elapsed time: 1 min, 53.26 sec.
2019-02-27 19:06:14,432|INFO|30357|Section 2221T1-03: Monteverde Course 2221T1 World History and Geography 2 Honors P1 YR
2019-02-27 19:06:14,432|INFO|30357|3
2019-02-27 19:06:14,432|INFO|30357|Section 557004-03: Gendive Course 557004 AP Spanish Language P4 YR
2019-02-27 19:06:14,432|INFO|30357|3
2019-02-27 19:06:14,432|INFO|30357|Section 441000-03: Chhabra Course 441000 Chemistry 1 (CHUM) P5 YR
2019-02-27 19:06:14,432|INFO|30357|4
2019-02-27 19:06:14,433|INFO|30357|Section 000932-14: Teacherless Course 000933 See Counselor P5 S1
2019-02-27 19:06:14,433|INFO|30357|5
2019-02-27 19:06:14,433|INFO|30357|Section 316055-06: Choi Course 316055 TJHSST Math 5 P1 S2
2019-02-27 19:06:14,433|INFO|30357|7
2019-02-27 19:06:14,433|INFO|30357|Section 9826T5-01: Bell Course 9826T5 Advanced Analog Electronics P1 S1
2019-02-27 19:06:14,433|INFO|30357|6
