2019-03-04 20:44:02,918|INFO|23972|0
2019-03-04 20:44:02,935|INFO|23972|Saving schedule. (0)
2019-03-04 20:44:03,579|INFO|23972|Round 1: score -10330.00 (0.00). Elapsed time: 1.38 sec.
2019-03-04 20:44:28,189|INFO|23972|New:
2019-03-04 20:44:28,278|INFO|23972|St base: 42910.00, St addl: 2231.16, S conflict: 0.00, T conflict: 0.00, Per spread: -10330.00, Sec penalty: 0.00
2019-03-04 20:44:28,278|INFO|23972|42910
2019-03-04 20:44:28,279|INFO|23972|34811.16181626072
2019-03-04 20:44:28,279|INFO|23972|Old:
2019-03-04 20:44:28,292|INFO|23972|St base: 0.00, St addl: 0.00, S conflict: 0.00, T conflict: 0.00, Per spread: -10330.00, Sec penalty: 0.00
2019-03-04 20:44:28,293|INFO|23972|0
2019-03-04 20:44:28,293|INFO|23972|-10330
2019-03-04 20:44:28,385|INFO|23972|Saving schedule. (1)
2019-03-04 20:44:29,290|INFO|23972|Round 2: score 43289.56 (42910.00). Elapsed time: 27.10 sec.
2019-03-04 20:44:29,436|INFO|23972|Section 1130T1-06: Klein Course 1130T1 English 9 P1 YR
2019-03-04 20:44:29,436|INFO|23972|4
2019-03-04 20:44:32,209|INFO|23972|New:
2019-03-04 20:44:32,293|INFO|23972|St base: 42954.00, St addl: 571.49, S conflict: -36.00, T conflict: 0.00, Per spread: -206.10, Sec penalty: 0.00
2019-03-04 20:44:32,294|INFO|23972|42954
2019-03-04 20:44:32,294|INFO|23972|43319.39731303831
2019-03-04 20:44:32,294|INFO|23972|Old:
2019-03-04 20:44:32,371|INFO|23972|St base: 42910.00, St addl: 585.26, S conflict: 0.00, T conflict: 0.00, Per spread: -205.70, Sec penalty: 0.00
2019-03-04 20:44:32,371|INFO|23972|42910
2019-03-04 20:44:32,371|INFO|23972|43289.56269810581
2019-03-04 20:44:32,465|INFO|23972|Saving schedule. (2)
2019-03-04 20:44:33,507|INFO|23972|Round 3: score 43318.66 (42954.00). Elapsed time: 31.31 sec.
2019-03-04 20:44:33,617|INFO|23972|Section 4320T3-04: Burnett Course 4320T3 Life Sciences and Biotechnology Research P3 YR
2019-03-04 20:44:33,618|INFO|23972|7
2019-03-04 20:44:36,306|INFO|23972|New:
2019-03-04 20:44:36,382|INFO|23972|St base: 42927.00, St addl: 568.29, S conflict: -93.00, T conflict: 0.00, Per spread: -203.53, Sec penalty: 0.00
2019-03-04 20:44:36,382|INFO|23972|42927
2019-03-04 20:44:36,382|INFO|23972|43291.75215597932
2019-03-04 20:44:36,382|INFO|23972|Old:
2019-03-04 20:44:36,457|INFO|23972|St base: 42954.00, St addl: 568.20, S conflict: -36.00, T conflict: 0.00, Per spread: -203.53, Sec penalty: 0.00
2019-03-04 20:44:36,458|INFO|23972|42954
2019-03-04 20:44:36,458|INFO|23972|43318.664144640694
2019-03-04 20:44:36,689|INFO|23972|Round 4: score 43318.66 (42954.00). Elapsed time: 34.49 sec.
2019-03-04 20:44:36,774|INFO|23972|Section 244506-02: Zack Course 244506 AP US Government / Senior Seminar P5 YR
2019-03-04 20:44:36,774|INFO|23972|6
2019-03-04 20:44:36,775|INFO|23972|Section 535000-01: Conklin Course 535000 Latin 5 P3 YR
2019-03-04 20:44:36,775|INFO|23972|7
2019-03-04 20:44:36,775|INFO|23972|Section 9826T9-01: Dela Cuesta Course 9826T9 Automation and Robotics Research P6 YR
2019-03-04 20:44:36,776|INFO|23972|1
2019-03-04 20:44:36,776|INFO|23972|Section 3199J1-01: Kosek Course 3199J1 Web Application Development P4 S1
2019-03-04 20:44:36,776|INFO|23972|3
2019-03-04 20:44:36,776|INFO|23972|Section 1150T1-13: Burdick-Zupancic Course 1150T1 English 11 (teamed with AP US History) P3 YR
2019-03-04 20:44:36,776|INFO|23972|5
2019-03-04 20:44:39,184|INFO|23972|New:
2019-03-04 20:44:39,255|INFO|23972|St base: 42507.00, St addl: 569.43, S conflict: -585.00, T conflict: 0.00, Per spread: -204.12, Sec penalty: 0.00
2019-03-04 20:44:39,255|INFO|23972|42507
2019-03-04 20:44:39,255|INFO|23972|42872.30617805791
2019-03-04 20:44:39,256|INFO|23972|Old:
2019-03-04 20:44:39,328|INFO|23972|St base: 42954.00, St addl: 568.20, S conflict: -36.00, T conflict: 0.00, Per spread: -203.53, Sec penalty: 0.00
2019-03-04 20:44:39,328|INFO|23972|42954
2019-03-04 20:44:39,328|INFO|23972|43318.664144640694
2019-03-04 20:44:39,561|INFO|23972|Round 5: score 43318.66 (42954.00). Elapsed time: 37.37 sec.
2019-03-04 20:44:39,668|INFO|23972|Section 313754-11: Hill Course 313754 TJHSST Math 4 P1 S1
2019-03-04 20:44:39,668|INFO|23972|5
2019-03-04 20:44:39,668|INFO|23972|Section 121200-01: Harris Course 121200 Journalism 4 P2 YR
2019-03-04 20:44:39,668|INFO|23972|1
2019-03-04 20:44:39,669|INFO|23972|Section 525000-01: Oszko Course 525000 German 5 P3 YR
2019-03-04 20:44:39,669|INFO|23972|2
2019-03-04 20:44:39,669|INFO|23972|Section 316055-17: Scott Course 316055 TJHSST Math 5 P2 S2
2019-03-04 20:44:39,669|INFO|23972|7
2019-03-04 20:44:39,669|INFO|23972|Section 231905-05: Porcelli Course 231905 AP US History P7 YR
2019-03-04 20:44:39,670|INFO|23972|5
2019-03-04 20:44:39,670|INFO|23972|Section 1140T1-11: Pollet Course 1140T1 English 10 P1 YR
2019-03-04 20:44:39,670|INFO|23972|3
2019-03-04 20:44:39,670|INFO|23972|Section 740500-07: Potoker Course 740500 Health and Physical Education 10 with Driver Education P1 YR
2019-03-04 20:44:39,670|INFO|23972|3
2019-03-04 20:44:39,671|INFO|23972|Section 9828T0-03: Behling Course 9828T0 Prototyping 1 P6 S1
2019-03-04 20:44:39,671|INFO|23972|5
2019-03-04 20:44:39,671|INFO|23972|Section 317004-03: Razzino Course 317004 AP Calculus AB P1 YR
2019-03-04 20:44:39,671|INFO|23972|4
2019-03-04 20:44:42,324|INFO|23972|New:
2019-03-04 20:44:42,405|INFO|23972|St base: 42827.00, St addl: 566.68, S conflict: -309.00, T conflict: 0.00, Per spread: -204.12, Sec penalty: 0.00
2019-03-04 20:44:42,405|INFO|23972|42827
2019-03-04 20:44:42,406|INFO|23972|43189.55545185982
2019-03-04 20:44:42,406|INFO|23972|Old:
2019-03-04 20:44:42,487|INFO|23972|St base: 42954.00, St addl: 568.20, S conflict: -36.00, T conflict: 0.00, Per spread: -203.53, Sec penalty: 0.00
2019-03-04 20:44:42,488|INFO|23972|42954
2019-03-04 20:44:42,488|INFO|23972|43318.664144640694
2019-03-04 20:44:42,574|INFO|23972|Saving schedule. (5)
2019-03-04 20:44:43,373|INFO|23972|Round 6: score 43318.66 (42954.00). Elapsed time: 41.18 sec.
2019-03-04 20:44:43,480|INFO|23972|Section 4260T5-02: Hennig Course 4260T5 Advanced Astronomy: The Universe P1 S2
2019-03-04 20:44:43,480|INFO|23972|5
2019-03-04 20:44:43,480|INFO|23972|Section 919432-01: Davis Course 919432 Photography 2 P7 S2
2019-03-04 20:44:43,480|INFO|23972|5
2019-03-04 20:44:43,481|INFO|23972|Section 919332-01: Davis Course 919332 Photography 1 P2 S1
2019-03-04 20:44:43,481|INFO|23972|3
2019-03-04 20:44:43,481|INFO|23972|Section 314352-01: Coffey Course 314352 TJHSST Math 2 P3 S1
2019-03-04 20:44:43,481|INFO|23972|1
2019-03-04 20:44:43,481|INFO|23972|Section 4310T1-14: James Course 4310T1 Biology 1 P1 YR
2019-03-04 20:44:43,482|INFO|23972|5
2019-03-04 20:44:46,263|INFO|23972|New:
2019-03-04 20:44:46,342|INFO|23972|St base: 42921.00, St addl: 564.01, S conflict: -189.00, T conflict: 0.00, Per spread: -202.75, Sec penalty: 0.00
2019-03-04 20:44:46,343|INFO|23972|42921
2019-03-04 20:44:46,343|INFO|23972|43282.260138713355
2019-03-04 20:44:46,343|INFO|23972|Old:
2019-03-04 20:44:46,424|INFO|23972|St base: 42954.00, St addl: 568.20, S conflict: -36.00, T conflict: 0.00, Per spread: -203.53, Sec penalty: 0.00
2019-03-04 20:44:46,424|INFO|23972|42954
2019-03-04 20:44:46,424|INFO|23972|43318.664144640694
2019-03-04 20:44:46,684|INFO|23972|Round 7: score 43318.66 (42954.00). Elapsed time: 44.49 sec.
2019-03-04 20:44:46,814|INFO|23972|Section 4220T1-02: Culbertson Course 4220T1 Geosystems P6 YR
2019-03-04 20:44:46,814|INFO|23972|1
2019-03-04 20:44:46,814|INFO|23972|Section 552000-02: Pou Course 552000 Spanish 2 P1 YR
2019-03-04 20:44:46,815|INFO|23972|6
2019-03-04 20:44:46,815|INFO|23972|Section 552000-03: Pou Course 552000 Spanish 2 P3 YR
2019-03-04 20:44:46,815|INFO|23972|4
2019-03-04 20:44:46,815|INFO|23972|Section 740500-03: Arthur Course 740500 Health and Physical Education 10 with Driver Education P1 YR
2019-03-04 20:44:46,815|INFO|23972|4
2019-03-04 20:44:46,816|INFO|23972|Section 512000-02: Delfosse Course 512000 French 2 P3 YR
2019-03-04 20:44:46,816|INFO|23972|1
2019-03-04 20:44:46,816|INFO|23972|Section 928915-01: Lowery Course 928915 Advanced Mixed Chorus P6 YR
2019-03-04 20:44:46,816|INFO|23972|5
2019-03-04 20:44:46,817|INFO|23972|Section 2221T1-09: Porcelli Course 2221T1 World History and Geography 2 Honors P2 YR
2019-03-04 20:44:46,817|INFO|23972|5
2019-03-04 20:44:46,817|INFO|23972|Section 585000-02: Xu Course 585000 Chinese 5 P1 YR
2019-03-04 20:44:46,817|INFO|23972|3
2019-03-04 20:44:46,817|INFO|23972|Section 143532-01: Lowery Course 143532 Tech Theatre 1 P7 S1
2019-03-04 20:44:46,818|INFO|23972|6
2019-03-04 20:44:49,500|INFO|23972|New:
2019-03-04 20:44:49,574|INFO|23972|St base: 42624.00, St addl: 565.62, S conflict: -330.00, T conflict: 0.00, Per spread: -204.91, Sec penalty: 0.00
2019-03-04 20:44:49,574|INFO|23972|42624
2019-03-04 20:44:49,574|INFO|23972|42984.71043993783
2019-03-04 20:44:49,574|INFO|23972|Old:
2019-03-04 20:44:49,648|INFO|23972|St base: 42954.00, St addl: 568.20, S conflict: -36.00, T conflict: 0.00, Per spread: -203.53, Sec penalty: 0.00
2019-03-04 20:44:49,648|INFO|23972|42954
2019-03-04 20:44:49,648|INFO|23972|43318.664144640694
2019-03-04 20:44:49,881|INFO|23972|Round 8: score 43318.66 (42954.00). Elapsed time: 47.69 sec.
2019-03-04 20:44:49,978|INFO|23972|Section 313753-01: Hill Course 313753 TJHSST Math 3 P3 S1
2019-03-04 20:44:49,979|INFO|23972|6
2019-03-04 20:44:52,629|INFO|23972|New:
2019-03-04 20:44:52,705|INFO|23972|St base: 42886.00, St addl: 566.96, S conflict: -108.00, T conflict: 0.00, Per spread: -202.94, Sec penalty: 0.00
2019-03-04 20:44:52,705|INFO|23972|42886
2019-03-04 20:44:52,705|INFO|23972|43250.01983657092
2019-03-04 20:44:52,705|INFO|23972|Old:
2019-03-04 20:44:52,786|INFO|23972|St base: 42954.00, St addl: 568.20, S conflict: -36.00, T conflict: 0.00, Per spread: -203.53, Sec penalty: 0.00
2019-03-04 20:44:52,786|INFO|23972|42954
2019-03-04 20:44:52,786|INFO|23972|43318.664144640694
2019-03-04 20:44:52,872|INFO|23972|Saving schedule. (8)
2019-03-04 20:44:53,807|INFO|23972|Round 9: score 43318.66 (42954.00). Elapsed time: 51.61 sec.
2019-03-04 20:44:53,930|INFO|23972|Section 000932-10: Teacherless Course 000932 See Counselor P4 YR
2019-03-04 20:44:53,930|INFO|23972|4
2019-03-04 20:44:53,930|INFO|23972|Section 4510T1-05: Scholla Course 4510T1 Physics 1 P1 YR
2019-03-04 20:44:53,931|INFO|23972|4
2019-03-04 20:44:53,931|INFO|23972|Section 9826T6-01: Bell Course 9826T6 Advanced Digital Electronics P5 S2
2019-03-04 20:44:53,931|INFO|23972|4
2019-03-04 20:44:56,796|INFO|23972|New:
2019-03-04 20:44:56,870|INFO|23972|St base: 42926.00, St addl: 565.98, S conflict: -54.00, T conflict: 0.00, Per spread: -203.53, Sec penalty: 0.00
2019-03-04 20:44:56,870|INFO|23972|42926
2019-03-04 20:44:56,870|INFO|23972|43288.44609989844
2019-03-04 20:44:56,870|INFO|23972|Old:
2019-03-04 20:44:56,947|INFO|23972|St base: 42954.00, St addl: 568.20, S conflict: -36.00, T conflict: 0.00, Per spread: -203.53, Sec penalty: 0.00
2019-03-04 20:44:56,948|INFO|23972|42954
2019-03-04 20:44:56,948|INFO|23972|43318.664144640694
2019-03-04 20:44:57,185|INFO|23972|Round 10: score 43318.66 (42954.00). Elapsed time: 54.99 sec.
2019-03-04 20:44:57,396|INFO|23972|Section 437004-03: Del Cerro Course 437004 AP Biology P5 YR
2019-03-04 20:44:57,397|INFO|23972|7
2019-03-04 20:44:57,397|INFO|23972|Section 4320T6-05: Cobb Course 4320T6 DNA Science 1 P7 S1
2019-03-04 20:44:57,397|INFO|23972|1
2019-03-04 20:44:57,398|INFO|23972|Section 730000-07: Smith Course 730000 Health and Physical Education 9 P2 YR
2019-03-04 20:44:57,398|INFO|23972|4
2019-03-04 20:44:57,398|INFO|23972|Section 1140T1-07: Lebryk-Chao Course 1140T1 English 10 P1 YR
2019-03-04 20:44:57,398|INFO|23972|6
2019-03-04 20:44:57,399|INFO|23972|Section 9828T9-01: Piccione Course 9828T9 Conventional Energy Systems P4 S1
2019-03-04 20:44:57,399|INFO|23972|7
2019-03-04 20:44:57,399|INFO|23972|Section 928032-02: Lowery Course 928032 Vocal Ensemble P6 S2
2019-03-04 20:44:57,400|INFO|23972|7
2019-03-04 20:45:00,168|INFO|23972|New:
2019-03-04 20:45:00,247|INFO|23972|St base: 42759.00, St addl: 562.63, S conflict: -321.00, T conflict: 0.00, Per spread: -202.35, Sec penalty: 0.00
2019-03-04 20:45:00,247|INFO|23972|42759
2019-03-04 20:45:00,247|INFO|23972|43119.27838252874
2019-03-04 20:45:00,247|INFO|23972|Old:
2019-03-04 20:45:00,322|INFO|23972|St base: 42954.00, St addl: 568.20, S conflict: -36.00, T conflict: 0.00, Per spread: -203.53, Sec penalty: 0.00
2019-03-04 20:45:00,322|INFO|23972|42954
2019-03-04 20:45:00,322|INFO|23972|43318.664144640694
2019-03-04 20:45:00,562|INFO|23972|Round 11: score 43318.66 (42954.00). Elapsed time: 58.37 sec.
2019-03-04 20:45:00,655|INFO|23972|Section 1140T1-12: Laffey Course 1140T1 English 10 P1 YR
2019-03-04 20:45:00,656|INFO|23972|4
2019-03-04 20:45:00,656|INFO|23972|Section 3184T2-02: Rose Course 3184T2 Foundations of Computer Science Accelerated P3 YR
2019-03-04 20:45:00,656|INFO|23972|7
2019-03-04 20:45:00,656|INFO|23972|Section 317860-01: Osborne Course 317860 Multivariable Calculus P5 S1
2019-03-04 20:45:00,656|INFO|23972|6
2019-03-04 20:45:00,657|INFO|23972|Section 3190T1-03: Coffey Course 3190T1 TJHSST Research & Statistics 1 P4 S1
2019-03-04 20:45:00,657|INFO|23972|1
2019-03-04 20:45:03,186|INFO|23972|New:
2019-03-04 20:45:03,264|INFO|23972|St base: 42862.00, St addl: 569.73, S conflict: -204.00, T conflict: 0.00, Per spread: -201.76, Sec penalty: 0.00
2019-03-04 20:45:03,264|INFO|23972|42862
2019-03-04 20:45:03,264|INFO|23972|43229.969381263254
2019-03-04 20:45:03,264|INFO|23972|Old:
2019-03-04 20:45:03,340|INFO|23972|St base: 42954.00, St addl: 568.20, S conflict: -36.00, T conflict: 0.00, Per spread: -203.53, Sec penalty: 0.00
2019-03-04 20:45:03,341|INFO|23972|42954
2019-03-04 20:45:03,341|INFO|23972|43318.664144640694
2019-03-04 20:45:03,431|INFO|23972|Saving schedule. (11)
2019-03-04 20:45:04,088|INFO|23972|Round 12: score 43318.66 (42954.00). Elapsed time: 1 min, 1.89 sec.
2019-03-04 20:45:04,198|INFO|23972|Section 4520T8-01: Luo Course 4520T8 Introduction to Optics Systems and Phenomena P5 S1
2019-03-04 20:45:04,198|INFO|23972|6
2019-03-04 20:45:04,199|INFO|23972|Section 313753-13: Scott Course 313753 TJHSST Math 3 P6 S2
2019-03-04 20:45:04,199|INFO|23972|2
2019-03-04 20:45:04,199|INFO|23972|Section 984060-19: Piccione Course 984060 Design and Technology P3 YR
2019-03-04 20:45:04,200|INFO|23972|6
2019-03-04 20:45:04,200|INFO|23972|Section 231905-16: Sheptyck Course 231905 AP US History P2 YR
2019-03-04 20:45:04,200|INFO|23972|3
2019-03-04 20:45:04,201|INFO|23972|Section 317704-15: Spoden Course 317704 AP Calculus BC P3 YR
2019-03-04 20:45:04,201|INFO|23972|6
2019-03-04 20:45:04,201|INFO|23972|Section 1130T1-10: Lang Boswell Course 1130T1 English 9 P4 YR
2019-03-04 20:45:04,201|INFO|23972|1
2019-03-04 20:45:04,202|INFO|23972|Section 1150T1-09: Castaldo Course 1150T1 English 11 (teamed with AP US History) P1 YR
2019-03-04 20:45:04,202|INFO|23972|2
2019-03-04 20:45:07,181|INFO|23972|New:
2019-03-04 20:45:07,261|INFO|23972|St base: 42667.00, St addl: 568.51, S conflict: -405.00, T conflict: 0.00, Per spread: -209.04, Sec penalty: 0.00
2019-03-04 20:45:07,261|INFO|23972|42667
2019-03-04 20:45:07,261|INFO|23972|43026.46678310469
2019-03-04 20:45:07,261|INFO|23972|Old:
2019-03-04 20:45:07,338|INFO|23972|St base: 42954.00, St addl: 568.20, S conflict: -36.00, T conflict: 0.00, Per spread: -203.53, Sec penalty: 0.00
2019-03-04 20:45:07,338|INFO|23972|42954
2019-03-04 20:45:07,338|INFO|23972|43318.664144640694
2019-03-04 20:45:07,576|INFO|23972|Round 13: score 43318.66 (42954.00). Elapsed time: 1 min, 5.38 sec.
2019-03-04 20:45:07,665|INFO|23972|Section 1140T1-05: Pollet Course 1140T1 English 10 P4 YR
2019-03-04 20:45:07,666|INFO|23972|6
2019-03-04 20:45:07,666|INFO|23972|Section 1150T1-05: Glover Course 1150T1 English 11 (teamed with AP US History) P1 YR
2019-03-04 20:45:07,666|INFO|23972|5
2019-03-04 20:45:07,666|INFO|23972|Section 316055-12: Lightner Course 316055 TJHSST Math 5 P2 S2
2019-03-04 20:45:07,667|INFO|23972|3
2019-03-04 20:45:10,512|INFO|23972|New:
2019-03-04 20:45:10,592|INFO|23972|St base: 43043.00, St addl: 572.60, S conflict: -141.00, T conflict: 0.00, Per spread: -202.35, Sec penalty: 0.00
2019-03-04 20:45:10,592|INFO|23972|43043
2019-03-04 20:45:10,592|INFO|23972|43413.24705647855
2019-03-04 20:45:10,592|INFO|23972|Old:
2019-03-04 20:45:10,667|INFO|23972|St base: 42954.00, St addl: 568.20, S conflict: -36.00, T conflict: 0.00, Per spread: -203.53, Sec penalty: 0.00
2019-03-04 20:45:10,667|INFO|23972|42954
2019-03-04 20:45:10,667|INFO|23972|43318.664144640694
2019-03-04 20:45:10,927|INFO|23972|Round 14: score 43411.62 (43043.00). Elapsed time: 1 min, 8.73 sec.
2019-03-04 20:45:11,020|INFO|23972|Section 4510T1-11: Smith Course 4510T1 Physics 1 P7 YR
2019-03-04 20:45:11,020|INFO|23972|6
2019-03-04 20:45:11,020|INFO|23972|Section 441000-05: Jones Course 441000 Chemistry 1 (CHUM) P5 YR
2019-03-04 20:45:11,020|INFO|23972|2
2019-03-04 20:45:11,021|INFO|23972|Section 319862-01: Osborne Course 319862 Mathematics Techniques for Scientists and Engineers P4 S2
2019-03-04 20:45:11,021|INFO|23972|2
2019-03-04 20:45:11,021|INFO|23972|Section 984060-16: Jones Course 984060 Design and Technology P6 YR
2019-03-04 20:45:11,021|INFO|23972|5
2019-03-04 20:45:11,021|INFO|23972|Section 2221T1-20: Sacks Course 2221T1 World History and Geography 2 Honors P2 YR
2019-03-04 20:45:11,021|INFO|23972|4
2019-03-04 20:45:13,425|INFO|23972|New:
2019-03-04 20:45:13,500|INFO|23972|St base: 42578.00, St addl: 567.77, S conflict: -450.00, T conflict: 0.00, Per spread: -197.05, Sec penalty: 0.00
2019-03-04 20:45:13,500|INFO|23972|42578
2019-03-04 20:45:13,501|INFO|23972|42948.71481772742
2019-03-04 20:45:13,501|INFO|23972|Old:
2019-03-04 20:45:13,575|INFO|23972|St base: 43043.00, St addl: 565.87, S conflict: -141.00, T conflict: 0.00, Per spread: -197.24, Sec penalty: 0.00
2019-03-04 20:45:13,576|INFO|23972|43043
2019-03-04 20:45:13,576|INFO|23972|43411.623084503866
2019-03-04 20:45:13,663|INFO|23972|Saving schedule. (14)
2019-03-04 20:45:14,465|INFO|23972|Round 15: score 43411.62 (43043.00). Elapsed time: 1 min, 12.27 sec.
2019-03-04 20:45:14,569|INFO|23972|Section 1140T1-05: Pollet Course 1140T1 English 10 P6 YR
2019-03-04 20:45:14,569|INFO|23972|4
2019-03-04 20:45:14,570|INFO|23972|Section 3190T2-03: Scott Course 3190T2 TJHSST Research & Statistics 2 P5 S2
2019-03-04 20:45:14,570|INFO|23972|1
2019-03-04 20:45:17,172|INFO|23972|New:
2019-03-04 20:45:17,241|INFO|23972|St base: 42871.00, St addl: 564.16, S conflict: -309.00, T conflict: 0.00, Per spread: -197.63, Sec penalty: 0.00
2019-03-04 20:45:17,241|INFO|23972|42871
2019-03-04 20:45:17,241|INFO|23972|43237.52901445773
2019-03-04 20:45:17,241|INFO|23972|Old:
2019-03-04 20:45:17,308|INFO|23972|St base: 43043.00, St addl: 565.87, S conflict: -141.00, T conflict: 0.00, Per spread: -197.24, Sec penalty: 0.00
2019-03-04 20:45:17,308|INFO|23972|43043
2019-03-04 20:45:17,308|INFO|23972|43411.623084503866
2019-03-04 20:45:17,521|INFO|23972|Round 16: score 43411.62 (43043.00). Elapsed time: 1 min, 15.33 sec.
2019-03-04 20:45:17,611|INFO|23972|Section 313753-13: Scott Course 313753 TJHSST Math 3 P6 S2
2019-03-04 20:45:17,611|INFO|23972|2
2019-03-04 20:45:17,611|INFO|23972|Section 319917-01: Zacharias Course 319917 Computer Vision 2 P2 S2
2019-03-04 20:45:17,612|INFO|23972|5
2019-03-04 20:45:17,612|INFO|23972|Section 3199J2-01: Galanos Course 3199J2 Mobile Application Development P3 S1
2019-03-04 20:45:17,612|INFO|23972|6
2019-03-04 20:45:17,612|INFO|23972|Section 317704-11: Schmitt Course 317704 AP Calculus BC P6 YR
2019-03-04 20:45:17,612|INFO|23972|1
2019-03-04 20:45:17,612|INFO|23972|Section 4220T1-17: Woodwell Course 4220T1 Geosystems P4 YR
2019-03-04 20:45:17,613|INFO|23972|5
2019-03-04 20:45:17,613|INFO|23972|Section 3199J2-02: Galanos Course 3199J2 Mobile Application Development P1 S1
2019-03-04 20:45:17,613|INFO|23972|2
2019-03-04 20:45:20,162|INFO|23972|New:
2019-03-04 20:45:20,249|INFO|23972|St base: 42661.00, St addl: 562.93, S conflict: -411.00, T conflict: 0.00, Per spread: -203.38, Sec penalty: 0.00
2019-03-04 20:45:20,249|INFO|23972|42661
2019-03-04 20:45:20,249|INFO|23972|43020.55553398891
2019-03-04 20:45:20,250|INFO|23972|Old:
2019-03-04 20:45:20,341|INFO|23972|St base: 43043.00, St addl: 565.87, S conflict: -141.00, T conflict: 0.00, Per spread: -197.24, Sec penalty: 0.00
2019-03-04 20:45:20,341|INFO|23972|43043
2019-03-04 20:45:20,342|INFO|23972|43411.623084503866
2019-03-04 20:45:20,606|INFO|23972|Round 17: score 43411.62 (43043.00). Elapsed time: 1 min, 18.41 sec.
2019-03-04 20:45:20,716|INFO|23972|Section 231905-05: Porcelli Course 231905 AP US History P7 YR
2019-03-04 20:45:20,716|INFO|23972|4
2019-03-04 20:45:20,716|INFO|23972|Section 313754-14: Lightner Course 313754 TJHSST Math 4 P5 S1
2019-03-04 20:45:20,716|INFO|23972|1
2019-03-04 20:45:20,717|INFO|23972|Section 447004-06: Taylor Course 447004 AP Chemistry P6 YR
2019-03-04 20:45:20,717|INFO|23972|2
2019-03-04 20:45:20,717|INFO|23972|Section 437004-02: Del Cerro Course 437004 AP Biology P6 YR
2019-03-04 20:45:20,717|INFO|23972|7
2019-03-04 20:45:20,717|INFO|23972|Section 511000-01: Delfosse Course 511000 French 1 P5 YR
2019-03-04 20:45:20,718|INFO|23972|1
2019-03-04 20:45:20,718|INFO|23972|Section 317704-03: Auerbach Course 317704 AP Calculus BC P6 YR
2019-03-04 20:45:20,718|INFO|23972|7
2019-03-04 20:45:20,718|INFO|23972|Section 119504-04: Kochman Course 119504 AP English Literature and Composition P7 YR
2019-03-04 20:45:20,718|INFO|23972|1
2019-03-04 20:45:23,484|INFO|23972|New:
2019-03-04 20:45:23,575|INFO|23972|St base: 42821.00, St addl: 565.03, S conflict: -321.00, T conflict: 0.00, Per spread: -200.69, Sec penalty: 0.00
2019-03-04 20:45:23,575|INFO|23972|42821
2019-03-04 20:45:23,575|INFO|23972|43185.337974722046
2019-03-04 20:45:23,575|INFO|23972|Old:
2019-03-04 20:45:23,643|INFO|23972|St base: 43043.00, St addl: 565.87, S conflict: -141.00, T conflict: 0.00, Per spread: -197.24, Sec penalty: 0.00
2019-03-04 20:45:23,643|INFO|23972|43043
2019-03-04 20:45:23,643|INFO|23972|43411.623084503866
2019-03-04 20:45:23,726|INFO|23972|Saving schedule. (17)
2019-03-04 20:45:24,454|INFO|23972|Round 18: score 43411.62 (43043.00). Elapsed time: 1 min, 22.26 sec.
2019-03-04 20:45:24,698|INFO|23972|Section 984060-06: Jones Course 984060 Design and Technology P5 YR
2019-03-04 20:45:24,698|INFO|23972|2
2019-03-04 20:45:24,699|INFO|23972|Section 4220T3-01: Lampazzi Course 4220T3 Mentorship P1 S1
2019-03-04 20:45:24,699|INFO|23972|2
2019-03-04 20:45:24,699|INFO|23972|Section 437004-02: Del Cerro Course 437004 AP Biology P6 YR
2019-03-04 20:45:24,699|INFO|23972|4
2019-03-04 20:45:24,700|INFO|23972|Section 4510T1-04: Scholla Course 4510T1 Physics 1 P7 YR
2019-03-04 20:45:24,700|INFO|23972|4
2019-03-04 20:45:24,700|INFO|23972|Section 319966-08: Vacancy Course 319966 Artificial Intelligence 1 P2 S1
2019-03-04 20:45:24,700|INFO|23972|5
2019-03-04 20:45:24,700|INFO|23972|Section 437004-04: Del Cerro Course 437004 AP Biology P2 YR
2019-03-04 20:45:24,700|INFO|23972|6
2019-03-04 20:45:24,701|INFO|23972|Section 592000-01: Otani Course 592000 Japanese 2 P4 YR
2019-03-04 20:45:24,701|INFO|23972|1
2019-03-04 20:45:27,377|INFO|23972|New:
2019-03-04 20:45:27,453|INFO|23972|St base: 42714.00, St addl: 565.62, S conflict: -348.00, T conflict: 0.00, Per spread: -198.20, Sec penalty: 0.00
2019-03-04 20:45:27,453|INFO|23972|42714
2019-03-04 20:45:27,453|INFO|23972|43081.419473274436
2019-03-04 20:45:27,453|INFO|23972|Old:
2019-03-04 20:45:27,530|INFO|23972|St base: 43043.00, St addl: 565.87, S conflict: -141.00, T conflict: 0.00, Per spread: -197.24, Sec penalty: 0.00
2019-03-04 20:45:27,530|INFO|23972|43043
2019-03-04 20:45:27,530|INFO|23972|43411.623084503866
2019-03-04 20:45:27,770|INFO|23972|Round 19: score 43411.62 (43043.00). Elapsed time: 1 min, 25.58 sec.
2019-03-04 20:45:27,867|INFO|23972|Section 3190T1-11: Stickler Course 3190T1 TJHSST Research & Statistics 1 P6 S1
2019-03-04 20:45:27,867|INFO|23972|5
2019-03-04 20:45:27,867|INFO|23972|Section 457004-03: Hannum Course 457004 AP Physics C -- Mechanics and Electricity and Magnetism P1 YR
2019-03-04 20:45:27,867|INFO|23972|2
2019-03-04 20:45:30,638|INFO|23972|New:
2019-03-04 20:45:30,708|INFO|23972|St base: 42939.00, St addl: 563.34, S conflict: -309.00, T conflict: 0.00, Per spread: -198.39, Sec penalty: 0.00
2019-03-04 20:45:30,708|INFO|23972|42939
2019-03-04 20:45:30,708|INFO|23972|43303.94687131722
2019-03-04 20:45:30,708|INFO|23972|Old:
2019-03-04 20:45:30,779|INFO|23972|St base: 43043.00, St addl: 565.87, S conflict: -141.00, T conflict: 0.00, Per spread: -197.24, Sec penalty: 0.00
2019-03-04 20:45:30,779|INFO|23972|43043
2019-03-04 20:45:30,779|INFO|23972|43411.623084503866
2019-03-04 20:45:31,031|INFO|23972|Round 20: score 43411.62 (43043.00). Elapsed time: 1 min, 28.84 sec.
2019-03-04 20:45:31,128|INFO|23972|Section 317004-02: Choi Course 317004 AP Calculus AB P1 YR
2019-03-04 20:45:31,128|INFO|23972|5
2019-03-04 20:45:31,128|INFO|23972|Section 919432-01: Davis Course 919432 Photography 2 P7 S2
2019-03-04 20:45:31,128|INFO|23972|4
2019-03-04 20:45:31,129|INFO|23972|Section 4260T5-02: Hennig Course 4260T5 Advanced Astronomy: The Universe P1 S2
2019-03-04 20:45:31,129|INFO|23972|5
2019-03-04 20:45:31,129|INFO|23972|Section 1140T1-07: Lebryk-Chao Course 1140T1 English 10 P1 YR
2019-03-04 20:45:31,129|INFO|23972|6
2019-03-04 20:45:31,130|INFO|23972|Section 000932-06: Teacherless Course 000933 See Counselor P2 S2
2019-03-04 20:45:31,130|INFO|23972|2
2019-03-04 20:45:31,131|INFO|23972|Section 730000-07: Smith Course 730000 Health and Physical Education 9 P2 YR
2019-03-04 20:45:31,131|INFO|23972|4
2019-03-04 20:45:31,132|INFO|23972|Section 2374T1-01: Hurowitz Course 2374T1 Physical / Cultural Anthropology P4 S1
2019-03-04 20:45:31,132|INFO|23972|1
2019-03-04 20:45:31,132|INFO|23972|Section 1150T1-01: Gilbert Course 1150T1 English 11 (teamed with AP US History) P6 YR
2019-03-04 20:45:31,132|INFO|23972|1
2019-03-04 20:45:34,022|INFO|23972|New:
2019-03-04 20:45:34,110|INFO|23972|St base: 42712.00, St addl: 564.68, S conflict: -540.00, T conflict: 0.00, Per spread: -199.93, Sec penalty: 0.00
2019-03-04 20:45:34,110|INFO|23972|42712
2019-03-04 20:45:34,110|INFO|23972|43076.75167252892
2019-03-04 20:45:34,110|INFO|23972|Old:
2019-03-04 20:45:34,181|INFO|23972|St base: 43043.00, St addl: 565.87, S conflict: -141.00, T conflict: 0.00, Per spread: -197.24, Sec penalty: 0.00
2019-03-04 20:45:34,181|INFO|23972|43043
2019-03-04 20:45:34,182|INFO|23972|43411.623084503866
2019-03-04 20:45:34,277|INFO|23972|Saving schedule. (20)
2019-03-04 20:45:34,868|INFO|23972|Round 21: score 43411.62 (43043.00). Elapsed time: 1 min, 32.67 sec.
2019-03-04 20:45:59,726|INFO|23972|New:
2019-03-04 20:45:59,805|INFO|23972|St base: 43095.00, St addl: 557.67, S conflict: -147.00, T conflict: 0.00, Per spread: -197.24, Sec penalty: 0.00
2019-03-04 20:45:59,805|INFO|23972|43095
2019-03-04 20:45:59,805|INFO|23972|43455.424813860875
2019-03-04 20:45:59,806|INFO|23972|Old:
2019-03-04 20:45:59,884|INFO|23972|St base: 43043.00, St addl: 565.87, S conflict: -141.00, T conflict: 0.00, Per spread: -197.24, Sec penalty: 0.00
2019-03-04 20:45:59,884|INFO|23972|43043
2019-03-04 20:45:59,884|INFO|23972|43411.623084503866
2019-03-04 20:45:59,979|INFO|23972|Saving schedule. (21)
2019-03-04 20:46:00,989|INFO|23972|Round 22: score 43454.50 (43095.00). Elapsed time: 1 min, 58.79 sec.
2019-03-04 20:46:01,078|INFO|23972|Section 447004-08: Taylor Course 447004 AP Chemistry P7 YR
2019-03-04 20:46:01,078|INFO|23972|4
2019-03-04 20:46:01,078|INFO|23972|Section 114000-02: Seavey Course 114000 English 10 (CHUM) P1 YR
2019-03-04 20:46:01,078|INFO|23972|3
2019-03-04 20:46:01,079|INFO|23972|Section 2221T1-19: Sacks Course 2221T1 World History and Geography 2 Honors P3 YR
2019-03-04 20:46:01,079|INFO|23972|4
2019-03-04 20:46:01,079|INFO|23972|Section 558004-01: Pou Course 558004 AP Spanish Literature P6 YR
2019-03-04 20:46:01,079|INFO|23972|2
2019-03-04 20:46:03,658|INFO|23972|New:
2019-03-04 20:46:03,734|INFO|23972|St base: 42957.00, St addl: 553.11, S conflict: -279.00, T conflict: 0.00, Per spread: -193.35, Sec penalty: 0.00
2019-03-04 20:46:03,734|INFO|23972|42957
2019-03-04 20:46:03,734|INFO|23972|43316.76039303872
2019-03-04 20:46:03,734|INFO|23972|Old:
2019-03-04 20:46:03,814|INFO|23972|St base: 43095.00, St addl: 553.79, S conflict: -147.00, T conflict: 0.00, Per spread: -194.29, Sec penalty: 0.00
2019-03-04 20:46:03,814|INFO|23972|43095
2019-03-04 20:46:03,814|INFO|23972|43454.4963829302
2019-03-04 20:46:03,904|INFO|23972|Saving schedule. (22)
2019-03-04 20:46:04,616|INFO|23972|Round 23: score 43454.50 (43095.00). Elapsed time: 2 min, 2.42 sec.
2019-03-04 20:46:04,709|INFO|23972|Section 2950T1-01: Bourjaily Course 2950T1 Inquiry in Ideas P1 S1
2019-03-04 20:46:04,709|INFO|23972|7
2019-03-04 20:46:04,709|INFO|23972|Section 4420T2-02: Kennedy Course 4420T2 Chemical Analysis and Nanochemistry Research P4 YR
2019-03-04 20:46:04,710|INFO|23972|3
2019-03-04 20:46:07,248|INFO|23972|New:
2019-03-04 20:46:07,326|INFO|23972|St base: 43075.00, St addl: 555.00, S conflict: -165.00, T conflict: 0.00, Per spread: -193.53, Sec penalty: 0.00
2019-03-04 20:46:07,326|INFO|23972|43075
2019-03-04 20:46:07,327|INFO|23972|43436.46113976945
2019-03-04 20:46:07,327|INFO|23972|Old:
2019-03-04 20:46:07,404|INFO|23972|St base: 43095.00, St addl: 553.79, S conflict: -147.00, T conflict: 0.00, Per spread: -194.29, Sec penalty: 0.00
2019-03-04 20:46:07,404|INFO|23972|43095
2019-03-04 20:46:07,404|INFO|23972|43454.4963829302
2019-03-04 20:46:07,703|INFO|23972|Round 24: score 43454.50 (43095.00). Elapsed time: 2 min, 5.51 sec.
2019-03-04 20:46:07,809|INFO|23972|Section 000932-03: Teacherless Course 000933 See Counselor P1 S2
2019-03-04 20:46:07,809|INFO|23972|1
2019-03-04 20:46:07,810|INFO|23972|Section 222100-02: Waters Course 222100 World History & Geography 2 (CHUM) P3 YR
2019-03-04 20:46:07,810|INFO|23972|2
2019-03-04 20:46:07,810|INFO|23972|Section 143532-01: Lowery Course 143532 Tech Theatre 1 P7 S1
2019-03-04 20:46:07,810|INFO|23972|5
2019-03-04 20:46:07,811|INFO|23972|Section 144632-01: Pollet Course 144632 Film Study P3 S1
2019-03-04 20:46:07,811|INFO|23972|1
2019-03-04 20:46:07,811|INFO|23972|Section 2221T1-04: Yi Course 2221T1 World History and Geography 2 Honors P6 YR
2019-03-04 20:46:07,811|INFO|23972|3
2019-03-04 20:46:07,812|INFO|23972|Section 437004-04: Del Cerro Course 437004 AP Biology P2 YR
2019-03-04 20:46:07,812|INFO|23972|7
2019-03-04 20:46:10,457|INFO|23972|New:
2019-03-04 20:46:10,531|INFO|23972|St base: 42890.00, St addl: 554.57, S conflict: -300.00, T conflict: 0.00, Per spread: -193.91, Sec penalty: 0.00
2019-03-04 20:46:10,532|INFO|23972|42890
2019-03-04 20:46:10,532|INFO|23972|43250.65680393692
2019-03-04 20:46:10,532|INFO|23972|Old:
2019-03-04 20:46:10,605|INFO|23972|St base: 43095.00, St addl: 553.79, S conflict: -147.00, T conflict: 0.00, Per spread: -194.29, Sec penalty: 0.00
2019-03-04 20:46:10,605|INFO|23972|43095
2019-03-04 20:46:10,605|INFO|23972|43454.4963829302
2019-03-04 20:46:10,835|INFO|23972|Round 25: score 43454.50 (43095.00). Elapsed time: 2 min, 8.64 sec.
2019-03-04 20:46:10,942|INFO|23972|Section 313753-14: Scott Course 313753 TJHSST Math 3 P4 S2
2019-03-04 20:46:10,942|INFO|23972|2
2019-03-04 20:46:10,943|INFO|23972|Section 3199J1-03: Kosek Course 3199J1 Web Application Development P5 S2
2019-03-04 20:46:10,943|INFO|23972|2
2019-03-04 20:46:10,943|INFO|23972|Section 918032-01: Davis Course 918032 Computer Graphics 1 P1 S1
2019-03-04 20:46:10,943|INFO|23972|6
2019-03-04 20:46:10,943|INFO|23972|Section 1150T1-10: Castaldo Course 1150T1 English 11 (teamed with AP US History) P2 YR
2019-03-04 20:46:10,943|INFO|23972|7
2019-03-04 20:46:10,944|INFO|23972|Section 2221T1-05: Yi Course 2221T1 World History and Geography 2 Honors P2 YR
2019-03-04 20:46:10,944|INFO|23972|4
2019-03-04 20:46:10,944|INFO|23972|Section 1140T1-19: Williams Course 1140T1 English 10 P2 YR
2019-03-04 20:46:10,944|INFO|23972|7
2019-03-04 20:46:13,763|INFO|23972|New:
2019-03-04 20:46:13,845|INFO|23972|St base: 42772.00, St addl: 560.65, S conflict: -402.00, T conflict: 0.00, Per spread: -194.67, Sec penalty: 0.00
2019-03-04 20:46:13,845|INFO|23972|42772
2019-03-04 20:46:13,846|INFO|23972|43137.977971722976
2019-03-04 20:46:13,846|INFO|23972|Old:
2019-03-04 20:46:13,932|INFO|23972|St base: 43095.00, St addl: 553.79, S conflict: -147.00, T conflict: 0.00, Per spread: -194.29, Sec penalty: 0.00
2019-03-04 20:46:13,932|INFO|23972|43095
2019-03-04 20:46:13,932|INFO|23972|43454.4963829302
2019-03-04 20:46:14,032|INFO|23972|Saving schedule. (25)
2019-03-04 20:46:14,793|INFO|23972|Round 26: score 43454.50 (43095.00). Elapsed time: 2 min, 12.60 sec.
2019-03-04 20:46:15,044|INFO|23972|Section 318561-08: Jurj Course 318561 AP Computer Science A plus Data Structures P3 YR
2019-03-04 20:46:15,044|INFO|23972|4
2019-03-04 20:46:15,044|INFO|23972|Section 553000-01: Mateo Course 553000 Spanish 3 P7 YR
2019-03-04 20:46:15,045|INFO|23972|3
2019-03-04 20:46:15,045|INFO|23972|Section 3190T1-03: Coffey Course 3190T1 TJHSST Research & Statistics 1 P4 S1
2019-03-04 20:46:15,045|INFO|23972|3
2019-03-04 20:46:15,045|INFO|23972|Section 119604-02: Laffey Course 119604 AP English 12 Language and Composition P6 YR
2019-03-04 20:46:15,045|INFO|23972|3
2019-03-04 20:46:17,586|INFO|23972|New:
2019-03-04 20:46:17,668|INFO|23972|St base: 42946.00, St addl: 554.19, S conflict: -294.00, T conflict: 0.00, Per spread: -192.40, Sec penalty: 0.00
2019-03-04 20:46:17,668|INFO|23972|42946
2019-03-04 20:46:17,668|INFO|23972|43307.78917007704
2019-03-04 20:46:17,668|INFO|23972|Old:
2019-03-04 20:46:17,761|INFO|23972|St base: 43095.00, St addl: 553.79, S conflict: -147.00, T conflict: 0.00, Per spread: -194.29, Sec penalty: 0.00
2019-03-04 20:46:17,762|INFO|23972|43095
2019-03-04 20:46:17,762|INFO|23972|43454.4963829302
2019-03-04 20:46:17,996|INFO|23972|Round 27: score 43454.50 (43095.00). Elapsed time: 2 min, 15.80 sec.
2019-03-04 20:46:18,089|INFO|23972|Section 4610T1-01: Wu Course 4610T1 Oceanography and Geophysical Systems Research P1 YR
2019-03-04 20:46:18,089|INFO|23972|6
2019-03-04 20:46:18,089|INFO|23972|Section 515000-01: Delfosse Course 515000 La Francophonie travers les medias (French 5) P1 YR
2019-03-04 20:46:18,089|INFO|23972|6
2019-03-04 20:46:18,089|INFO|23972|Section 984060-19: Piccione Course 984060 Design and Technology P3 YR
2019-03-04 20:46:18,090|INFO|23972|7
2019-03-04 20:46:18,090|INFO|23972|Section 313754-19: Auerbach Course 313754 TJHSST Math 4 P4 S2
2019-03-04 20:46:18,090|INFO|23972|6
2019-03-04 20:46:18,090|INFO|23972|Section 9828T3-01: Piccione Course 9828T3 Engineering Design Research P3 YR
2019-03-04 20:46:18,090|INFO|23972|2
2019-03-04 20:46:18,091|INFO|23972|Section 290204-02: Muir Course 290204 AP Psychology P7 YR
2019-03-04 20:46:18,091|INFO|23972|6
2019-03-04 20:46:18,091|INFO|23972|Section 9828T4-02: Behling Course 9828T4 Prototyping 2 P7 S2
2019-03-04 20:46:18,091|INFO|23972|3
2019-03-04 20:46:18,092|INFO|23972|Section 317004-01: Choi Course 317004 AP Calculus AB P3 YR
2019-03-04 20:46:18,092|INFO|23972|2
2019-03-04 20:46:20,618|INFO|23972|New:
2019-03-04 20:46:20,689|INFO|23972|St base: 42666.00, St addl: 555.14, S conflict: -498.00, T conflict: 0.00, Per spread: -194.86, Sec penalty: 0.00
2019-03-04 20:46:20,690|INFO|23972|42666
2019-03-04 20:46:20,690|INFO|23972|43026.28465221551
2019-03-04 20:46:20,690|INFO|23972|Old:
2019-03-04 20:46:20,765|INFO|23972|St base: 43095.00, St addl: 553.79, S conflict: -147.00, T conflict: 0.00, Per spread: -194.29, Sec penalty: 0.00
2019-03-04 20:46:20,765|INFO|23972|43095
2019-03-04 20:46:20,765|INFO|23972|43454.4963829302
2019-03-04 20:46:21,006|INFO|23972|Round 28: score 43454.50 (43095.00). Elapsed time: 2 min, 18.81 sec.
2019-03-04 20:46:21,105|INFO|23972|Section 316055-08: Choi Course 316055 TJHSST Math 5 P2 S2
2019-03-04 20:46:21,106|INFO|23972|1
2019-03-04 20:46:21,106|INFO|23972|Section 1140T1-02: Castaldo Course 1140T1 English 10 P6 YR
2019-03-04 20:46:21,106|INFO|23972|5
2019-03-04 20:46:23,673|INFO|23972|New:
2019-03-04 20:46:23,745|INFO|23972|St base: 43007.00, St addl: 553.50, S conflict: -201.00, T conflict: 0.00, Per spread: -194.86, Sec penalty: 0.00
2019-03-04 20:46:23,746|INFO|23972|43007
2019-03-04 20:46:23,746|INFO|23972|43365.64151977466
2019-03-04 20:46:23,746|INFO|23972|Old:
2019-03-04 20:46:23,818|INFO|23972|St base: 43095.00, St addl: 553.79, S conflict: -147.00, T conflict: 0.00, Per spread: -194.29, Sec penalty: 0.00
2019-03-04 20:46:23,818|INFO|23972|43095
2019-03-04 20:46:23,818|INFO|23972|43454.4963829302
2019-03-04 20:46:23,903|INFO|23972|Saving schedule. (28)
2019-03-04 20:46:24,669|INFO|23972|Round 29: score 43454.50 (43095.00). Elapsed time: 2 min, 22.47 sec.
2019-03-04 20:46:24,768|INFO|23972|Section 3199R1-01: Kosek Course 3199R1 Mobile & Web Application Development Research P2 YR
2019-03-04 20:46:24,768|INFO|23972|5
2019-03-04 20:46:24,768|INFO|23972|Section 119604-03: Seavey Course 119604 AP English 12 Language and Composition P6 YR
2019-03-04 20:46:24,768|INFO|23972|5
2019-03-04 20:46:24,769|INFO|23972|Section 594000-01: Otani Course 594000 Japanese 4 P5 YR
2019-03-04 20:46:24,769|INFO|23972|4
2019-03-04 20:46:24,769|INFO|23972|Section 4520T9-02: Dell Course 4520T9 Relativity, Electrodynamics, and Quantum Mechanics P7 YR
2019-03-04 20:46:24,769|INFO|23972|1
2019-03-04 20:46:24,769|INFO|23972|Section 119504-05: Lebryk-Chao Course 119504 AP English Literature and Composition P6 YR
2019-03-04 20:46:24,769|INFO|23972|4
2019-03-04 20:46:24,770|INFO|23972|Section 585000-01: Xu Course 585000 Chinese 5 P2 YR
2019-03-04 20:46:24,770|INFO|23972|5
2019-03-04 20:46:24,770|INFO|23972|Section 511000-01: Delfosse Course 511000 French 1 P5 YR
2019-03-04 20:46:24,770|INFO|23972|2
2019-03-04 20:46:24,770|INFO|23972|Section 119662-02: Lang Boswell Course 119662 AP English Language / Global Studies P5 YR
2019-03-04 20:46:24,770|INFO|23972|7
2019-03-04 20:46:27,481|INFO|23972|New:
2019-03-04 20:46:27,554|INFO|23972|St base: 42915.00, St addl: 559.24, S conflict: -429.00, T conflict: 0.00, Per spread: -192.21, Sec penalty: 0.00
2019-03-04 20:46:27,554|INFO|23972|42915
2019-03-04 20:46:27,554|INFO|23972|43282.02701436401
2019-03-04 20:46:27,554|INFO|23972|Old:
2019-03-04 20:46:27,626|INFO|23972|St base: 43095.00, St addl: 553.79, S conflict: -147.00, T conflict: 0.00, Per spread: -194.29, Sec penalty: 0.00
2019-03-04 20:46:27,627|INFO|23972|43095
2019-03-04 20:46:27,627|INFO|23972|43454.4963829302
2019-03-04 20:46:27,857|INFO|23972|Round 30: score 43454.50 (43095.00). Elapsed time: 2 min, 25.66 sec.
2019-03-04 20:46:27,956|INFO|23972|Section 4310T1-03: Holman Course 4310T1 Biology 1 P2 YR
2019-03-04 20:46:27,956|INFO|23972|7
2019-03-04 20:46:27,956|INFO|23972|Section 437004-06: Locklear Course 437004 AP Biology P1 YR
2019-03-04 20:46:27,956|INFO|23972|6
2019-03-04 20:46:27,957|INFO|23972|Section 582000-02: Xu Course 582000 Chinese 2 P3 YR
2019-03-04 20:46:27,957|INFO|23972|6
2019-03-04 20:46:27,957|INFO|23972|Section 984060-18: Jones Course 984060 Design and Technology P7 YR
2019-03-04 20:46:27,957|INFO|23972|2
2019-03-04 20:46:27,957|INFO|23972|Section 317704-09: Razzino Course 317704 AP Calculus BC P7 YR
2019-03-04 20:46:27,957|INFO|23972|4
2019-03-04 20:46:27,957|INFO|23972|Section 319916-01: Zacharias Course 319916 Computer Vision P7 S1
2019-03-04 20:46:27,957|INFO|23972|5
2019-03-04 20:46:27,958|INFO|23972|Section 114000-02: Seavey Course 114000 English 10 (CHUM) P1 YR
2019-03-04 20:46:27,958|INFO|23972|6
2019-03-04 20:46:30,706|INFO|23972|New:
2019-03-04 20:46:30,781|INFO|23972|St base: 42867.00, St addl: 554.03, S conflict: -381.00, T conflict: 0.00, Per spread: -193.72, Sec penalty: 0.00
2019-03-04 20:46:30,781|INFO|23972|42867
2019-03-04 20:46:30,781|INFO|23972|43227.30591614835
2019-03-04 20:46:30,781|INFO|23972|Old:
2019-03-04 20:46:30,878|INFO|23972|St base: 43095.00, St addl: 553.79, S conflict: -147.00, T conflict: 0.00, Per spread: -194.29, Sec penalty: 0.00
2019-03-04 20:46:30,879|INFO|23972|43095
2019-03-04 20:46:30,879|INFO|23972|43454.4963829302
2019-03-04 20:46:31,131|INFO|23972|Round 31: score 43454.50 (43095.00). Elapsed time: 2 min, 28.94 sec.
2019-03-04 20:46:31,236|INFO|23972|Section 1140T1-20: Williams Course 1140T1 English 10 P3 YR
2019-03-04 20:46:31,236|INFO|23972|5
2019-03-04 20:46:31,236|INFO|23972|Section 313754-11: Hill Course 313754 TJHSST Math 4 P1 S1
2019-03-04 20:46:31,236|INFO|23972|7
2019-03-04 20:46:31,237|INFO|23972|Section 923917-02: Bailey Course 923917 Advanced Orchestra (Concert) P1 YR
2019-03-04 20:46:31,237|INFO|23972|6
2019-03-04 20:46:31,237|INFO|23972|Section 318561-12: Kim Course 318561 AP Computer Science A plus Data Structures P2 YR
2019-03-04 20:46:31,237|INFO|23972|7
2019-03-04 20:46:31,237|INFO|23972|Section 730000-07: Smith Course 730000 Health and Physical Education 9 P2 YR
2019-03-04 20:46:31,238|INFO|23972|5
2019-03-04 20:46:33,786|INFO|23972|New:
2019-03-04 20:46:33,860|INFO|23972|St base: 42817.00, St addl: 548.41, S conflict: -351.00, T conflict: 0.00, Per spread: -192.78, Sec penalty: 0.00
2019-03-04 20:46:33,860|INFO|23972|42817
2019-03-04 20:46:33,860|INFO|23972|43172.63078465415
2019-03-04 20:46:33,860|INFO|23972|Old:
2019-03-04 20:46:33,938|INFO|23972|St base: 43095.00, St addl: 553.79, S conflict: -147.00, T conflict: 0.00, Per spread: -194.29, Sec penalty: 0.00
2019-03-04 20:46:33,938|INFO|23972|43095
2019-03-04 20:46:33,938|INFO|23972|43454.4963829302
2019-03-04 20:46:34,030|INFO|23972|Saving schedule. (31)
2019-03-04 20:46:34,854|INFO|23972|Round 32: score 43454.50 (43095.00). Elapsed time: 2 min, 32.66 sec.
2019-03-04 20:46:34,945|INFO|23972|Section 141032-01: Lowery Course 141032 Theatre Arts 1 P7 S1
2019-03-04 20:46:34,945|INFO|23972|6
2019-03-04 20:46:34,946|INFO|23972|Section 280404-02: Jibladze Course 280404 AP Macro/Micro Economics P4 YR
2019-03-04 20:46:34,946|INFO|23972|5
2019-03-04 20:46:34,946|INFO|23972|Section 3190T1-13: Coffey Course 3190T1 TJHSST Research & Statistics 1 P2 S1
2019-03-04 20:46:34,946|INFO|23972|3
2019-03-04 20:46:34,946|INFO|23972|Section 1140T1-05: Pollet Course 1140T1 English 10 P6 YR
2019-03-04 20:46:34,947|INFO|23972|4
2019-03-04 20:46:34,947|INFO|23972|Section 740500-02: Smith Course 740500 Health and Physical Education 10 with Driver Education P1 YR
2019-03-04 20:46:34,947|INFO|23972|3
2019-03-04 20:46:34,947|INFO|23972|Section 730000-02: James Course 730000 Health and Physical Education 9 P4 YR
2019-03-04 20:46:34,947|INFO|23972|7
2019-03-04 20:46:37,692|INFO|23972|New:
2019-03-04 20:46:37,770|INFO|23972|St base: 43023.00, St addl: 550.95, S conflict: -285.00, T conflict: 0.00, Per spread: -191.27, Sec penalty: 0.00
2019-03-04 20:46:37,771|INFO|23972|43023
2019-03-04 20:46:37,771|INFO|23972|43382.67814905052
2019-03-04 20:46:37,771|INFO|23972|Old:
2019-03-04 20:46:37,848|INFO|23972|St base: 43095.00, St addl: 553.79, S conflict: -147.00, T conflict: 0.00, Per spread: -194.29, Sec penalty: 0.00
2019-03-04 20:46:37,848|INFO|23972|43095
2019-03-04 20:46:37,848|INFO|23972|43454.4963829302
2019-03-04 20:46:38,098|INFO|23972|Round 33: score 43454.50 (43095.00). Elapsed time: 2 min, 35.90 sec.
2019-03-04 20:46:38,199|INFO|23972|Section 4220T1-06: Cullen Course 4220T1 Geosystems P1 YR
2019-03-04 20:46:38,199|INFO|23972|3
2019-03-04 20:46:38,199|INFO|23972|Section 4260T4-01: Hennig Course 4260T4 Advanced Astronomy: The Solar System P6 S1
2019-03-04 20:46:38,199|INFO|23972|4
2019-03-04 20:46:38,200|INFO|23972|Section 317704-07: Gabriel Course 317704 AP Calculus BC P1 YR
2019-03-04 20:46:38,200|INFO|23972|4
2019-03-04 20:46:38,200|INFO|23972|Section 119662-01: Lang Boswell Course 119662 AP English Language / Global Studies P6 YR
2019-03-04 20:46:38,200|INFO|23972|3
2019-03-04 20:46:38,200|INFO|23972|Section 447004-05: Kauffman Course 447004 AP Chemistry P3 YR
2019-03-04 20:46:38,201|INFO|23972|6
2019-03-04 20:46:40,995|INFO|23972|New:
2019-03-04 20:46:41,073|INFO|23972|St base: 42819.00, St addl: 555.54, S conflict: -417.00, T conflict: 0.00, Per spread: -194.48, Sec penalty: 0.00
2019-03-04 20:46:41,073|INFO|23972|42819
2019-03-04 20:46:41,073|INFO|23972|43180.06212700644
2019-03-04 20:46:41,073|INFO|23972|Old:
2019-03-04 20:46:41,180|INFO|23972|St base: 43095.00, St addl: 553.79, S conflict: -147.00, T conflict: 0.00, Per spread: -194.29, Sec penalty: 0.00
2019-03-04 20:46:41,180|INFO|23972|43095
2019-03-04 20:46:41,180|INFO|23972|43454.4963829302
2019-03-04 20:46:41,396|INFO|23972|Round 34: score 43454.50 (43095.00). Elapsed time: 2 min, 39.20 sec.
2019-03-04 20:46:41,685|INFO|23972|Section 3199J2-02: Galanos Course 3199J2 Mobile Application Development P1 S1
2019-03-04 20:46:41,686|INFO|23972|5
2019-03-04 20:46:41,686|INFO|23972|Section 3199T3-02: Zacharias Course 3199T3 Computer Systems Research P4 YR
2019-03-04 20:46:41,686|INFO|23972|3
2019-03-04 20:46:41,687|INFO|23972|Section 319916-03: Zacharias Course 319916 Computer Vision P2 S1
2019-03-04 20:46:41,687|INFO|23972|6
2019-03-04 20:46:41,687|INFO|23972|Section 317704-02: Auerbach Course 317704 AP Calculus BC P1 YR
2019-03-04 20:46:41,688|INFO|23972|7
2019-03-04 20:46:41,688|INFO|23972|Section 1140T1-19: Williams Course 1140T1 English 10 P2 YR
2019-03-04 20:46:41,688|INFO|23972|5
2019-03-04 20:46:41,689|INFO|23972|Section 557004-02: Gendive Course 557004 AP Spanish Language P1 YR
2019-03-04 20:46:41,689|INFO|23972|2
2019-03-04 20:46:41,689|INFO|23972|Section 1140T1-07: Lebryk-Chao Course 1140T1 English 10 P1 YR
2019-03-04 20:46:41,689|INFO|23972|4
2019-03-04 20:46:44,470|INFO|23972|New:
2019-03-04 20:46:44,548|INFO|23972|St base: 42917.00, St addl: 555.27, S conflict: -393.00, T conflict: 0.00, Per spread: -193.72, Sec penalty: 0.00
2019-03-04 20:46:44,548|INFO|23972|42917
2019-03-04 20:46:44,548|INFO|23972|43278.55104007728
2019-03-04 20:46:44,548|INFO|23972|Old:
2019-03-04 20:46:44,639|INFO|23972|St base: 43095.00, St addl: 553.79, S conflict: -147.00, T conflict: 0.00, Per spread: -194.29, Sec penalty: 0.00
2019-03-04 20:46:44,639|INFO|23972|43095
2019-03-04 20:46:44,640|INFO|23972|43454.4963829302
2019-03-04 20:46:44,734|INFO|23972|Saving schedule. (34)
2019-03-04 20:46:45,594|INFO|23972|Round 35: score 43454.50 (43095.00). Elapsed time: 2 min, 43.40 sec.
2019-03-04 20:46:45,678|INFO|23972|Section 4310T1-09: Larson Course 4310T1 Biology 1 P5 YR
2019-03-04 20:46:45,678|INFO|23972|3
2019-03-04 20:46:45,678|INFO|23972|Section 4410T1-05: Jones Course 4410T1 Chemistry 1 P4 YR
2019-03-04 20:46:45,679|INFO|23972|3
2019-03-04 20:46:45,679|INFO|23972|Section 925015-01: Foreman Course 925015 Percussion Ensemble P1 YR
2019-03-04 20:46:45,679|INFO|23972|6
2019-03-04 20:46:45,679|INFO|23972|Section 3199R1-03: Kosek Course 3199R1 Mobile & Web Application Development Research P3 YR
2019-03-04 20:46:45,679|INFO|23972|6
2019-03-04 20:46:45,680|INFO|23972|Section 314351-01: Coffey Course 314351 TJHSST Math 1 P4 S2
2019-03-04 20:46:45,680|INFO|23972|2
2019-03-04 20:46:45,680|INFO|23972|Section 2374T1-04: Wickliff Course 2374T1 Physical / Cultural Anthropology P5 S2
2019-03-04 20:46:45,680|INFO|23972|6
2019-03-04 20:46:45,680|INFO|23972|Section 9826T6-03: Bell Course 9826T6 Advanced Digital Electronics P7 S2
2019-03-04 20:46:45,680|INFO|23972|6
2019-03-04 20:46:48,149|INFO|23972|New:
2019-03-04 20:46:48,224|INFO|23972|St base: 42776.00, St addl: 546.76, S conflict: -384.00, T conflict: 0.00, Per spread: -194.10, Sec penalty: 0.00
2019-03-04 20:46:48,224|INFO|23972|42776
2019-03-04 20:46:48,224|INFO|23972|43128.65741237164
2019-03-04 20:46:48,224|INFO|23972|Old:
2019-03-04 20:46:48,297|INFO|23972|St base: 43095.00, St addl: 553.79, S conflict: -147.00, T conflict: 0.00, Per spread: -194.29, Sec penalty: 0.00
2019-03-04 20:46:48,297|INFO|23972|43095
2019-03-04 20:46:48,297|INFO|23972|43454.4963829302
2019-03-04 20:46:48,532|INFO|23972|Round 36: score 43133.64 (42776.00). Elapsed time: 2 min, 46.34 sec.
2019-03-04 20:46:48,610|INFO|23972|Section 9828T3-01: Piccione Course 9828T3 Engineering Design Research P7 YR
2019-03-04 20:46:48,611|INFO|23972|5
2019-03-04 20:46:48,611|INFO|23972|Section 740500-04: Smith Course 740500 Health and Physical Education 10 with Driver Education P7 YR
2019-03-04 20:46:48,611|INFO|23972|5
2019-03-04 20:46:48,611|INFO|23972|Section 317004-07: Lampazzi Course 317004 AP Calculus AB P4 YR
2019-03-04 20:46:48,611|INFO|23972|1
2019-03-04 20:46:48,611|INFO|23972|Section 313753-01: Hill Course 313753 TJHSST Math 3 P3 S1
2019-03-04 20:46:48,612|INFO|23972|6
2019-03-04 20:46:48,612|INFO|23972|Section 4310T1-09: Larson Course 4310T1 Biology 1 P3 YR
2019-03-04 20:46:48,612|INFO|23972|4
2019-03-04 20:46:48,612|INFO|23972|Section 511000-01: Delfosse Course 511000 French 1 P5 YR
2019-03-04 20:46:48,612|INFO|23972|2
2019-03-04 20:46:48,612|INFO|23972|Section 1150T1-01: Gilbert Course 1150T1 English 11 (teamed with AP US History) P6 YR
2019-03-04 20:46:48,612|INFO|23972|4
2019-03-04 20:46:48,613|INFO|23972|Section 4320T8-03: Locklear Course 4320T8 Neurobiology P6 S2
2019-03-04 20:46:48,613|INFO|23972|7
2019-03-04 20:46:51,299|INFO|23972|New:
2019-03-04 20:46:51,378|INFO|23972|St base: 42415.00, St addl: 579.78, S conflict: -777.00, T conflict: 0.00, Per spread: -214.83, Sec penalty: 0.00
2019-03-04 20:46:51,379|INFO|23972|42415
2019-03-04 20:46:51,379|INFO|23972|42779.94699398
2019-03-04 20:46:51,379|INFO|23972|Old:
2019-03-04 20:46:51,456|INFO|23972|St base: 42776.00, St addl: 570.20, S conflict: -384.00, T conflict: 0.00, Per spread: -212.56, Sec penalty: 0.00
2019-03-04 20:46:51,456|INFO|23972|42776
2019-03-04 20:46:51,456|INFO|23972|43133.64461182197
2019-03-04 20:46:51,694|INFO|23972|Round 37: score 43133.64 (42776.00). Elapsed time: 2 min, 49.50 sec.
2019-03-04 20:46:51,791|INFO|23972|Section 1150T1-16: Miller Course 1150T1 English 11 (teamed with AP US History) P7 YR
2019-03-04 20:46:51,792|INFO|23972|5
2019-03-04 20:46:51,792|INFO|23972|Section 1150T1-08: Kochman Course 1150T1 English 11 (teamed with AP US History) P2 YR
2019-03-04 20:46:51,792|INFO|23972|4
2019-03-04 20:46:51,792|INFO|23972|Section 319800-05: Jirari Scavotto Course 319800 Matrix Algebra P7 S2
2019-03-04 20:46:51,792|INFO|23972|1
2019-03-04 20:46:51,793|INFO|23972|Section 3184T2-01: Rose Course 3184T2 Foundations of Computer Science Accelerated P1 YR
2019-03-04 20:46:51,793|INFO|23972|7
2019-03-04 20:46:51,793|INFO|23972|Section 541000-01: Sandstrom Course 541000 Russian 1 P2 YR
2019-03-04 20:46:51,793|INFO|23972|7
2019-03-04 20:46:51,793|INFO|23972|Section 9828T8-01: Piccione Course 9828T8 Alternate Energy Systems P4 S2
2019-03-04 20:46:51,793|INFO|23972|3
2019-03-04 20:46:54,570|INFO|23972|New:
2019-03-04 20:46:54,642|INFO|23972|St base: 42772.00, St addl: 569.91, S conflict: -570.00, T conflict: 0.00, Per spread: -212.35, Sec penalty: 0.00
2019-03-04 20:46:54,642|INFO|23972|42772
2019-03-04 20:46:54,642|INFO|23972|43129.55303539049
2019-03-04 20:46:54,642|INFO|23972|Old:
2019-03-04 20:46:54,721|INFO|23972|St base: 42776.00, St addl: 570.20, S conflict: -384.00, T conflict: 0.00, Per spread: -212.56, Sec penalty: 0.00
2019-03-04 20:46:54,722|INFO|23972|42776
2019-03-04 20:46:54,722|INFO|23972|43133.64461182197
2019-03-04 20:46:54,813|INFO|23972|Saving schedule. (37)
2019-03-04 20:46:55,700|INFO|23972|Round 38: score 43133.64 (42776.00). Elapsed time: 2 min, 53.51 sec.
2019-03-04 20:46:55,798|INFO|23972|Section 319917-03: Zacharias Course 319917 Computer Vision 2 P7 S2
2019-03-04 20:46:55,798|INFO|23972|5
2019-03-04 20:46:55,798|INFO|23972|Section 000932-05: Teacherless Course 000933 See Counselor P2 S1
2019-03-04 20:46:55,798|INFO|23972|2
2019-03-04 20:46:55,799|INFO|23972|Section 114000-03: Seavey Course 114000 English 10 (CHUM) P5 YR
2019-03-04 20:46:55,799|INFO|23972|3
2019-03-04 20:46:55,799|INFO|23972|Section 3199J2-04: Galanos Course 3199J2 Mobile Application Development P7 S2
2019-03-04 20:46:55,799|INFO|23972|2
2019-03-04 20:46:58,419|INFO|23972|New:
2019-03-04 20:46:58,495|INFO|23972|St base: 42712.00, St addl: 574.29, S conflict: -432.00, T conflict: 0.00, Per spread: -212.15, Sec penalty: 0.00
2019-03-04 20:46:58,495|INFO|23972|42712
2019-03-04 20:46:58,496|INFO|23972|43074.14286928875
2019-03-04 20:46:58,496|INFO|23972|Old:
2019-03-04 20:46:58,570|INFO|23972|St base: 42776.00, St addl: 570.20, S conflict: -384.00, T conflict: 0.00, Per spread: -212.56, Sec penalty: 0.00
2019-03-04 20:46:58,570|INFO|23972|42776
2019-03-04 20:46:58,571|INFO|23972|43133.64461182197
2019-03-04 20:46:58,860|INFO|23972|Round 39: score 43133.64 (42776.00). Elapsed time: 2 min, 56.67 sec.
2019-03-04 20:46:58,973|INFO|23972|Section 119561-01: Gilbert Course 119561 AP English Literature / Senior Seminar P5 YR
2019-03-04 20:46:58,973|INFO|23972|6
2019-03-04 20:46:58,973|INFO|23972|Section 9828T6-01: Behling Course 9828T6 Prototyping and Engineering Materials Research P2 YR
2019-03-04 20:46:58,974|INFO|23972|5
2019-03-04 20:46:58,974|INFO|23972|Section 313754-02: Jirari Scavotto Course 313754 TJHSST Math 4 P5 S2
2019-03-04 20:46:58,974|INFO|23972|4
2019-03-04 20:46:58,974|INFO|23972|Section 552000-06: Gendive Course 552000 Spanish 2 P5 YR
2019-03-04 20:46:58,974|INFO|23972|6
2019-03-04 20:46:58,975|INFO|23972|Section 3199J2-02: Galanos Course 3199J2 Mobile Application Development P1 S1
2019-03-04 20:46:58,975|INFO|23972|4
2019-03-04 20:46:58,975|INFO|23972|Section 317004-01: Choi Course 317004 AP Calculus AB P3 YR
2019-03-04 20:46:58,975|INFO|23972|6
2019-03-04 20:46:58,975|INFO|23972|Section 447004-04: Kauffman Course 447004 AP Chemistry P1 YR
2019-03-04 20:46:58,976|INFO|23972|7
2019-03-04 20:46:58,976|INFO|23972|Section 1150T1-01: Gilbert Course 1150T1 English 11 (teamed with AP US History) P5 YR
2019-03-04 20:46:58,976|INFO|23972|4
2019-03-04 20:46:58,976|INFO|23972|Section 2221T1-03: Monteverde Course 2221T1 World History and Geography 2 Honors P4 YR
2019-03-04 20:46:58,976|INFO|23972|1
2019-03-04 20:47:01,754|INFO|23972|New:
2019-03-04 20:47:01,828|INFO|23972|St base: 42302.00, St addl: 573.54, S conflict: -828.00, T conflict: 0.00, Per spread: -212.97, Sec penalty: 0.00
2019-03-04 20:47:01,828|INFO|23972|42302
2019-03-04 20:47:01,828|INFO|23972|42662.56759102201
2019-03-04 20:47:01,828|INFO|23972|Old:
2019-03-04 20:47:01,897|INFO|23972|St base: 42776.00, St addl: 570.20, S conflict: -384.00, T conflict: 0.00, Per spread: -212.56, Sec penalty: 0.00
2019-03-04 20:47:01,897|INFO|23972|42776
2019-03-04 20:47:01,897|INFO|23972|43133.64461182197
2019-03-04 20:47:02,129|INFO|23972|Round 40: score 43133.64 (42776.00). Elapsed time: 2 min, 59.93 sec.
2019-03-04 20:47:02,221|INFO|23972|Section 984060-16: Jones Course 984060 Design and Technology P6 YR
2019-03-04 20:47:02,221|INFO|23972|2
2019-03-04 20:47:02,222|INFO|23972|Section 437004-05: Del Cerro Course 437004 AP Biology P1 YR
2019-03-04 20:47:02,222|INFO|23972|4
2019-03-04 20:47:02,222|INFO|23972|Section 535000-01: Conklin Course 535000 Latin 5 P3 YR
2019-03-04 20:47:02,222|INFO|23972|6
2019-03-04 20:47:02,222|INFO|23972|Section 313754-01: Auerbach Course 313754 TJHSST Math 4 P7 S2
2019-03-04 20:47:02,222|INFO|23972|2
2019-03-04 20:47:02,223|INFO|23972|Section 2374T1-02: Hurowitz Course 2374T1 Physical / Cultural Anthropology P5 S2
2019-03-04 20:47:02,223|INFO|23972|1
2019-03-04 20:47:02,223|INFO|23972|Section 316055-01: Auerbach Course 316055 TJHSST Math 5 P4 S1
2019-03-04 20:47:02,223|INFO|23972|3
2019-03-04 20:47:04,870|INFO|23972|New:
2019-03-04 20:47:04,968|INFO|23972|St base: 42424.00, St addl: 575.22, S conflict: -630.00, T conflict: 0.00, Per spread: -212.56, Sec penalty: 0.00
2019-03-04 20:47:04,968|INFO|23972|42424
2019-03-04 20:47:04,968|INFO|23972|42786.66109543193
2019-03-04 20:47:04,968|INFO|23972|Old:
2019-03-04 20:47:05,069|INFO|23972|St base: 42776.00, St addl: 570.20, S conflict: -384.00, T conflict: 0.00, Per spread: -212.56, Sec penalty: 0.00
2019-03-04 20:47:05,069|INFO|23972|42776
2019-03-04 20:47:05,069|INFO|23972|43133.64461182197
2019-03-04 20:47:05,156|INFO|23972|Saving schedule. (40)
2019-03-04 20:47:06,026|INFO|23972|Round 41: score 43133.64 (42776.00). Elapsed time: 3 min, 3.83 sec.
2019-03-04 20:47:31,213|INFO|23972|New:
2019-03-04 20:47:31,291|INFO|23972|St base: 42928.00, St addl: 570.71, S conflict: -318.00, T conflict: 0.00, Per spread: -212.56, Sec penalty: 0.00
2019-03-04 20:47:31,291|INFO|23972|42928
2019-03-04 20:47:31,291|INFO|23972|43286.155305408
2019-03-04 20:47:31,292|INFO|23972|Old:
2019-03-04 20:47:31,365|INFO|23972|St base: 42776.00, St addl: 570.20, S conflict: -384.00, T conflict: 0.00, Per spread: -212.56, Sec penalty: 0.00
2019-03-04 20:47:31,366|INFO|23972|42776
2019-03-04 20:47:31,366|INFO|23972|43133.64461182197
2019-03-04 20:47:31,452|INFO|23972|Saving schedule. (41)
2019-03-04 20:47:32,071|INFO|23972|Round 42: score 43283.90 (42928.00). Elapsed time: 3 min, 29.88 sec.
2019-03-04 20:47:32,304|INFO|23972|Section 441000-01: Chhabra Course 441000 Chemistry 1 (CHUM) P4 YR
2019-03-04 20:47:32,305|INFO|23972|5
2019-03-04 20:47:32,305|INFO|23972|Section 313754-04: Choi Course 313754 TJHSST Math 4 P2 S1
2019-03-04 20:47:32,305|INFO|23972|5
2019-03-04 20:47:32,305|INFO|23972|Section 2420T1-01: Zack Course 2420T1 Law and Society P7 S1
2019-03-04 20:47:32,305|INFO|23972|1
2019-03-04 20:47:32,305|INFO|23972|Section 1150T1-02: Gilbert Course 1150T1 English 11 (teamed with AP US History) P3 YR
2019-03-04 20:47:32,306|INFO|23972|4
2019-03-04 20:47:32,306|INFO|23972|Section 319966-04: White Course 319966 Artificial Intelligence 1 P2 S1
2019-03-04 20:47:32,306|INFO|23972|6
2019-03-04 20:47:32,306|INFO|23972|Section 231905-17: Sheptyck Course 231905 AP US History P1 YR
2019-03-04 20:47:32,306|INFO|23972|3
2019-03-04 20:47:32,307|INFO|23972|Section 4220T1-15: Woodwell Course 4220T1 Geosystems P1 YR
2019-03-04 20:47:32,307|INFO|23972|5
2019-03-04 20:47:34,924|INFO|23972|New:
2019-03-04 20:47:34,999|INFO|23972|St base: 42658.00, St addl: 567.79, S conflict: -786.00, T conflict: 0.00, Per spread: -206.23, Sec penalty: 0.00
2019-03-04 20:47:34,999|INFO|23972|42658
2019-03-04 20:47:35,000|INFO|23972|43019.55813802938
2019-03-04 20:47:35,000|INFO|23972|Old:
2019-03-04 20:47:35,078|INFO|23972|St base: 42928.00, St addl: 559.55, S conflict: -318.00, T conflict: 0.00, Per spread: -203.66, Sec penalty: 0.00
2019-03-04 20:47:35,078|INFO|23972|42928
2019-03-04 20:47:35,078|INFO|23972|43283.89524562466
2019-03-04 20:47:35,167|INFO|23972|Saving schedule. (42)
2019-03-04 20:47:35,850|INFO|23972|Round 43: score 43283.90 (42928.00). Elapsed time: 3 min, 33.66 sec.
2019-03-04 20:47:35,940|INFO|23972|Section 222100-05: Monteverde Course 222100 World History & Geography 2 (CHUM) P6 YR
2019-03-04 20:47:35,940|INFO|23972|2
2019-03-04 20:47:35,941|INFO|23972|Section 3190T1-13: Coffey Course 3190T1 TJHSST Research & Statistics 1 P2 S1
2019-03-04 20:47:35,941|INFO|23972|3
2019-03-04 20:47:35,941|INFO|23972|Section 000932-18: Teacherless Course 000933 See Counselor P6 S2
2019-03-04 20:47:35,941|INFO|23972|6
2019-03-04 20:47:35,941|INFO|23972|Section 317704-10: Schmitt Course 317704 AP Calculus BC P5 YR
2019-03-04 20:47:35,941|INFO|23972|7
2019-03-04 20:47:35,942|INFO|23972|Section 984060-01: Geiger Course 984060 Design and Technology P2 YR
2019-03-04 20:47:35,942|INFO|23972|5
2019-03-04 20:47:38,473|INFO|23972|New:
2019-03-04 20:47:38,543|INFO|23972|St base: 42886.00, St addl: 556.11, S conflict: -420.00, T conflict: 0.00, Per spread: -202.47, Sec penalty: 0.00
2019-03-04 20:47:38,543|INFO|23972|42886
2019-03-04 20:47:38,543|INFO|23972|43239.64262791659
2019-03-04 20:47:38,543|INFO|23972|Old:
2019-03-04 20:47:38,612|INFO|23972|St base: 42928.00, St addl: 559.55, S conflict: -318.00, T conflict: 0.00, Per spread: -203.66, Sec penalty: 0.00
2019-03-04 20:47:38,612|INFO|23972|42928
2019-03-04 20:47:38,612|INFO|23972|43283.89524562466
2019-03-04 20:47:38,838|INFO|23972|Round 44: score 43283.90 (42928.00). Elapsed time: 3 min, 36.64 sec.
2019-03-04 20:47:38,929|INFO|23972|Section 313754-11: Hill Course 313754 TJHSST Math 4 P1 S1
2019-03-04 20:47:38,929|INFO|23972|3
2019-03-04 20:47:38,929|INFO|23972|Section 437004-03: Del Cerro Course 437004 AP Biology P5 YR
2019-03-04 20:47:38,929|INFO|23972|7
2019-03-04 20:47:41,494|INFO|23972|New:
2019-03-04 20:47:41,563|INFO|23972|St base: 42886.00, St addl: 560.28, S conflict: -354.00, T conflict: 0.00, Per spread: -205.24, Sec penalty: 0.00
2019-03-04 20:47:41,563|INFO|23972|42886
2019-03-04 20:47:41,564|INFO|23972|43241.034319970095
2019-03-04 20:47:41,564|INFO|23972|Old:
2019-03-04 20:47:41,632|INFO|23972|St base: 42928.00, St addl: 559.55, S conflict: -318.00, T conflict: 0.00, Per spread: -203.66, Sec penalty: 0.00
2019-03-04 20:47:41,633|INFO|23972|42928
2019-03-04 20:47:41,633|INFO|23972|43283.89524562466
2019-03-04 20:47:41,858|INFO|23972|Round 45: score 43283.90 (42928.00). Elapsed time: 3 min, 39.66 sec.
2019-03-04 20:47:41,952|INFO|23972|Section 532000-01: Lister Course 532000 Latin 2 P3 YR
2019-03-04 20:47:41,952|INFO|23972|7
2019-03-04 20:47:41,953|INFO|23972|Section 119504-04: Kochman Course 119504 AP English Literature and Composition P7 YR
2019-03-04 20:47:41,953|INFO|23972|3
2019-03-04 20:47:41,953|INFO|23972|Section 3190T1-11: Stickler Course 3190T1 TJHSST Research & Statistics 1 P6 S1
2019-03-04 20:47:41,953|INFO|23972|1
2019-03-04 20:47:41,954|INFO|23972|Section 2221T1-09: Porcelli Course 2221T1 World History and Geography 2 Honors P2 YR
2019-03-04 20:47:41,954|INFO|23972|1
2019-03-04 20:47:44,630|INFO|23972|New:
2019-03-04 20:47:44,709|INFO|23972|St base: 42729.00, St addl: 562.88, S conflict: -483.00, T conflict: 0.00, Per spread: -204.06, Sec penalty: 0.00
2019-03-04 20:47:44,709|INFO|23972|42729
2019-03-04 20:47:44,709|INFO|23972|43087.82245137738
2019-03-04 20:47:44,709|INFO|23972|Old:
2019-03-04 20:47:44,791|INFO|23972|St base: 42928.00, St addl: 559.55, S conflict: -318.00, T conflict: 0.00, Per spread: -203.66, Sec penalty: 0.00
2019-03-04 20:47:44,791|INFO|23972|42928
2019-03-04 20:47:44,791|INFO|23972|43283.89524562466
2019-03-04 20:47:44,892|INFO|23972|Saving schedule. (45)
2019-03-04 20:47:45,881|INFO|23972|Round 46: score 43283.90 (42928.00). Elapsed time: 3 min, 43.69 sec.
2019-03-04 20:47:45,982|INFO|23972|Section 501000-01: Kosatka Course 501000 (Arabic 1) TJ ResStat1 & TJ Math 1 P1 YR
2019-03-04 20:47:45,982|INFO|23972|3
2019-03-04 20:47:45,982|INFO|23972|Section 231905-01: Struck Course 231905 AP US History P3 YR
2019-03-04 20:47:45,982|INFO|23972|7
2019-03-04 20:47:48,503|INFO|23972|New:
2019-03-04 20:47:48,571|INFO|23972|St base: 42906.00, St addl: 561.92, S conflict: -378.00, T conflict: 0.00, Per spread: -203.66, Sec penalty: 0.00
2019-03-04 20:47:48,571|INFO|23972|42906
2019-03-04 20:47:48,572|INFO|23972|43264.2645356501
2019-03-04 20:47:48,572|INFO|23972|Old:
2019-03-04 20:47:48,642|INFO|23972|St base: 42928.00, St addl: 559.55, S conflict: -318.00, T conflict: 0.00, Per spread: -203.66, Sec penalty: 0.00
2019-03-04 20:47:48,642|INFO|23972|42928
2019-03-04 20:47:48,643|INFO|23972|43283.89524562466
2019-03-04 20:47:48,872|INFO|23972|Round 47: score 43283.90 (42928.00). Elapsed time: 3 min, 46.68 sec.
2019-03-04 20:47:48,976|INFO|23972|Section 313754-09: Hill Course 313754 TJHSST Math 4 P4 S1
2019-03-04 20:47:48,976|INFO|23972|5
2019-03-04 20:47:48,977|INFO|23972|Section 4260T5-02: Hennig Course 4260T5 Advanced Astronomy: The Universe P1 S2
2019-03-04 20:47:48,977|INFO|23972|4
2019-03-04 20:47:48,977|INFO|23972|Section 1140T1-04: Pollet Course 1140T1 English 10 P2 YR
2019-03-04 20:47:48,977|INFO|23972|4
2019-03-04 20:47:48,977|INFO|23972|Section 244561-02: Bourjaily Course 244561 AP US Government / Global Studies P6 YR
2019-03-04 20:47:48,977|INFO|23972|3
2019-03-04 20:47:48,978|INFO|23972|Section 447004-08: Taylor Course 447004 AP Chemistry P7 YR
2019-03-04 20:47:48,978|INFO|23972|4
2019-03-04 20:47:51,824|INFO|23972|New:
2019-03-04 20:47:51,897|INFO|23972|St base: 42734.00, St addl: 563.11, S conflict: -570.00, T conflict: 0.00, Per spread: -204.06, Sec penalty: 0.00
2019-03-04 20:47:51,898|INFO|23972|42734
2019-03-04 20:47:51,898|INFO|23972|43093.05831477955
2019-03-04 20:47:51,898|INFO|23972|Old:
2019-03-04 20:47:51,973|INFO|23972|St base: 42928.00, St addl: 559.55, S conflict: -318.00, T conflict: 0.00, Per spread: -203.66, Sec penalty: 0.00
2019-03-04 20:47:51,973|INFO|23972|42928
2019-03-04 20:47:51,974|INFO|23972|43283.89524562466
2019-03-04 20:47:52,223|INFO|23972|Round 48: score 43283.90 (42928.00). Elapsed time: 3 min, 50.03 sec.
2019-03-04 20:47:52,319|INFO|23972|Section 553000-01: Mateo Course 553000 Spanish 3 P7 YR
2019-03-04 20:47:52,319|INFO|23972|1
2019-03-04 20:47:54,838|INFO|23972|New:
2019-03-04 20:47:54,918|INFO|23972|St base: 42850.00, St addl: 559.14, S conflict: -336.00, T conflict: 0.00, Per spread: -204.45, Sec penalty: 0.00
2019-03-04 20:47:54,918|INFO|23972|42850
2019-03-04 20:47:54,918|INFO|23972|43204.683023096586
2019-03-04 20:47:54,918|INFO|23972|Old:
2019-03-04 20:47:54,996|INFO|23972|St base: 42928.00, St addl: 559.55, S conflict: -318.00, T conflict: 0.00, Per spread: -203.66, Sec penalty: 0.00
2019-03-04 20:47:54,996|INFO|23972|42928
2019-03-04 20:47:54,996|INFO|23972|43283.89524562466
2019-03-04 20:47:55,089|INFO|23972|Saving schedule. (48)
2019-03-04 20:47:55,851|INFO|23972|Round 49: score 43283.90 (42928.00). Elapsed time: 3 min, 53.66 sec.
2019-03-04 20:47:55,960|INFO|23972|Section 000932-21: Teacherless Course 000933 See Counselor P7 S2
2019-03-04 20:47:55,960|INFO|23972|7
2019-03-04 20:47:55,960|INFO|23972|Section 318561-02: Billington Course 318561 AP Computer Science A plus Data Structures P5 YR
2019-03-04 20:47:55,960|INFO|23972|4
2019-03-04 20:47:55,961|INFO|23972|Section 1150T1-06: Kochman Course 1150T1 English 11 (teamed with AP US History) P3 YR
2019-03-04 20:47:55,961|INFO|23972|6
2019-03-04 20:47:55,961|INFO|23972|Section 984060-02: Geiger Course 984060 Design and Technology P3 YR
2019-03-04 20:47:55,961|INFO|23972|5
2019-03-04 20:47:55,961|INFO|23972|Section 915004-01: Davis Course 915004 AP Studio Art P5 YR
2019-03-04 20:47:55,961|INFO|23972|4
2019-03-04 20:47:55,961|INFO|23972|Section 000932-01: Teacherless Course 000932 See Counselor P1 YR
2019-03-04 20:47:55,962|INFO|23972|1
2019-03-04 20:47:55,962|INFO|23972|Section 122000-01: Harris Course 122000 Broadcast Journalism 1 P2 YR
2019-03-04 20:47:55,962|INFO|23972|6
2019-03-04 20:47:58,522|INFO|23972|New:
2019-03-04 20:47:58,598|INFO|23972|St base: 42953.00, St addl: 562.82, S conflict: -441.00, T conflict: 0.00, Per spread: -201.28, Sec penalty: 0.00
2019-03-04 20:47:58,598|INFO|23972|42953
2019-03-04 20:47:58,598|INFO|23972|43314.53948864394
2019-03-04 20:47:58,598|INFO|23972|Old:
2019-03-04 20:47:58,674|INFO|23972|St base: 42928.00, St addl: 559.55, S conflict: -318.00, T conflict: 0.00, Per spread: -203.66, Sec penalty: 0.00
2019-03-04 20:47:58,675|INFO|23972|42928
2019-03-04 20:47:58,675|INFO|23972|43283.89524562466
2019-03-04 20:47:58,915|INFO|23972|Round 50: score 43314.12 (42953.00). Elapsed time: 3 min, 56.72 sec.
2019-03-04 20:47:59,149|INFO|23972|Section 923916-04: Bailey Course 923916 Advanced Orchestra (Concert) P5 YR
2019-03-04 20:47:59,149|INFO|23972|1
2019-03-04 20:47:59,149|INFO|23972|Section 447004-05: Kauffman Course 447004 AP Chemistry P3 YR
2019-03-04 20:47:59,149|INFO|23972|7
2019-03-04 20:47:59,149|INFO|23972|Section 984060-08: Seyler Course 984060 Design and Technology P7 YR
2019-03-04 20:47:59,149|INFO|23972|3
2019-03-04 20:47:59,150|INFO|23972|Section 317704-04: Carey Course 317704 AP Calculus BC P4 YR
2019-03-04 20:47:59,150|INFO|23972|5
2019-03-04 20:48:01,733|INFO|23972|New:
2019-03-04 20:48:01,793|INFO|23972|St base: 42786.00, St addl: 558.33, S conflict: -522.00, T conflict: 0.00, Per spread: -200.64, Sec penalty: 0.00
2019-03-04 20:48:01,793|INFO|23972|42786
2019-03-04 20:48:01,793|INFO|23972|43143.694313195716
2019-03-04 20:48:01,794|INFO|23972|Old:
2019-03-04 20:48:01,854|INFO|23972|St base: 42953.00, St addl: 560.97, S conflict: -441.00, T conflict: 0.00, Per spread: -199.85, Sec penalty: 0.00
2019-03-04 20:48:01,854|INFO|23972|42953
2019-03-04 20:48:01,854|INFO|23972|43314.118140814375
2019-03-04 20:48:02,046|INFO|23972|Round 51: score 43314.12 (42953.00). Elapsed time: 3 min, 59.85 sec.
2019-03-04 20:48:02,115|INFO|23972|Section 000932-20: Teacherless Course 000933 See Counselor P7 S1
2019-03-04 20:48:02,115|INFO|23972|7
2019-03-04 20:48:02,115|INFO|23972|Section 000932-17: Teacherless Course 000933 See Counselor P6 S1
2019-03-04 20:48:02,115|INFO|23972|6
2019-03-04 20:48:02,116|INFO|23972|Section 3190T1-10: Scott Course 3190T1 TJHSST Research & Statistics 1 P4 S1
2019-03-04 20:48:02,116|INFO|23972|3
2019-03-04 20:48:02,116|INFO|23972|Section 000932-14: Teacherless Course 000933 See Counselor P5 S1
2019-03-04 20:48:02,116|INFO|23972|5
2019-03-04 20:48:02,116|INFO|23972|Section 447004-04: Kauffman Course 447004 AP Chemistry P1 YR
2019-03-04 20:48:02,116|INFO|23972|7
2019-03-04 20:48:04,648|INFO|23972|New:
2019-03-04 20:48:04,731|INFO|23972|St base: 42963.00, St addl: 559.96, S conflict: -465.00, T conflict: 0.00, Per spread: -199.66, Sec penalty: 0.00
2019-03-04 20:48:04,731|INFO|23972|42963
2019-03-04 20:48:04,731|INFO|23972|43323.302445593945
2019-03-04 20:48:04,731|INFO|23972|Old:
2019-03-04 20:48:04,809|INFO|23972|St base: 42953.00, St addl: 560.97, S conflict: -441.00, T conflict: 0.00, Per spread: -199.85, Sec penalty: 0.00
2019-03-04 20:48:04,810|INFO|23972|42953
2019-03-04 20:48:04,810|INFO|23972|43314.118140814375
2019-03-04 20:48:04,896|INFO|23972|Saving schedule. (51)
2019-03-04 20:48:05,805|INFO|23972|Round 52: score 43323.13 (42963.00). Elapsed time: 4 min, 3.61 sec.
2019-03-04 20:48:05,906|INFO|23972|Section 457004-04: Culbertson Course 457004 AP Physics C -- Mechanics and Electricity and Magnetism P5 YR
2019-03-04 20:48:05,907|INFO|23972|1
2019-03-04 20:48:05,907|INFO|23972|Section 000932-17: Teacherless Course 000933 See Counselor P6 S1
2019-03-04 20:48:05,907|INFO|23972|6
2019-03-04 20:48:05,907|INFO|23972|Section 319916-03: Zacharias Course 319916 Computer Vision P2 S1
2019-03-04 20:48:05,907|INFO|23972|4
2019-03-04 20:48:05,908|INFO|23972|Section 244504-09: Hamrick Course 244504 AP US Government and Politics P3 YR
2019-03-04 20:48:05,908|INFO|23972|4
2019-03-04 20:48:05,908|INFO|23972|Section 9828T8-01: Piccione Course 9828T8 Alternate Energy Systems P4 S2
2019-03-04 20:48:05,908|INFO|23972|6
2019-03-04 20:48:05,908|INFO|23972|Section 144032-01: Lowery Course 144032 Theatre Arts 4 P7 S2
2019-03-04 20:48:05,909|INFO|23972|6
2019-03-04 20:48:05,909|INFO|23972|Section 1130T1-13: Glover Course 1130T1 English 9 P4 YR
2019-03-04 20:48:05,909|INFO|23972|5
2019-03-04 20:48:05,909|INFO|23972|Section 4220T1-10: Stickler Course 4220T1 Geosystems P1 YR
2019-03-04 20:48:05,909|INFO|23972|7
2019-03-04 20:48:05,910|INFO|23972|Section 318561-11: Kim Course 318561 AP Computer Science A plus Data Structures P5 YR
2019-03-04 20:48:05,910|INFO|23972|3
2019-03-04 20:48:08,566|INFO|23972|New:
2019-03-04 20:48:08,636|INFO|23972|St base: 42593.00, St addl: 556.34, S conflict: -801.00, T conflict: 0.00, Per spread: -200.85, Sec penalty: 0.00
2019-03-04 20:48:08,636|INFO|23972|42593
2019-03-04 20:48:08,636|INFO|23972|42948.482462844506
2019-03-04 20:48:08,636|INFO|23972|Old:
2019-03-04 20:48:08,709|INFO|23972|St base: 42963.00, St addl: 559.22, S conflict: -465.00, T conflict: 0.00, Per spread: -199.09, Sec penalty: 0.00
2019-03-04 20:48:08,709|INFO|23972|42963
2019-03-04 20:48:08,709|INFO|23972|43323.132955186345
2019-03-04 20:48:08,949|INFO|23972|Round 53: score 43323.13 (42963.00). Elapsed time: 4 min, 6.75 sec.
2019-03-04 20:48:09,041|INFO|23972|Section 4320T7-04: Cobb Course 4320T7 DNA Science 2 P3 S2
2019-03-04 20:48:09,041|INFO|23972|2
2019-03-04 20:48:09,041|INFO|23972|Section 4220T1-05: Cullen Course 4220T1 Geosystems P2 YR
2019-03-04 20:48:09,041|INFO|23972|6
2019-03-04 20:48:09,041|INFO|23972|Section 4220T1-06: Cullen Course 4220T1 Geosystems P1 YR
2019-03-04 20:48:09,041|INFO|23972|2
2019-03-04 20:48:09,042|INFO|23972|Section 318561-08: Jurj Course 318561 AP Computer Science A plus Data Structures P3 YR
2019-03-04 20:48:09,042|INFO|23972|2
2019-03-04 20:48:09,042|INFO|23972|Section 3190T1-02: Scott Course 3190T1 TJHSST Research & Statistics 1 P6 S1
2019-03-04 20:48:09,042|INFO|23972|2
2019-03-04 20:48:09,043|INFO|23972|Section 2221T1-11: Sacks Course 2221T1 World History and Geography 2 Honors P5 YR
2019-03-04 20:48:09,043|INFO|23972|7
2019-03-04 20:48:09,043|INFO|23972|Section 3184T1-01: Billington Course 3184T1 Foundations of Computer Science P7 YR
2019-03-04 20:48:09,043|INFO|23972|6
2019-03-04 20:48:09,043|INFO|23972|Section 4220T1-13: Woodwell Course 4220T1 Geosystems P2 YR
2019-03-04 20:48:09,044|INFO|23972|5
2019-03-04 20:48:11,571|INFO|23972|New:
2019-03-04 20:48:11,645|INFO|23972|St base: 42572.00, St addl: 559.22, S conflict: -810.00, T conflict: 0.00, Per spread: -202.03, Sec penalty: 0.00
2019-03-04 20:48:11,645|INFO|23972|42572
2019-03-04 20:48:11,645|INFO|23972|42929.189360797165
2019-03-04 20:48:11,645|INFO|23972|Old:
2019-03-04 20:48:11,723|INFO|23972|St base: 42963.00, St addl: 559.22, S conflict: -465.00, T conflict: 0.00, Per spread: -199.09, Sec penalty: 0.00
2019-03-04 20:48:11,723|INFO|23972|42963
2019-03-04 20:48:11,723|INFO|23972|43323.132955186345
2019-03-04 20:48:11,971|INFO|23972|Round 54: score 43323.13 (42963.00). Elapsed time: 4 min, 9.78 sec.
2019-03-04 20:48:12,069|INFO|23972|Section 1130T1-10: Lang Boswell Course 1130T1 English 9 P4 YR
2019-03-04 20:48:12,069|INFO|23972|7
2019-03-04 20:48:12,070|INFO|23972|Section 517004-02: Van De Kamp Washington Course 517004 AP French Language P2 YR
2019-03-04 20:48:12,070|INFO|23972|4
2019-03-04 20:48:12,070|INFO|23972|Section 313754-17: Schmitt Course 313754 TJHSST Math 4 P1 S1
2019-03-04 20:48:12,071|INFO|23972|4
2019-03-04 20:48:12,071|INFO|23972|Section 2420T1-03: Zack Course 2420T1 Law and Society P4 S1
2019-03-04 20:48:12,071|INFO|23972|5
2019-03-04 20:48:12,071|INFO|23972|Section 2221T1-09: Porcelli Course 2221T1 World History and Geography 2 Honors P2 YR
2019-03-04 20:48:12,072|INFO|23972|1
2019-03-04 20:48:12,072|INFO|23972|Section 313753-14: Scott Course 313753 TJHSST Math 3 P3 S2
2019-03-04 20:48:12,072|INFO|23972|4
2019-03-04 20:48:12,072|INFO|23972|Section 319916-01: Zacharias Course 319916 Computer Vision P7 S1
2019-03-04 20:48:12,072|INFO|23972|5
2019-03-04 20:48:12,072|INFO|23972|Section 4320T5-01: Hannum Course 4320T5 Neuroscience Research P1 S1
2019-03-04 20:48:12,072|INFO|23972|2
2019-03-04 20:48:12,073|INFO|23972|Section 1150T1-04: Glover Course 1150T1 English 11 (teamed with AP US History) P7 YR
2019-03-04 20:48:12,073|INFO|23972|4
2019-03-04 20:48:14,632|INFO|23972|New:
2019-03-04 20:48:14,698|INFO|23972|St base: 42816.00, St addl: 562.30, S conflict: -792.00, T conflict: -10000.00, Per spread: -201.44, Sec penalty: 0.00
2019-03-04 20:48:14,698|INFO|23972|32816
2019-03-04 20:48:14,698|INFO|23972|33176.85850485982
2019-03-04 20:48:14,698|INFO|23972|Old:
2019-03-04 20:48:14,768|INFO|23972|St base: 42963.00, St addl: 559.22, S conflict: -465.00, T conflict: 0.00, Per spread: -199.09, Sec penalty: 0.00
2019-03-04 20:48:14,768|INFO|23972|42963
2019-03-04 20:48:14,768|INFO|23972|43323.132955186345
2019-03-04 20:48:14,856|INFO|23972|Saving schedule. (54)
2019-03-04 20:48:15,765|INFO|23972|Round 55: score 43323.13 (42963.00). Elapsed time: 4 min, 13.57 sec.
2019-03-04 20:48:15,863|INFO|23972|Section 9826T1-01: Bell Course 9826T1 Advanced Microprocessor System Design P1 S1
2019-03-04 20:48:15,863|INFO|23972|3
2019-03-04 20:48:15,864|INFO|23972|Section 1150T1-06: Kochman Course 1150T1 English 11 (teamed with AP US History) P3 YR
2019-03-04 20:48:15,864|INFO|23972|6
2019-03-04 20:48:15,864|INFO|23972|Section 316055-05: Lampazzi Course 316055 TJHSST Math 5 P6 S1
2019-03-04 20:48:15,864|INFO|23972|1
2019-03-04 20:48:15,864|INFO|23972|Section 3184T1-04: Eckel Course 3184T1 Foundations of Computer Science P2 YR
2019-03-04 20:48:15,865|INFO|23972|7
2019-03-04 20:48:15,865|INFO|23972|Section 730000-04: Stile Course 730000 Health and Physical Education 9 P2 YR
2019-03-04 20:48:15,865|INFO|23972|7
2019-03-04 20:48:15,865|INFO|23972|Section 535000-01: Conklin Course 535000 Latin 5 P3 YR
2019-03-04 20:48:15,865|INFO|23972|5
2019-03-04 20:48:18,490|INFO|23972|New:
2019-03-04 20:48:18,587|INFO|23972|St base: 43054.00, St addl: 564.52, S conflict: -666.00, T conflict: 0.00, Per spread: -199.09, Sec penalty: 0.00
2019-03-04 20:48:18,587|INFO|23972|43054
2019-03-04 20:48:18,587|INFO|23972|43419.4342537341
2019-03-04 20:48:18,587|INFO|23972|Old:
2019-03-04 20:48:18,659|INFO|23972|St base: 42963.00, St addl: 559.22, S conflict: -465.00, T conflict: 0.00, Per spread: -199.09, Sec penalty: 0.00
2019-03-04 20:48:18,659|INFO|23972|42963
2019-03-04 20:48:18,659|INFO|23972|43323.132955186345
2019-03-04 20:48:18,896|INFO|23972|Round 56: score 43417.78 (43054.00). Elapsed time: 4 min, 16.70 sec.
2019-03-04 20:48:18,969|INFO|23972|Section 4320T7-04: Cobb Course 4320T7 DNA Science 2 P3 S2
2019-03-04 20:48:18,969|INFO|23972|2
2019-03-04 20:48:18,970|INFO|23972|Section 4260T4-01: Hennig Course 4260T4 Advanced Astronomy: The Solar System P6 S1
2019-03-04 20:48:18,970|INFO|23972|2
2019-03-04 20:48:18,970|INFO|23972|Section 319800-03: Spoden Course 319800 Matrix Algebra P1 S2
2019-03-04 20:48:18,970|INFO|23972|2
2019-03-04 20:48:18,970|INFO|23972|Section 319966-07: Vacancy Course 319966 Artificial Intelligence 1 P7 S1
2019-03-04 20:48:18,970|INFO|23972|1
2019-03-04 20:48:18,971|INFO|23972|Section 3190T1-07: Lightner Course 3190T1 TJHSST Research & Statistics 1 P2 S1
2019-03-04 20:48:18,971|INFO|23972|3
2019-03-04 20:48:18,971|INFO|23972|Section 4320T3-01: Cobb Course 4320T3 Life Sciences and Biotechnology Research P1 YR
2019-03-04 20:48:18,971|INFO|23972|4
2019-03-04 20:48:18,971|INFO|23972|Section 923816-04: Bailey Course 923816 Intermediate Orchestra (Concert) P5 YR
2019-03-04 20:48:18,971|INFO|23972|1
2019-03-04 20:48:18,972|INFO|23972|Section 553000-06: Gendive Course 553000 Spanish 3 P4 YR
2019-03-04 20:48:18,972|INFO|23972|6
2019-03-04 20:48:18,972|INFO|23972|Section 316056-01: Gabriel Course 316056 TJHSST Math 6 P2 S2
2019-03-04 20:48:18,972|INFO|23972|3
2019-03-04 20:48:21,459|INFO|23972|New:
2019-03-04 20:48:21,535|INFO|23972|St base: 42876.00, St addl: 558.50, S conflict: -822.00, T conflict: 0.00, Per spread: -195.09, Sec penalty: 0.00
2019-03-04 20:48:21,535|INFO|23972|42876
2019-03-04 20:48:21,535|INFO|23972|43239.40613798249
2019-03-04 20:48:21,535|INFO|23972|Old:
2019-03-04 20:48:21,621|INFO|23972|St base: 43054.00, St addl: 557.73, S conflict: -666.00, T conflict: 0.00, Per spread: -193.94, Sec penalty: 0.00
2019-03-04 20:48:21,621|INFO|23972|43054
2019-03-04 20:48:21,621|INFO|23972|43417.78278816118
2019-03-04 20:48:21,867|INFO|23972|Round 57: score 43417.78 (43054.00). Elapsed time: 4 min, 19.67 sec.
2019-03-04 20:48:21,948|INFO|23972|Section 3199T0-02: Eckel Course 3199T0 Cryptography P1 S2
2019-03-04 20:48:21,948|INFO|23972|5
2019-03-04 20:48:21,949|INFO|23972|Section 557004-01: Mateo Course 557004 AP Spanish Language P3 YR
2019-03-04 20:48:21,949|INFO|23972|6
2019-03-04 20:48:21,949|INFO|23972|Section 2221T1-19: Sacks Course 2221T1 World History and Geography 2 Honors P3 YR
2019-03-04 20:48:21,949|INFO|23972|7
2019-03-04 20:48:21,949|INFO|23972|Section 441000-04: Jones Course 441000 Chemistry 1 (CHUM) P4 YR
2019-03-04 20:48:21,949|INFO|23972|2
2019-03-04 20:48:21,950|INFO|23972|Section 143032-01: Lowery Course 143032 Theatre Arts 3 P7 S1
2019-03-04 20:48:21,950|INFO|23972|5
2019-03-04 20:48:21,950|INFO|23972|Section 119604-04: Seavey Course 119604 AP English 12 Language and Composition P7 YR
2019-03-04 20:48:21,950|INFO|23972|1
2019-03-04 20:48:21,950|INFO|23972|Section 9826T5-02: Bell Course 9826T5 Advanced Analog Electronics P2 S1
2019-03-04 20:48:21,950|INFO|23972|7
2019-03-04 20:48:21,951|INFO|23972|Section 512000-02: Delfosse Course 512000 French 2 P3 YR
2019-03-04 20:48:21,951|INFO|23972|5
2019-03-04 20:48:24,296|INFO|23972|New:
2019-03-04 20:48:24,368|INFO|23972|St base: 42829.00, St addl: 559.12, S conflict: -879.00, T conflict: 0.00, Per spread: -190.50, Sec penalty: 0.00
2019-03-04 20:48:24,368|INFO|23972|42829
2019-03-04 20:48:24,368|INFO|23972|43197.615676345216
2019-03-04 20:48:24,368|INFO|23972|Old:
2019-03-04 20:48:24,439|INFO|23972|St base: 43054.00, St addl: 557.73, S conflict: -666.00, T conflict: 0.00, Per spread: -193.94, Sec penalty: 0.00
2019-03-04 20:48:24,439|INFO|23972|43054
2019-03-04 20:48:24,439|INFO|23972|43417.78278816118
2019-03-04 20:48:24,518|INFO|23972|Saving schedule. (57)
2019-03-04 20:48:25,408|INFO|23972|Round 58: score 43417.78 (43054.00). Elapsed time: 4 min, 23.21 sec.
2019-03-04 20:48:25,591|INFO|23972|Section 3190T1-05: Jurj Course 3190T1 TJHSST Research & Statistics 1 P2 S1
2019-03-04 20:48:25,591|INFO|23972|1
2019-03-04 20:48:25,592|INFO|23972|Section 319800-01: Osborne Course 319800 Matrix Algebra P5 S2
2019-03-04 20:48:25,592|INFO|23972|6
2019-03-04 20:48:25,592|INFO|23972|Section 290204-03: Muir Course 290204 AP Psychology P1 YR
2019-03-04 20:48:25,592|INFO|23972|2
2019-03-04 20:48:25,592|INFO|23972|Section 317704-02: Auerbach Course 317704 AP Calculus BC P1 YR
2019-03-04 20:48:25,593|INFO|23972|3
2019-03-04 20:48:25,593|INFO|23972|Section 1140T1-10: Pollet Course 1140T1 English 10 P5 YR
2019-03-04 20:48:25,593|INFO|23972|4
2019-03-04 20:48:28,008|INFO|23972|New:
2019-03-04 20:48:28,077|INFO|23972|St base: 42892.00, St addl: 560.37, S conflict: -780.00, T conflict: 0.00, Per spread: -194.52, Sec penalty: 0.00
2019-03-04 20:48:28,077|INFO|23972|42892
2019-03-04 20:48:28,077|INFO|23972|43257.857916344394
2019-03-04 20:48:28,077|INFO|23972|Old:
2019-03-04 20:48:28,143|INFO|23972|St base: 43054.00, St addl: 557.73, S conflict: -666.00, T conflict: 0.00, Per spread: -193.94, Sec penalty: 0.00
2019-03-04 20:48:28,144|INFO|23972|43054
2019-03-04 20:48:28,144|INFO|23972|43417.78278816118
2019-03-04 20:48:28,348|INFO|23972|Round 59: score 43417.78 (43054.00). Elapsed time: 4 min, 26.15 sec.
2019-03-04 20:48:28,425|INFO|23972|Section 4320T8-01: Locklear Course 4320T8 Neurobiology P6 S1
2019-03-04 20:48:28,425|INFO|23972|5
2019-03-04 20:48:28,425|INFO|23972|Section 553000-05: Rayas Abundis Course 553000 Spanish 3 P1 YR
2019-03-04 20:48:28,425|INFO|23972|3
2019-03-04 20:48:28,425|INFO|23972|Section 521000-01: Oszko Course 521000 German 1 P7 YR
2019-03-04 20:48:28,425|INFO|23972|1
2019-03-04 20:48:28,426|INFO|23972|Section 4510T1-11: Smith Course 4510T1 Physics 1 P7 YR
2019-03-04 20:48:28,426|INFO|23972|6
2019-03-04 20:48:30,723|INFO|23972|New:
2019-03-04 20:48:30,792|INFO|23972|St base: 43039.00, St addl: 555.82, S conflict: -711.00, T conflict: 0.00, Per spread: -193.18, Sec penalty: 0.00
2019-03-04 20:48:30,792|INFO|23972|43039
2019-03-04 20:48:30,792|INFO|23972|43401.64076040745
2019-03-04 20:48:30,792|INFO|23972|Old:
2019-03-04 20:48:30,859|INFO|23972|St base: 43054.00, St addl: 557.73, S conflict: -666.00, T conflict: 0.00, Per spread: -193.94, Sec penalty: 0.00
2019-03-04 20:48:30,859|INFO|23972|43054
2019-03-04 20:48:30,859|INFO|23972|43417.78278816118
2019-03-04 20:48:31,074|INFO|23972|Round 60: score 43417.78 (43054.00). Elapsed time: 4 min, 28.88 sec.
2019-03-04 20:48:31,152|INFO|23972|Section 316055-01: Auerbach Course 316055 TJHSST Math 5 P4 S1
2019-03-04 20:48:31,152|INFO|23972|3
2019-03-04 20:48:31,152|INFO|23972|Section 1140T1-06: Lebryk-Chao Course 1140T1 English 10 P7 YR
2019-03-04 20:48:31,152|INFO|23972|6
2019-03-04 20:48:31,153|INFO|23972|Section 3199J2-02: Galanos Course 3199J2 Mobile Application Development P1 S1
2019-03-04 20:48:31,153|INFO|23972|5
2019-03-04 20:48:31,153|INFO|23972|Section 437004-02: Del Cerro Course 437004 AP Biology P6 YR
2019-03-04 20:48:31,153|INFO|23972|4
2019-03-04 20:48:31,153|INFO|23972|Section 319800-02: Osborne Course 319800 Matrix Algebra P3 S2
2019-03-04 20:48:31,153|INFO|23972|2
2019-03-04 20:48:31,154|INFO|23972|Section 231905-10: Field Course 231905 AP US History P1 YR
2019-03-04 20:48:31,154|INFO|23972|5
2019-03-04 20:48:31,154|INFO|23972|Section 119604-02: Laffey Course 119604 AP English 12 Language and Composition P6 YR
2019-03-04 20:48:31,154|INFO|23972|3
2019-03-04 20:48:31,154|INFO|23972|Section 4410T1-03: Chhabra Course 4410T1 Chemistry 1 P1 YR
2019-03-04 20:48:31,154|INFO|23972|5
2019-03-04 20:48:33,604|INFO|23972|New:
2019-03-04 20:48:33,674|INFO|23972|St base: 42850.00, St addl: 556.58, S conflict: -846.00, T conflict: 0.00, Per spread: -192.99, Sec penalty: 0.00
2019-03-04 20:48:33,675|INFO|23972|42850
2019-03-04 20:48:33,675|INFO|23972|43213.5948860549
2019-03-04 20:48:33,675|INFO|23972|Old:
2019-03-04 20:48:33,747|INFO|23972|St base: 43054.00, St addl: 557.73, S conflict: -666.00, T conflict: 0.00, Per spread: -193.94, Sec penalty: 0.00
2019-03-04 20:48:33,747|INFO|23972|43054
2019-03-04 20:48:33,747|INFO|23972|43417.78278816118
2019-03-04 20:48:33,828|INFO|23972|Saving schedule. (60)
2019-03-04 20:48:34,526|INFO|23972|Round 61: score 43417.78 (43054.00). Elapsed time: 4 min, 32.33 sec.
2019-03-04 20:48:57,758|INFO|23972|New:
2019-03-04 20:48:57,835|INFO|23972|St base: 43190.00, St addl: 554.51, S conflict: -606.00, T conflict: 0.00, Per spread: -193.94, Sec penalty: 0.00
2019-03-04 20:48:57,836|INFO|23972|43190
2019-03-04 20:48:57,836|INFO|23972|43550.5671064697
2019-03-04 20:48:57,836|INFO|23972|Old:
2019-03-04 20:48:57,906|INFO|23972|St base: 43054.00, St addl: 557.73, S conflict: -666.00, T conflict: 0.00, Per spread: -193.94, Sec penalty: 0.00
2019-03-04 20:48:57,906|INFO|23972|43054
2019-03-04 20:48:57,906|INFO|23972|43417.78278816118
2019-03-04 20:48:57,994|INFO|23972|Saving schedule. (61)
2019-03-04 20:48:58,803|INFO|23972|Round 62: score 43548.01 (43190.00). Elapsed time: 4 min, 56.61 sec.
2019-03-04 20:48:58,884|INFO|23972|Section 313754-16: Schmitt Course 313754 TJHSST Math 4 P2 S1
2019-03-04 20:48:58,884|INFO|23972|6
2019-03-04 20:48:58,884|INFO|23972|Section 740500-04: Smith Course 740500 Health and Physical Education 10 with Driver Education P7 YR
2019-03-04 20:48:58,884|INFO|23972|4
2019-03-04 20:48:58,884|INFO|23972|Section 1150T1-16: Miller Course 1150T1 English 11 (teamed with AP US History) P7 YR
2019-03-04 20:48:58,884|INFO|23972|4
2019-03-04 20:48:58,885|INFO|23972|Section 4520T9-01: Dell Course 4520T9 Relativity, Electrodynamics, and Quantum Mechanics P3 YR
2019-03-04 20:48:58,885|INFO|23972|1
2019-03-04 20:48:58,885|INFO|23972|Section 119604-04: Seavey Course 119604 AP English 12 Language and Composition P7 YR
2019-03-04 20:48:58,885|INFO|23972|1
2019-03-04 20:48:58,885|INFO|23972|Section 119604-05: Williams Course 119604 AP English 12 Language and Composition P5 YR
2019-03-04 20:48:58,885|INFO|23972|4
2019-03-04 20:48:58,886|INFO|23972|Section 244504-04: Hamrick Course 244504 AP US Government and Politics P6 YR
2019-03-04 20:48:58,886|INFO|23972|2
2019-03-04 20:48:58,886|INFO|23972|Section 000932-12: Teacherless Course 000933 See Counselor P4 S2
2019-03-04 20:48:58,886|INFO|23972|4
2019-03-04 20:49:01,628|INFO|23972|New:
2019-03-04 20:49:01,709|INFO|23972|St base: 42920.00, St addl: 543.37, S conflict: -960.00, T conflict: 0.00, Per spread: -186.93, Sec penalty: 0.00
2019-03-04 20:49:01,709|INFO|23972|42920
2019-03-04 20:49:01,709|INFO|23972|43276.43635228616
2019-03-04 20:49:01,709|INFO|23972|Old:
2019-03-04 20:49:01,788|INFO|23972|St base: 43190.00, St addl: 544.38, S conflict: -606.00, T conflict: 0.00, Per spread: -186.38, Sec penalty: 0.00
2019-03-04 20:49:01,789|INFO|23972|43190
2019-03-04 20:49:01,789|INFO|23972|43548.005353675835
2019-03-04 20:49:02,039|INFO|23972|Round 63: score 43548.01 (43190.00). Elapsed time: 4 min, 59.84 sec.
2019-03-04 20:49:02,132|INFO|23972|Section 9828T3-01: Piccione Course 9828T3 Engineering Design Research P7 YR
2019-03-04 20:49:02,132|INFO|23972|1
2019-03-04 20:49:02,133|INFO|23972|Section 3190T1-07: Lightner Course 3190T1 TJHSST Research & Statistics 1 P2 S1
2019-03-04 20:49:02,133|INFO|23972|3
2019-03-04 20:49:02,133|INFO|23972|Section 231905-10: Field Course 231905 AP US History P1 YR
2019-03-04 20:49:02,133|INFO|23972|7
2019-03-04 20:49:02,134|INFO|23972|Section 923415-01: Foreman Course 923415 Symphonic Wind Ensemble Band (Advanced/Artist Level) P2 YR
2019-03-04 20:49:02,134|INFO|23972|7
2019-03-04 20:49:02,134|INFO|23972|Section 231905-14: Bourjaily Course 231905 AP US History P3 YR
2019-03-04 20:49:02,134|INFO|23972|6
2019-03-04 20:49:02,135|INFO|23972|Section 121600-01: Harris Course 121600 Photo Journalism 2 P5 YR
2019-03-04 20:49:02,135|INFO|23972|2
2019-03-04 20:49:02,135|INFO|23972|Section 222100-01: Waters Course 222100 World History & Geography 2 (CHUM) P1 YR
2019-03-04 20:49:02,135|INFO|23972|2
2019-03-04 20:49:04,571|INFO|23972|New:
2019-03-04 20:49:04,637|INFO|23972|St base: 43027.00, St addl: 554.13, S conflict: -885.00, T conflict: 0.00, Per spread: -187.30, Sec penalty: 0.00
2019-03-04 20:49:04,638|INFO|23972|43027
2019-03-04 20:49:04,638|INFO|23972|43393.8320394271
2019-03-04 20:49:04,638|INFO|23972|Old:
2019-03-04 20:49:04,710|INFO|23972|St base: 43190.00, St addl: 544.38, S conflict: -606.00, T conflict: 0.00, Per spread: -186.38, Sec penalty: 0.00
2019-03-04 20:49:04,711|INFO|23972|43190
2019-03-04 20:49:04,711|INFO|23972|43548.005353675835
2019-03-04 20:49:04,799|INFO|23972|Saving schedule. (63)
2019-03-04 20:49:05,594|INFO|23972|Round 64: score 43548.01 (43190.00). Elapsed time: 5 min, 3.40 sec.
2019-03-04 20:49:05,678|INFO|23972|Section 4520T9-02: Dell Course 4520T9 Relativity, Electrodynamics, and Quantum Mechanics P7 YR
2019-03-04 20:49:05,678|INFO|23972|5
2019-03-04 20:49:05,678|INFO|23972|Section 000932-18: Teacherless Course 000933 See Counselor P6 S2
2019-03-04 20:49:05,678|INFO|23972|6
2019-03-04 20:49:05,679|INFO|23972|Section 2420T1-04: Zack Course 2420T1 Law and Society P4 S2
2019-03-04 20:49:05,679|INFO|23972|1
2019-03-04 20:49:05,679|INFO|23972|Section 000932-02: Teacherless Course 000933 See Counselor P1 S1
2019-03-04 20:49:05,679|INFO|23972|1
2019-03-04 20:49:05,679|INFO|23972|Section 513000-01: Van De Kamp Washington Course 513000 French 3 P4 YR
2019-03-04 20:49:05,679|INFO|23972|7
2019-03-04 20:49:05,680|INFO|23972|Section 1130T1-10: Lang Boswell Course 1130T1 English 9 P4 YR
2019-03-04 20:49:05,680|INFO|23972|1
2019-03-04 20:49:08,165|INFO|23972|New:
2019-03-04 20:49:08,233|INFO|23972|St base: 43002.00, St addl: 545.32, S conflict: -828.00, T conflict: 0.00, Per spread: -185.28, Sec penalty: 0.00
2019-03-04 20:49:08,233|INFO|23972|43002
2019-03-04 20:49:08,233|INFO|23972|43362.04603493332
2019-03-04 20:49:08,233|INFO|23972|Old:
2019-03-04 20:49:08,297|INFO|23972|St base: 43190.00, St addl: 544.38, S conflict: -606.00, T conflict: 0.00, Per spread: -186.38, Sec penalty: 0.00
2019-03-04 20:49:08,298|INFO|23972|43190
2019-03-04 20:49:08,298|INFO|23972|43548.005353675835
2019-03-04 20:49:08,496|INFO|23972|Round 65: score 43548.01 (43190.00). Elapsed time: 5 min, 6.30 sec.
2019-03-04 20:49:08,575|INFO|23972|Section 313754-10: Hill Course 313754 TJHSST Math 4 P6 S1
2019-03-04 20:49:08,575|INFO|23972|7
2019-03-04 20:49:08,575|INFO|23972|Section 9828T0-02: Behling Course 9828T0 Prototyping 1 P7 S1
2019-03-04 20:49:08,575|INFO|23972|4
2019-03-04 20:49:08,576|INFO|23972|Section 121600-01: Harris Course 121600 Photo Journalism 2 P5 YR
2019-03-04 20:49:08,576|INFO|23972|7
2019-03-04 20:49:08,576|INFO|23972|Section 3199TA-01: Carey Course 3199TA Probability Theory P7 S2
2019-03-04 20:49:08,576|INFO|23972|2
2019-03-04 20:49:08,576|INFO|23972|Section 9828T1-01: Piccione Course 9828T1 Energy Systems Research P1 YR
2019-03-04 20:49:08,577|INFO|23972|5
2019-03-04 20:49:10,864|INFO|23972|New:
2019-03-04 20:49:10,928|INFO|23972|St base: 43039.00, St addl: 545.28, S conflict: -735.00, T conflict: 0.00, Per spread: -186.20, Sec penalty: 0.00
2019-03-04 20:49:10,928|INFO|23972|43039
2019-03-04 20:49:10,928|INFO|23972|43398.08598453558
2019-03-04 20:49:10,928|INFO|23972|Old:
2019-03-04 20:49:10,993|INFO|23972|St base: 43190.00, St addl: 544.38, S conflict: -606.00, T conflict: 0.00, Per spread: -186.38, Sec penalty: 0.00
2019-03-04 20:49:10,993|INFO|23972|43190
2019-03-04 20:49:10,993|INFO|23972|43548.005353675835
2019-03-04 20:49:11,203|INFO|23972|Round 66: score 43548.01 (43190.00). Elapsed time: 5 min, 9.01 sec.
2019-03-04 20:49:11,387|INFO|23972|Section 1130T1-15: Glover Course 1130T1 English 9 P2 YR
2019-03-04 20:49:11,387|INFO|23972|6
2019-03-04 20:49:11,388|INFO|23972|Section 740500-03: Arthur Course 740500 Health and Physical Education 10 with Driver Education P1 YR
2019-03-04 20:49:11,388|INFO|23972|4
2019-03-04 20:49:11,388|INFO|23972|Section 3190T1-11: Stickler Course 3190T1 TJHSST Research & Statistics 1 P6 S1
2019-03-04 20:49:11,388|INFO|23972|1
2019-03-04 20:49:11,388|INFO|23972|Section 447004-02: Kauffman Course 447004 AP Chemistry P4 YR
2019-03-04 20:49:11,388|INFO|23972|1
2019-03-04 20:49:12,472|ERROR|23972|Traceback (most recent call last):
2019-03-04 20:49:12,472|ERROR|23972|File "back_end/run_schedule.py", line 73, in <module>
2019-03-04 20:49:12,472|ERROR|23972|main()
2019-03-04 20:49:12,472|ERROR|23972|File "back_end/run_schedule.py", line 69, in main
2019-03-04 20:49:12,473|ERROR|23972|run_scheduler(save=None)#"2019_02_25__19_27_42")#"2019_02_22__18_12_46")#"2019_01_16__20_53_43")
2019-03-04 20:49:12,473|ERROR|23972|File "back_end/run_schedule.py", line 65, in run_scheduler
2019-03-04 20:49:12,473|ERROR|23972|solver.solve(verbose=0, print_every=1)
2019-03-04 20:49:12,473|ERROR|23972|File "/web/projects/schedule/back_end/genetic_algorithm.py", line 669, in solve
2019-03-04 20:49:12,474|ERROR|23972|new_organism.optimize_student(i,max_it=1)
2019-03-04 20:49:12,474|ERROR|23972|File "/web/projects/schedule/back_end/genetic_algorithm.py", line 544, in optimize_student
2019-03-04 20:49:12,474|ERROR|23972|new_score = self.score_student(student)[0]
2019-03-04 20:49:12,474|ERROR|23972|File "/web/projects/schedule/back_end/genetic_algorithm.py", line 335, in score_student
2019-03-04 20:49:12,474|ERROR|23972|st_conflict_score,addl_score=self.score_student_sections(student)
2019-03-04 20:49:12,475|ERROR|23972|File "/web/projects/schedule/back_end/genetic_algorithm.py", line 360, in score_student_sections
2019-03-04 20:49:12,475|ERROR|23972|addl_score += self.rare_class_bonus * len(self.course_sections[j.course]) ** -2.5
2019-03-04 20:49:12,475|ERROR|23972|KeyboardInterrupt
